<?xml version="1.0" encoding="UTF-8" ?>
<testsuite tests="1" failures="0" name="com.expeditors.training.course3demo.controller.ProductControllerTest" time="0.706" errors="1" skipped="0">
  <properties>
[...]
</properties>
  <testcase classname="com.expeditors.training.course3demo.controller.ProductControllerTest" name="testGetProduct" time="0.706">
    <error message="Failed to load ApplicationContext" type="java.lang.IllegalStateException">java.lang.IllegalStateException: Failed to load ApplicationContext
	at org.springframework.test.context.CacheAwareContextLoaderDelegate.loadContext(CacheAwareContextLoaderDelegate.java:99)
	at org.springframework.test.context.TestContext.getApplicationContext(TestContext.java:122)
	at org.springframework.test.context.web.ServletTestExecutionListener.setUpRequestContextIfNecessary(ServletTestExecutionListener.java:105)
	at org.springframework.test.context.web.ServletTestExecutionListener.prepareTestInstance(ServletTestExecutionListener.java:74)
	at org.springframework.test.context.TestContextManager.prepareTestInstance(TestContextManager.java:312)
	at org.springframework.test.context.junit4.SpringJUnit4ClassRunner.createTest(SpringJUnit4ClassRunner.java:211)
	at org.springframework.test.context.junit4.SpringJUnit4ClassRunner$1.runReflectiveCall(SpringJUnit4ClassRunner.java:288)
	at org.junit.internal.runners.model.ReflectiveCallable.run(ReflectiveCallable.java:12)
	at org.springframework.test.context.junit4.SpringJUnit4ClassRunner.methodBlock(SpringJUnit4ClassRunner.java:284)
	at org.springframework.test.context.junit4.SpringJUnit4ClassRunner.runChild(SpringJUnit4ClassRunner.java:231)
	at org.springframework.test.context.junit4.SpringJUnit4ClassRunner.runChild(SpringJUnit4ClassRunner.java:88)
	at org.junit.runners.ParentRunner$3.run(ParentRunner.java:238)
	at org.junit.runners.ParentRunner$1.schedule(ParentRunner.java:63)
	at org.junit.runners.ParentRunner.runChildren(ParentRunner.java:236)
	at org.junit.runners.ParentRunner.access$000(ParentRunner.java:53)
	at org.junit.runners.ParentRunner$2.evaluate(ParentRunner.java:229)
	at org.springframework.test.context.junit4.statements.RunBeforeTestClassCallbacks.evaluate(RunBeforeTestClassCallbacks.java:61)
	at org.springframework.test.context.junit4.statements.RunAfterTestClassCallbacks.evaluate(RunAfterTestClassCallbacks.java:71)
	at org.junit.runners.ParentRunner.run(ParentRunner.java:309)
	at org.springframework.test.context.junit4.SpringJUnit4ClassRunner.run(SpringJUnit4ClassRunner.java:174)
	at org.apache.maven.surefire.junit4.JUnit4Provider.execute(JUnit4Provider.java:252)
	at org.apache.maven.surefire.junit4.JUnit4Provider.executeTestSet(JUnit4Provider.java:141)
	at org.apache.maven.surefire.junit4.JUnit4Provider.invoke(JUnit4Provider.java:112)
	at sun.reflect.NativeMethodAccessorImpl.invoke0(Native Method)
	at sun.reflect.NativeMethodAccessorImpl.invoke(NativeMethodAccessorImpl.java:62)
	at sun.reflect.DelegatingMethodAccessorImpl.invoke(DelegatingMethodAccessorImpl.java:43)
	at java.lang.reflect.Method.invoke(Method.java:483)
	at org.apache.maven.surefire.util.ReflectionUtils.invokeMethodWithArray(ReflectionUtils.java:189)
	at org.apache.maven.surefire.booter.ProviderFactory$ProviderProxy.invoke(ProviderFactory.java:165)
	at org.apache.maven.surefire.booter.ProviderFactory.invokeProvider(ProviderFactory.java:85)
	at org.apache.maven.surefire.booter.ForkedBooter.runSuitesInProcess(ForkedBooter.java:115)
	at org.apache.maven.surefire.booter.ForkedBooter.main(ForkedBooter.java:75)
Caused by: org.springframework.beans.factory.BeanCreationException: Error creating bean with name &apos;cardController&apos;: Injection of autowired dependencies failed; nested exception is org.springframework.beans.factory.BeanCreationException: Could not autowire field: com.expeditors.training.course3demo.service.CardService com.expeditors.training.course3demo.controller.CardController.cardService; nested exception is org.springframework.beans.factory.NoSuchBeanDefinitionException: No qualifying bean of type [com.expeditors.training.course3demo.service.CardService] found for dependency: expected at least 1 bean which qualifies as autowire candidate for this dependency. Dependency annotations: {@org.springframework.beans.factory.annotation.Autowired(required=true)}
	at org.springframework.beans.factory.annotation.AutowiredAnnotationBeanPostProcessor.postProcessPropertyValues(AutowiredAnnotationBeanPostProcessor.java:288)
	at org.springframework.beans.factory.support.AbstractAutowireCapableBeanFactory.populateBean(AbstractAutowireCapableBeanFactory.java:1116)
	at org.springframework.beans.factory.support.AbstractAutowireCapableBeanFactory.doCreateBean(AbstractAutowireCapableBeanFactory.java:519)
	at org.springframework.beans.factory.support.AbstractAutowireCapableBeanFactory.createBean(AbstractAutowireCapableBeanFactory.java:458)
	at org.springframework.beans.factory.support.AbstractBeanFactory$1.getObject(AbstractBeanFactory.java:295)
	at org.springframework.beans.factory.support.DefaultSingletonBeanRegistry.getSingleton(DefaultSingletonBeanRegistry.java:223)
	at org.springframework.beans.factory.support.AbstractBeanFactory.doGetBean(AbstractBeanFactory.java:292)
	at org.springframework.beans.factory.support.AbstractBeanFactory.getBean(AbstractBeanFactory.java:194)
	at org.springframework.beans.factory.support.DefaultListableBeanFactory.preInstantiateSingletons(DefaultListableBeanFactory.java:626)
	at org.springframework.context.support.AbstractApplicationContext.finishBeanFactoryInitialization(AbstractApplicationContext.java:932)
	at org.springframework.context.support.AbstractApplicationContext.refresh(AbstractApplicationContext.java:479)
	at org.springframework.test.context.web.AbstractGenericWebContextLoader.loadContext(AbstractGenericWebContextLoader.java:128)
	at org.springframework.test.context.web.AbstractGenericWebContextLoader.loadContext(AbstractGenericWebContextLoader.java:60)
	at org.springframework.test.context.support.AbstractDelegatingSmartContextLoader.delegateLoading(AbstractDelegatingSmartContextLoader.java:100)
	at org.springframework.test.context.support.AbstractDelegatingSmartContextLoader.loadContext(AbstractDelegatingSmartContextLoader.java:248)
	at org.springframework.test.context.CacheAwareContextLoaderDelegate.loadContextInternal(CacheAwareContextLoaderDelegate.java:64)
	at org.springframework.test.context.CacheAwareContextLoaderDelegate.loadContext(CacheAwareContextLoaderDelegate.java:91)
	... 31 more
Caused by: org.springframework.beans.factory.BeanCreationException: Could not autowire field: com.expeditors.training.course3demo.service.CardService com.expeditors.training.course3demo.controller.CardController.cardService; nested exception is org.springframework.beans.factory.NoSuchBeanDefinitionException: No qualifying bean of type [com.expeditors.training.course3demo.service.CardService] found for dependency: expected at least 1 bean which qualifies as autowire candidate for this dependency. Dependency annotations: {@org.springframework.beans.factory.annotation.Autowired(required=true)}
	at org.springframework.beans.factory.annotation.AutowiredAnnotationBeanPostProcessor$AutowiredFieldElement.inject(AutowiredAnnotationBeanPostProcessor.java:514)
	at org.springframework.beans.factory.annotation.InjectionMetadata.inject(InjectionMetadata.java:87)
	at org.springframework.beans.factory.annotation.AutowiredAnnotationBeanPostProcessor.postProcessPropertyValues(AutowiredAnnotationBeanPostProcessor.java:285)
	... 47 more
Caused by: org.springframework.beans.factory.NoSuchBeanDefinitionException: No qualifying bean of type [com.expeditors.training.course3demo.service.CardService] found for dependency: expected at least 1 bean which qualifies as autowire candidate for this dependency. Dependency annotations: {@org.springframework.beans.factory.annotation.Autowired(required=true)}
	at org.springframework.beans.factory.support.DefaultListableBeanFactory.raiseNoSuchBeanDefinitionException(DefaultListableBeanFactory.java:986)
	at org.springframework.beans.factory.support.DefaultListableBeanFactory.doResolveDependency(DefaultListableBeanFactory.java:856)
	at org.springframework.beans.factory.support.DefaultListableBeanFactory.resolveDependency(DefaultListableBeanFactory.java:768)
	at org.springframework.beans.factory.annotation.AutowiredAnnotationBeanPostProcessor$AutowiredFieldElement.inject(AutowiredAnnotationBeanPostProcessor.java:486)
	... 49 more
</error>
    <system-out>DEBUG DirtiesContextTestExecutionListener - After test class: context [[TestContext@60859f5a testClass = ContainerControllerTest, testInstance = [null], testMethod = [null], testException = [null], mergedContextConfiguration = [WebMergedContextConfiguration@1da51a35 testClass = ContainerControllerTest, locations = &apos;{}&apos;, classes = &apos;{class com.expeditors.training.course3demo.config.TestConfig}&apos;, contextInitializerClasses = &apos;[]&apos;, activeProfiles = &apos;{}&apos;, resourceBasePath = &apos;src/main/webapp&apos;, contextLoader = &apos;org.springframework.test.context.web.WebDelegatingSmartContextLoader&apos;, parent = [null]]]], dirtiesContext [false].
DEBUG SpringJUnit4ClassRunner - SpringJUnit4ClassRunner constructor called with [class com.expeditors.training.course3demo.controller.ProductControllerTest].
DEBUG AbstractDelegatingSmartContextLoader - Delegating to AnnotationConfigWebContextLoader to process context configuration [ContextConfigurationAttributes@1daf3b44 declaringClass = &apos;com.expeditors.training.course3demo.controller.ProductControllerTest&apos;, locations = &apos;{}&apos;, classes = &apos;{class com.expeditors.training.course3demo.config.TestConfig}&apos;, inheritLocations = true, initializers = &apos;{}&apos;, inheritInitializers = true, name = [null], contextLoaderClass = &apos;org.springframework.test.context.ContextLoader&apos;].
DEBUG ContextLoaderUtils - Could not find an &apos;annotation declaring class&apos; for annotation type [org.springframework.test.context.ActiveProfiles] and class [com.expeditors.training.course3demo.controller.ProductControllerTest]
DEBUG TestContextManager - @TestExecutionListeners is not present for class [class com.expeditors.training.course3demo.controller.ProductControllerTest]: using defaults.
DEBUG ProfileValueUtils - Retrieved @ProfileValueSourceConfiguration [null] for test class [com.expeditors.training.course3demo.controller.ProductControllerTest]
DEBUG ProfileValueUtils - Retrieved ProfileValueSource type [class org.springframework.test.annotation.SystemProfileValueSource] for class [com.expeditors.training.course3demo.controller.ProductControllerTest]
DEBUG ProfileValueUtils - Retrieved @ProfileValueSourceConfiguration [null] for test class [com.expeditors.training.course3demo.controller.ProductControllerTest]
DEBUG ProfileValueUtils - Retrieved ProfileValueSource type [class org.springframework.test.annotation.SystemProfileValueSource] for class [com.expeditors.training.course3demo.controller.ProductControllerTest]
DEBUG ProfileValueUtils - Retrieved @ProfileValueSourceConfiguration [null] for test class [com.expeditors.training.course3demo.controller.ProductControllerTest]
DEBUG ProfileValueUtils - Retrieved ProfileValueSource type [class org.springframework.test.annotation.SystemProfileValueSource] for class [com.expeditors.training.course3demo.controller.ProductControllerTest]
DEBUG AbstractDelegatingSmartContextLoader - Delegating to AnnotationConfigWebContextLoader to load context from [WebMergedContextConfiguration@7fd8c559 testClass = ProductControllerTest, locations = &apos;{}&apos;, classes = &apos;{class com.expeditors.training.course3demo.config.TestConfig}&apos;, contextInitializerClasses = &apos;[]&apos;, activeProfiles = &apos;{}&apos;, resourceBasePath = &apos;src/main/webapp&apos;, contextLoader = &apos;org.springframework.test.context.web.WebDelegatingSmartContextLoader&apos;, parent = [null]].
DEBUG AbstractGenericWebContextLoader - Loading WebApplicationContext for merged context configuration [WebMergedContextConfiguration@7fd8c559 testClass = ProductControllerTest, locations = &apos;{}&apos;, classes = &apos;{class com.expeditors.training.course3demo.config.TestConfig}&apos;, contextInitializerClasses = &apos;[]&apos;, activeProfiles = &apos;{}&apos;, resourceBasePath = &apos;src/main/webapp&apos;, contextLoader = &apos;org.springframework.test.context.web.WebDelegatingSmartContextLoader&apos;, parent = [null]].
DEBUG StandardServletEnvironment - Initializing new StandardServletEnvironment
DEBUG StandardServletEnvironment - Adding [servletConfigInitParams] PropertySource with lowest search precedence
DEBUG StandardServletEnvironment - Adding [servletContextInitParams] PropertySource with lowest search precedence
DEBUG StandardServletEnvironment - Adding [jndiProperties] PropertySource with lowest search precedence
DEBUG StandardServletEnvironment - Adding [systemProperties] PropertySource with lowest search precedence
DEBUG StandardServletEnvironment - Adding [systemEnvironment] PropertySource with lowest search precedence
DEBUG StandardServletEnvironment - Initialized StandardServletEnvironment with PropertySources [servletConfigInitParams,servletContextInitParams,jndiProperties,systemProperties,systemEnvironment]
DEBUG AnnotationConfigWebContextLoader - Registering annotated classes: {class com.expeditors.training.course3demo.config.TestConfig}
INFO  GenericWebApplicationContext - Refreshing org.springframework.web.context.support.GenericWebApplicationContext@44c13103: startup date [Thu Mar 05 07:38:53 PST 2015]; root of context hierarchy
DEBUG StandardServletEnvironment - Replacing [servletContextInitParams] PropertySource with [servletContextInitParams]
DEBUG GenericWebApplicationContext - Bean factory for org.springframework.web.context.support.GenericWebApplicationContext@44c13103: org.springframework.beans.factory.support.DefaultListableBeanFactory@8f2098e: defining beans [org.springframework.context.annotation.internalConfigurationAnnotationProcessor,org.springframework.context.annotation.internalAutowiredAnnotationProcessor,org.springframework.context.annotation.internalRequiredAnnotationProcessor,org.springframework.context.annotation.internalCommonAnnotationProcessor,org.springframework.context.annotation.internalPersistenceAnnotationProcessor,testConfig]; root of factory hierarchy
DEBUG DefaultListableBeanFactory - Creating shared instance of singleton bean &apos;org.springframework.context.annotation.internalConfigurationAnnotationProcessor&apos;
DEBUG DefaultListableBeanFactory - Creating instance of bean &apos;org.springframework.context.annotation.internalConfigurationAnnotationProcessor&apos;
DEBUG DefaultListableBeanFactory - Eagerly caching bean &apos;org.springframework.context.annotation.internalConfigurationAnnotationProcessor&apos; to allow for resolving potential circular references
DEBUG DefaultListableBeanFactory - Finished creating instance of bean &apos;org.springframework.context.annotation.internalConfigurationAnnotationProcessor&apos;
DEBUG StandardEnvironment - Initializing new StandardEnvironment
DEBUG StandardEnvironment - Adding [systemProperties] PropertySource with lowest search precedence
DEBUG StandardEnvironment - Adding [systemEnvironment] PropertySource with lowest search precedence
DEBUG StandardEnvironment - Initialized StandardEnvironment with PropertySources [systemProperties,systemEnvironment]
DEBUG PathMatchingResourcePatternResolver - Looking for matching resources in directory tree [C:\Users\chq-jamesgl\STS_work2\finalprojectgleixner\target\test-classes\com\expeditors\training\course3demo\controller]
DEBUG PathMatchingResourcePatternResolver - Searching directory [C:\Users\chq-jamesgl\STS_work2\finalprojectgleixner\target\test-classes\com\expeditors\training\course3demo\controller] for files matching pattern [C:/Users/chq-jamesgl/STS_work2/finalprojectgleixner/target/test-classes/com/expeditors/training/course3demo/controller/**/*.class]
DEBUG PathMatchingResourcePatternResolver - Looking for matching resources in directory tree [C:\Users\chq-jamesgl\STS_work2\finalprojectgleixner\target\classes\com\expeditors\training\course3demo\controller]
DEBUG PathMatchingResourcePatternResolver - Searching directory [C:\Users\chq-jamesgl\STS_work2\finalprojectgleixner\target\classes\com\expeditors\training\course3demo\controller] for files matching pattern [C:/Users/chq-jamesgl/STS_work2/finalprojectgleixner/target/classes/com/expeditors/training/course3demo/controller/**/*.class]
DEBUG PathMatchingResourcePatternResolver - Resolved location pattern [classpath*:com/expeditors/training/course3demo/controller/**/*.class] to resources [file [C:\Users\chq-jamesgl\STS_work2\finalprojectgleixner\target\test-classes\com\expeditors\training\course3demo\controller\ContainerControllerTest.class], file [C:\Users\chq-jamesgl\STS_work2\finalprojectgleixner\target\test-classes\com\expeditors\training\course3demo\controller\ProductControllerTest.class], file [C:\Users\chq-jamesgl\STS_work2\finalprojectgleixner\target\test-classes\com\expeditors\training\course3demo\controller\ShipmentControllerTest.class], file [C:\Users\chq-jamesgl\STS_work2\finalprojectgleixner\target\classes\com\expeditors\training\course3demo\controller\CardController.class], file [C:\Users\chq-jamesgl\STS_work2\finalprojectgleixner\target\classes\com\expeditors\training\course3demo\controller\ContainerController.class], file [C:\Users\chq-jamesgl\STS_work2\finalprojectgleixner\target\classes\com\expeditors\training\course3demo\controller\ErrorLoginController.class], file [C:\Users\chq-jamesgl\STS_work2\finalprojectgleixner\target\classes\com\expeditors\training\course3demo\controller\HomeController.class], file [C:\Users\chq-jamesgl\STS_work2\finalprojectgleixner\target\classes\com\expeditors\training\course3demo\controller\ProductController.class], file [C:\Users\chq-jamesgl\STS_work2\finalprojectgleixner\target\classes\com\expeditors\training\course3demo\controller\SecurityController.class], file [C:\Users\chq-jamesgl\STS_work2\finalprojectgleixner\target\classes\com\expeditors\training\course3demo\controller\ShipmentController.class]]
DEBUG ClassPathBeanDefinitionScanner - Identified candidate component class: file [C:\Users\chq-jamesgl\STS_work2\finalprojectgleixner\target\classes\com\expeditors\training\course3demo\controller\CardController.class]
DEBUG ClassPathBeanDefinitionScanner - Identified candidate component class: file [C:\Users\chq-jamesgl\STS_work2\finalprojectgleixner\target\classes\com\expeditors\training\course3demo\controller\ContainerController.class]
DEBUG ClassPathBeanDefinitionScanner - Identified candidate component class: file [C:\Users\chq-jamesgl\STS_work2\finalprojectgleixner\target\classes\com\expeditors\training\course3demo\controller\ErrorLoginController.class]
DEBUG ClassPathBeanDefinitionScanner - Identified candidate component class: file [C:\Users\chq-jamesgl\STS_work2\finalprojectgleixner\target\classes\com\expeditors\training\course3demo\controller\HomeController.class]
DEBUG ClassPathBeanDefinitionScanner - Identified candidate component class: file [C:\Users\chq-jamesgl\STS_work2\finalprojectgleixner\target\classes\com\expeditors\training\course3demo\controller\ProductController.class]
DEBUG ClassPathBeanDefinitionScanner - Identified candidate component class: file [C:\Users\chq-jamesgl\STS_work2\finalprojectgleixner\target\classes\com\expeditors\training\course3demo\controller\SecurityController.class]
DEBUG ClassPathBeanDefinitionScanner - Identified candidate component class: file [C:\Users\chq-jamesgl\STS_work2\finalprojectgleixner\target\classes\com\expeditors\training\course3demo\controller\ShipmentController.class]
DEBUG ConfigurationClassBeanDefinitionReader - Registered bean definition for imported @Configuration class org.springframework.web.servlet.config.annotation.DelegatingWebMvcConfiguration
DEBUG ConfigurationClassBeanDefinitionReader - Registering bean definition for @Bean method org.springframework.web.servlet.config.annotation.DelegatingWebMvcConfiguration.requestMappingHandlerMapping()
DEBUG ConfigurationClassBeanDefinitionReader - Registering bean definition for @Bean method org.springframework.web.servlet.config.annotation.DelegatingWebMvcConfiguration.mvcContentNegotiationManager()
DEBUG ConfigurationClassBeanDefinitionReader - Registering bean definition for @Bean method org.springframework.web.servlet.config.annotation.DelegatingWebMvcConfiguration.viewControllerHandlerMapping()
DEBUG ConfigurationClassBeanDefinitionReader - Registering bean definition for @Bean method org.springframework.web.servlet.config.annotation.DelegatingWebMvcConfiguration.beanNameHandlerMapping()
DEBUG ConfigurationClassBeanDefinitionReader - Registering bean definition for @Bean method org.springframework.web.servlet.config.annotation.DelegatingWebMvcConfiguration.resourceHandlerMapping()
DEBUG ConfigurationClassBeanDefinitionReader - Registering bean definition for @Bean method org.springframework.web.servlet.config.annotation.DelegatingWebMvcConfiguration.defaultServletHandlerMapping()
DEBUG ConfigurationClassBeanDefinitionReader - Registering bean definition for @Bean method org.springframework.web.servlet.config.annotation.DelegatingWebMvcConfiguration.requestMappingHandlerAdapter()
DEBUG ConfigurationClassBeanDefinitionReader - Registering bean definition for @Bean method org.springframework.web.servlet.config.annotation.DelegatingWebMvcConfiguration.mvcConversionService()
DEBUG ConfigurationClassBeanDefinitionReader - Registering bean definition for @Bean method org.springframework.web.servlet.config.annotation.DelegatingWebMvcConfiguration.httpRequestHandlerAdapter()
DEBUG ConfigurationClassBeanDefinitionReader - Registering bean definition for @Bean method org.springframework.web.servlet.config.annotation.DelegatingWebMvcConfiguration.simpleControllerHandlerAdapter()
DEBUG ConfigurationClassBeanDefinitionReader - Registering bean definition for @Bean method org.springframework.web.servlet.config.annotation.DelegatingWebMvcConfiguration.handlerExceptionResolver()
DEBUG ConfigurationClassBeanDefinitionReader - Registering bean definition for @Bean method org.springframework.web.servlet.config.annotation.DelegatingWebMvcConfiguration.mvcValidator()
DEBUG ConfigurationClassBeanDefinitionReader - Registered bean definition for imported @Configuration class com.expeditors.training.course3demo.config.PersistenceJPATestConfig
DEBUG ConfigurationClassBeanDefinitionReader - Registering bean definition for @Bean method com.expeditors.training.course3demo.config.PersistenceJPATestConfig.entityManagerFactory()
DEBUG ConfigurationClassBeanDefinitionReader - Registering bean definition for @Bean method com.expeditors.training.course3demo.config.PersistenceJPATestConfig.dataSource()
DEBUG ConfigurationClassBeanDefinitionReader - Registering bean definition for @Bean method com.expeditors.training.course3demo.config.TestConfig.containerService()
DEBUG ConfigurationClassBeanDefinitionReader - Registering bean definition for @Bean method com.expeditors.training.course3demo.config.TestConfig.shipmentService()
DEBUG ConfigurationClassBeanDefinitionReader - Registering bean definition for @Bean method com.expeditors.training.course3demo.config.TestConfig.productService()
DEBUG ConfigurationClassBeanDefinitionReader - Registering bean definition for @Bean method com.expeditors.training.course3demo.config.TestConfig.viewResolver()
DEBUG ConfigurationClassEnhancer - Successfully enhanced com.expeditors.training.course3demo.config.TestConfig; enhanced class name is: com.expeditors.training.course3demo.config.TestConfig$$EnhancerByCGLIB$$aae1cafb
DEBUG ConfigurationClassPostProcessor - Replacing bean definition &apos;testConfig&apos; existing class name &apos;com.expeditors.training.course3demo.config.TestConfig&apos; with enhanced class name &apos;com.expeditors.training.course3demo.config.TestConfig$$EnhancerByCGLIB$$aae1cafb&apos;
DEBUG ConfigurationClassEnhancer - Successfully enhanced org.springframework.web.servlet.config.annotation.DelegatingWebMvcConfiguration; enhanced class name is: org.springframework.web.servlet.config.annotation.DelegatingWebMvcConfiguration$$EnhancerByCGLIB$$a164085b
DEBUG ConfigurationClassPostProcessor - Replacing bean definition &apos;org.springframework.web.servlet.config.annotation.DelegatingWebMvcConfiguration&apos; existing class name &apos;org.springframework.web.servlet.config.annotation.DelegatingWebMvcConfiguration&apos; with enhanced class name &apos;org.springframework.web.servlet.config.annotation.DelegatingWebMvcConfiguration$$EnhancerByCGLIB$$a164085b&apos;
DEBUG ConfigurationClassEnhancer - Successfully enhanced com.expeditors.training.course3demo.config.PersistenceJPATestConfig; enhanced class name is: com.expeditors.training.course3demo.config.PersistenceJPATestConfig$$EnhancerByCGLIB$$f6c89e17
DEBUG ConfigurationClassPostProcessor - Replacing bean definition &apos;com.expeditors.training.course3demo.config.PersistenceJPATestConfig&apos; existing class name &apos;com.expeditors.training.course3demo.config.PersistenceJPATestConfig&apos; with enhanced class name &apos;com.expeditors.training.course3demo.config.PersistenceJPATestConfig$$EnhancerByCGLIB$$f6c89e17&apos;
DEBUG DefaultListableBeanFactory - Creating shared instance of singleton bean &apos;org.springframework.context.annotation.internalAutowiredAnnotationProcessor&apos;
DEBUG DefaultListableBeanFactory - Creating instance of bean &apos;org.springframework.context.annotation.internalAutowiredAnnotationProcessor&apos;
DEBUG DefaultListableBeanFactory - Eagerly caching bean &apos;org.springframework.context.annotation.internalAutowiredAnnotationProcessor&apos; to allow for resolving potential circular references
DEBUG DefaultListableBeanFactory - Finished creating instance of bean &apos;org.springframework.context.annotation.internalAutowiredAnnotationProcessor&apos;
DEBUG DefaultListableBeanFactory - Creating shared instance of singleton bean &apos;org.springframework.context.annotation.internalRequiredAnnotationProcessor&apos;
DEBUG DefaultListableBeanFactory - Creating instance of bean &apos;org.springframework.context.annotation.internalRequiredAnnotationProcessor&apos;
DEBUG DefaultListableBeanFactory - Eagerly caching bean &apos;org.springframework.context.annotation.internalRequiredAnnotationProcessor&apos; to allow for resolving potential circular references
DEBUG DefaultListableBeanFactory - Finished creating instance of bean &apos;org.springframework.context.annotation.internalRequiredAnnotationProcessor&apos;
DEBUG DefaultListableBeanFactory - Creating shared instance of singleton bean &apos;org.springframework.context.annotation.internalCommonAnnotationProcessor&apos;
DEBUG DefaultListableBeanFactory - Creating instance of bean &apos;org.springframework.context.annotation.internalCommonAnnotationProcessor&apos;
DEBUG DefaultListableBeanFactory - Eagerly caching bean &apos;org.springframework.context.annotation.internalCommonAnnotationProcessor&apos; to allow for resolving potential circular references
DEBUG DefaultListableBeanFactory - Finished creating instance of bean &apos;org.springframework.context.annotation.internalCommonAnnotationProcessor&apos;
DEBUG DefaultListableBeanFactory - Creating shared instance of singleton bean &apos;org.springframework.context.annotation.internalPersistenceAnnotationProcessor&apos;
DEBUG DefaultListableBeanFactory - Creating instance of bean &apos;org.springframework.context.annotation.internalPersistenceAnnotationProcessor&apos;
DEBUG DefaultListableBeanFactory - Eagerly caching bean &apos;org.springframework.context.annotation.internalPersistenceAnnotationProcessor&apos; to allow for resolving potential circular references
DEBUG DefaultListableBeanFactory - Finished creating instance of bean &apos;org.springframework.context.annotation.internalPersistenceAnnotationProcessor&apos;
DEBUG DefaultListableBeanFactory - Creating shared instance of singleton bean &apos;org.springframework.context.annotation.ConfigurationClassPostProcessor.importAwareProcessor&apos;
DEBUG DefaultListableBeanFactory - Creating instance of bean &apos;org.springframework.context.annotation.ConfigurationClassPostProcessor.importAwareProcessor&apos;
DEBUG DefaultListableBeanFactory - Eagerly caching bean &apos;org.springframework.context.annotation.ConfigurationClassPostProcessor.importAwareProcessor&apos; to allow for resolving potential circular references
DEBUG DefaultListableBeanFactory - Finished creating instance of bean &apos;org.springframework.context.annotation.ConfigurationClassPostProcessor.importAwareProcessor&apos;
DEBUG GenericWebApplicationContext - Unable to locate MessageSource with name &apos;messageSource&apos;: using default [org.springframework.context.support.DelegatingMessageSource@2b8bd798]
DEBUG GenericWebApplicationContext - Unable to locate ApplicationEventMulticaster with name &apos;applicationEventMulticaster&apos;: using default [org.springframework.context.event.SimpleApplicationEventMulticaster@4c18621b]
DEBUG UiApplicationContextUtils - Unable to locate ThemeSource with name &apos;themeSource&apos;: using default [org.springframework.ui.context.support.ResourceBundleThemeSource@39c385d6]
DEBUG DefaultListableBeanFactory - Creating shared instance of singleton bean &apos;entityManagerFactory&apos;
DEBUG DefaultListableBeanFactory - Creating instance of bean &apos;entityManagerFactory&apos;
DEBUG DefaultListableBeanFactory - Creating shared instance of singleton bean &apos;com.expeditors.training.course3demo.config.PersistenceJPATestConfig&apos;
DEBUG DefaultListableBeanFactory - Creating instance of bean &apos;com.expeditors.training.course3demo.config.PersistenceJPATestConfig&apos;
DEBUG InjectionMetadata - Registered injected element on class [com.expeditors.training.course3demo.config.PersistenceJPATestConfig$$EnhancerByCGLIB$$f6c89e17]: AutowiredFieldElement for private org.springframework.core.env.Environment com.expeditors.training.course3demo.config.PersistenceJPATestConfig.environment
DEBUG DefaultListableBeanFactory - Eagerly caching bean &apos;com.expeditors.training.course3demo.config.PersistenceJPATestConfig&apos; to allow for resolving potential circular references
DEBUG InjectionMetadata - Processing injected method of bean &apos;com.expeditors.training.course3demo.config.PersistenceJPATestConfig&apos;: AutowiredFieldElement for private org.springframework.core.env.Environment com.expeditors.training.course3demo.config.PersistenceJPATestConfig.environment
DEBUG DefaultListableBeanFactory - Returning cached instance of singleton bean &apos;environment&apos;
DEBUG AutowiredAnnotationBeanPostProcessor - Autowiring by type from bean name &apos;com.expeditors.training.course3demo.config.PersistenceJPATestConfig&apos; to bean named &apos;environment&apos;
DEBUG DefaultListableBeanFactory - Finished creating instance of bean &apos;com.expeditors.training.course3demo.config.PersistenceJPATestConfig&apos;
DEBUG DefaultListableBeanFactory - Creating shared instance of singleton bean &apos;dataSource&apos;
DEBUG DefaultListableBeanFactory - Creating instance of bean &apos;dataSource&apos;
DEBUG DefaultListableBeanFactory - Returning cached instance of singleton bean &apos;com.expeditors.training.course3demo.config.PersistenceJPATestConfig&apos;
INFO  DriverManagerDataSource - Loaded JDBC driver: org.hsqldb.jdbcDriver
DEBUG DefaultListableBeanFactory - Eagerly caching bean &apos;dataSource&apos; to allow for resolving potential circular references
DEBUG DefaultListableBeanFactory - Finished creating instance of bean &apos;dataSource&apos;
DEBUG DefaultListableBeanFactory - Eagerly caching bean &apos;entityManagerFactory&apos; to allow for resolving potential circular references
DEBUG DefaultListableBeanFactory - Invoking afterPropertiesSet() on bean with name &apos;entityManagerFactory&apos;
DEBUG PathMatchingResourcePatternResolver - Looking for matching resources in directory tree [C:\Users\chq-jamesgl\STS_work2\finalprojectgleixner\target\classes\com\expeditors\training\course3demo\model]
DEBUG PathMatchingResourcePatternResolver - Searching directory [C:\Users\chq-jamesgl\STS_work2\finalprojectgleixner\target\classes\com\expeditors\training\course3demo\model] for files matching pattern [C:/Users/chq-jamesgl/STS_work2/finalprojectgleixner/target/classes/com/expeditors/training/course3demo/model/**/*.class]
DEBUG PathMatchingResourcePatternResolver - Resolved location pattern [classpath*:com/expeditors/training/course3demo/model/**/*.class] to resources [file [C:\Users\chq-jamesgl\STS_work2\finalprojectgleixner\target\classes\com\expeditors\training\course3demo\model\Address.class], file [C:\Users\chq-jamesgl\STS_work2\finalprojectgleixner\target\classes\com\expeditors\training\course3demo\model\Card.class], file [C:\Users\chq-jamesgl\STS_work2\finalprojectgleixner\target\classes\com\expeditors\training\course3demo\model\Container.class], file [C:\Users\chq-jamesgl\STS_work2\finalprojectgleixner\target\classes\com\expeditors\training\course3demo\model\PhoneNumber.class], file [C:\Users\chq-jamesgl\STS_work2\finalprojectgleixner\target\classes\com\expeditors\training\course3demo\model\Product.class], file [C:\Users\chq-jamesgl\STS_work2\finalprojectgleixner\target\classes\com\expeditors\training\course3demo\model\Shipment.class], file [C:\Users\chq-jamesgl\STS_work2\finalprojectgleixner\target\classes\com\expeditors\training\course3demo\model\UserAccount.class], file [C:\Users\chq-jamesgl\STS_work2\finalprojectgleixner\target\classes\com\expeditors\training\course3demo\model\UserRole.class]]
INFO  LocalContainerEntityManagerFactoryBean - Building JPA container EntityManagerFactory for persistence unit &apos;default&apos;
DEBUG BasicTypeRegistry - Adding type registration boolean -&gt; org.hibernate.type.BooleanType@71ba6d4e
DEBUG BasicTypeRegistry - Adding type registration boolean -&gt; org.hibernate.type.BooleanType@71ba6d4e
DEBUG BasicTypeRegistry - Adding type registration java.lang.Boolean -&gt; org.hibernate.type.BooleanType@71ba6d4e
DEBUG BasicTypeRegistry - Adding type registration numeric_boolean -&gt; org.hibernate.type.NumericBooleanType@d86a6f
DEBUG BasicTypeRegistry - Adding type registration true_false -&gt; org.hibernate.type.TrueFalseType@2ddc9a9f
DEBUG BasicTypeRegistry - Adding type registration yes_no -&gt; org.hibernate.type.YesNoType@46cdf8bd
DEBUG BasicTypeRegistry - Adding type registration byte -&gt; org.hibernate.type.ByteType@1ed4ae0f
DEBUG BasicTypeRegistry - Adding type registration byte -&gt; org.hibernate.type.ByteType@1ed4ae0f
DEBUG BasicTypeRegistry - Adding type registration java.lang.Byte -&gt; org.hibernate.type.ByteType@1ed4ae0f
DEBUG BasicTypeRegistry - Adding type registration character -&gt; org.hibernate.type.CharacterType@6892b3b6
DEBUG BasicTypeRegistry - Adding type registration char -&gt; org.hibernate.type.CharacterType@6892b3b6
DEBUG BasicTypeRegistry - Adding type registration java.lang.Character -&gt; org.hibernate.type.CharacterType@6892b3b6
DEBUG BasicTypeRegistry - Adding type registration short -&gt; org.hibernate.type.ShortType@5b1669c0
DEBUG BasicTypeRegistry - Adding type registration short -&gt; org.hibernate.type.ShortType@5b1669c0
DEBUG BasicTypeRegistry - Adding type registration java.lang.Short -&gt; org.hibernate.type.ShortType@5b1669c0
DEBUG BasicTypeRegistry - Adding type registration integer -&gt; org.hibernate.type.IntegerType@2eae8e6e
DEBUG BasicTypeRegistry - Adding type registration int -&gt; org.hibernate.type.IntegerType@2eae8e6e
DEBUG BasicTypeRegistry - Adding type registration java.lang.Integer -&gt; org.hibernate.type.IntegerType@2eae8e6e
DEBUG BasicTypeRegistry - Adding type registration long -&gt; org.hibernate.type.LongType@25ce9dc4
DEBUG BasicTypeRegistry - Adding type registration long -&gt; org.hibernate.type.LongType@25ce9dc4
DEBUG BasicTypeRegistry - Adding type registration java.lang.Long -&gt; org.hibernate.type.LongType@25ce9dc4
DEBUG BasicTypeRegistry - Adding type registration float -&gt; org.hibernate.type.FloatType@3e8c3cb
DEBUG BasicTypeRegistry - Adding type registration float -&gt; org.hibernate.type.FloatType@3e8c3cb
DEBUG BasicTypeRegistry - Adding type registration java.lang.Float -&gt; org.hibernate.type.FloatType@3e8c3cb
DEBUG BasicTypeRegistry - Adding type registration double -&gt; org.hibernate.type.DoubleType@3b0fe47a
DEBUG BasicTypeRegistry - Adding type registration double -&gt; org.hibernate.type.DoubleType@3b0fe47a
DEBUG BasicTypeRegistry - Adding type registration java.lang.Double -&gt; org.hibernate.type.DoubleType@3b0fe47a
DEBUG BasicTypeRegistry - Adding type registration big_decimal -&gt; org.hibernate.type.BigDecimalType@74e28667
DEBUG BasicTypeRegistry - Adding type registration java.math.BigDecimal -&gt; org.hibernate.type.BigDecimalType@74e28667
DEBUG BasicTypeRegistry - Adding type registration big_integer -&gt; org.hibernate.type.BigIntegerType@53045c6c
DEBUG BasicTypeRegistry - Adding type registration java.math.BigInteger -&gt; org.hibernate.type.BigIntegerType@53045c6c
DEBUG BasicTypeRegistry - Adding type registration string -&gt; org.hibernate.type.StringType@548d708a
DEBUG BasicTypeRegistry - Adding type registration java.lang.String -&gt; org.hibernate.type.StringType@548d708a
DEBUG BasicTypeRegistry - Adding type registration nstring -&gt; org.hibernate.type.StringNVarcharType@712625fd
DEBUG BasicTypeRegistry - Adding type registration ncharacter -&gt; org.hibernate.type.CharacterNCharType@1c5920df
DEBUG BasicTypeRegistry - Adding type registration url -&gt; org.hibernate.type.UrlType@15043a2f
DEBUG BasicTypeRegistry - Adding type registration java.net.URL -&gt; org.hibernate.type.UrlType@15043a2f
DEBUG BasicTypeRegistry - Adding type registration date -&gt; org.hibernate.type.DateType@2d901eb0
DEBUG BasicTypeRegistry - Adding type registration java.sql.Date -&gt; org.hibernate.type.DateType@2d901eb0
DEBUG BasicTypeRegistry - Adding type registration time -&gt; org.hibernate.type.TimeType@909217e
DEBUG BasicTypeRegistry - Adding type registration java.sql.Time -&gt; org.hibernate.type.TimeType@909217e
DEBUG BasicTypeRegistry - Adding type registration timestamp -&gt; org.hibernate.type.TimestampType@5e2c3d18
DEBUG BasicTypeRegistry - Adding type registration java.sql.Timestamp -&gt; org.hibernate.type.TimestampType@5e2c3d18
DEBUG BasicTypeRegistry - Adding type registration java.util.Date -&gt; org.hibernate.type.TimestampType@5e2c3d18
DEBUG BasicTypeRegistry - Adding type registration dbtimestamp -&gt; org.hibernate.type.DbTimestampType@5b218417
DEBUG BasicTypeRegistry - Adding type registration calendar -&gt; org.hibernate.type.CalendarType@273444fe
DEBUG BasicTypeRegistry - Adding type registration java.util.Calendar -&gt; org.hibernate.type.CalendarType@273444fe
DEBUG BasicTypeRegistry - Adding type registration java.util.GregorianCalendar -&gt; org.hibernate.type.CalendarType@273444fe
DEBUG BasicTypeRegistry - Adding type registration calendar_date -&gt; org.hibernate.type.CalendarDateType@5524cca1
DEBUG BasicTypeRegistry - Adding type registration locale -&gt; org.hibernate.type.LocaleType@57a78e3
DEBUG BasicTypeRegistry - Adding type registration java.util.Locale -&gt; org.hibernate.type.LocaleType@57a78e3
DEBUG BasicTypeRegistry - Adding type registration currency -&gt; org.hibernate.type.CurrencyType@5386659f
DEBUG BasicTypeRegistry - Adding type registration java.util.Currency -&gt; org.hibernate.type.CurrencyType@5386659f
DEBUG BasicTypeRegistry - Adding type registration timezone -&gt; org.hibernate.type.TimeZoneType@7ce69770
DEBUG BasicTypeRegistry - Adding type registration java.util.TimeZone -&gt; org.hibernate.type.TimeZoneType@7ce69770
DEBUG BasicTypeRegistry - Adding type registration class -&gt; org.hibernate.type.ClassType@7e057f43
DEBUG BasicTypeRegistry - Adding type registration java.lang.Class -&gt; org.hibernate.type.ClassType@7e057f43
DEBUG BasicTypeRegistry - Adding type registration uuid-binary -&gt; org.hibernate.type.UUIDBinaryType@221a3fa4
DEBUG BasicTypeRegistry - Adding type registration java.util.UUID -&gt; org.hibernate.type.UUIDBinaryType@221a3fa4
DEBUG BasicTypeRegistry - Adding type registration uuid-char -&gt; org.hibernate.type.UUIDCharType@3e08ff24
DEBUG BasicTypeRegistry - Adding type registration pg-uuid -&gt; org.hibernate.type.PostgresUUIDType@70ed52de
DEBUG BasicTypeRegistry - Adding type registration binary -&gt; org.hibernate.type.BinaryType@7c37508a
DEBUG BasicTypeRegistry - Adding type registration byte[] -&gt; org.hibernate.type.BinaryType@7c37508a
DEBUG BasicTypeRegistry - Adding type registration [B -&gt; org.hibernate.type.BinaryType@7c37508a
DEBUG BasicTypeRegistry - Adding type registration wrapper-binary -&gt; org.hibernate.type.WrapperBinaryType@4a003cbe
DEBUG BasicTypeRegistry - Adding type registration Byte[] -&gt; org.hibernate.type.WrapperBinaryType@4a003cbe
DEBUG BasicTypeRegistry - Adding type registration [Ljava.lang.Byte; -&gt; org.hibernate.type.WrapperBinaryType@4a003cbe
DEBUG BasicTypeRegistry - Adding type registration image -&gt; org.hibernate.type.ImageType@359df09a
DEBUG BasicTypeRegistry - Adding type registration characters -&gt; org.hibernate.type.CharArrayType@19932c16
DEBUG BasicTypeRegistry - Adding type registration char[] -&gt; org.hibernate.type.CharArrayType@19932c16
DEBUG BasicTypeRegistry - Adding type registration [C -&gt; org.hibernate.type.CharArrayType@19932c16
DEBUG BasicTypeRegistry - Adding type registration wrapper-characters -&gt; org.hibernate.type.CharacterArrayType@1972e513
DEBUG BasicTypeRegistry - Adding type registration [Ljava.lang.Character; -&gt; org.hibernate.type.CharacterArrayType@1972e513
DEBUG BasicTypeRegistry - Adding type registration Character[] -&gt; org.hibernate.type.CharacterArrayType@1972e513
DEBUG BasicTypeRegistry - Adding type registration text -&gt; org.hibernate.type.TextType@1040be71
DEBUG BasicTypeRegistry - Adding type registration ntext -&gt; org.hibernate.type.NTextType@7fd50002
DEBUG BasicTypeRegistry - Adding type registration blob -&gt; org.hibernate.type.BlobType@7d900ecf
DEBUG BasicTypeRegistry - Adding type registration java.sql.Blob -&gt; org.hibernate.type.BlobType@7d900ecf
DEBUG BasicTypeRegistry - Adding type registration materialized_blob -&gt; org.hibernate.type.MaterializedBlobType@1a245833
DEBUG BasicTypeRegistry - Adding type registration clob -&gt; org.hibernate.type.ClobType@15a34df2
DEBUG BasicTypeRegistry - Adding type registration java.sql.Clob -&gt; org.hibernate.type.ClobType@15a34df2
DEBUG BasicTypeRegistry - Adding type registration nclob -&gt; org.hibernate.type.NClobType@5e7cd6cc
DEBUG BasicTypeRegistry - Adding type registration java.sql.NClob -&gt; org.hibernate.type.NClobType@5e7cd6cc
DEBUG BasicTypeRegistry - Adding type registration materialized_clob -&gt; org.hibernate.type.MaterializedClobType@2dfaea86
DEBUG BasicTypeRegistry - Adding type registration materialized_nclob -&gt; org.hibernate.type.MaterializedNClobType@14fc5f04
DEBUG BasicTypeRegistry - Adding type registration serializable -&gt; org.hibernate.type.SerializableType@333d4a8c
DEBUG BasicTypeRegistry - Adding type registration object -&gt; org.hibernate.type.ObjectType@60f00693
DEBUG BasicTypeRegistry - Adding type registration java.lang.Object -&gt; org.hibernate.type.ObjectType@60f00693
DEBUG BasicTypeRegistry - Adding type registration imm_date -&gt; org.hibernate.type.AdaptedImmutableType@692e028d
DEBUG BasicTypeRegistry - Adding type registration imm_time -&gt; org.hibernate.type.AdaptedImmutableType@6629ad09
DEBUG BasicTypeRegistry - Adding type registration imm_timestamp -&gt; org.hibernate.type.AdaptedImmutableType@43e1692f
DEBUG BasicTypeRegistry - Adding type registration imm_dbtimestamp -&gt; org.hibernate.type.AdaptedImmutableType@3e7c4815
DEBUG BasicTypeRegistry - Adding type registration imm_calendar -&gt; org.hibernate.type.AdaptedImmutableType@27df0f3d
DEBUG BasicTypeRegistry - Adding type registration imm_calendar_date -&gt; org.hibernate.type.AdaptedImmutableType@c35af2a
DEBUG BasicTypeRegistry - Adding type registration imm_binary -&gt; org.hibernate.type.AdaptedImmutableType@44550792
DEBUG BasicTypeRegistry - Adding type registration imm_serializable -&gt; org.hibernate.type.AdaptedImmutableType@1835d3ed
DEBUG DefaultIdentifierGeneratorFactory - Registering IdentifierGenerator strategy [uuid2] -&gt; [org.hibernate.id.UUIDGenerator]
DEBUG DefaultIdentifierGeneratorFactory - Registering IdentifierGenerator strategy [guid] -&gt; [org.hibernate.id.GUIDGenerator]
DEBUG DefaultIdentifierGeneratorFactory - Registering IdentifierGenerator strategy [uuid] -&gt; [org.hibernate.id.UUIDHexGenerator]
DEBUG DefaultIdentifierGeneratorFactory - Registering IdentifierGenerator strategy [uuid.hex] -&gt; [org.hibernate.id.UUIDHexGenerator]
DEBUG DefaultIdentifierGeneratorFactory - Registering IdentifierGenerator strategy [hilo] -&gt; [org.hibernate.id.TableHiLoGenerator]
DEBUG DefaultIdentifierGeneratorFactory - Registering IdentifierGenerator strategy [assigned] -&gt; [org.hibernate.id.Assigned]
DEBUG DefaultIdentifierGeneratorFactory - Registering IdentifierGenerator strategy [identity] -&gt; [org.hibernate.id.IdentityGenerator]
DEBUG DefaultIdentifierGeneratorFactory - Registering IdentifierGenerator strategy [select] -&gt; [org.hibernate.id.SelectGenerator]
DEBUG DefaultIdentifierGeneratorFactory - Registering IdentifierGenerator strategy [sequence] -&gt; [org.hibernate.id.SequenceGenerator]
DEBUG DefaultIdentifierGeneratorFactory - Registering IdentifierGenerator strategy [seqhilo] -&gt; [org.hibernate.id.SequenceHiLoGenerator]
DEBUG DefaultIdentifierGeneratorFactory - Registering IdentifierGenerator strategy [increment] -&gt; [org.hibernate.id.IncrementGenerator]
DEBUG DefaultIdentifierGeneratorFactory - Registering IdentifierGenerator strategy [foreign] -&gt; [org.hibernate.id.ForeignGenerator]
DEBUG DefaultIdentifierGeneratorFactory - Registering IdentifierGenerator strategy [sequence-identity] -&gt; [org.hibernate.id.SequenceIdentityGenerator]
DEBUG DefaultIdentifierGeneratorFactory - Registering IdentifierGenerator strategy [enhanced-sequence] -&gt; [org.hibernate.id.enhanced.SequenceStyleGenerator]
DEBUG DefaultIdentifierGeneratorFactory - Registering IdentifierGenerator strategy [enhanced-table] -&gt; [org.hibernate.id.enhanced.TableGenerator]
DEBUG Ejb3Configuration - Processing PersistenceUnitInfo [
	name: default
	persistence provider classname: null
	classloader: sun.misc.Launcher$AppClassLoader@6bc7c054
	Temporary classloader: org.springframework.instrument.classloading.SimpleThrowawayClassLoader@474c9131
	excludeUnlistedClasses: true
	JTA datasource: null
	Non JTA datasource: org.springframework.jdbc.datasource.DriverManagerDataSource@66213a0d
	Transaction type: RESOURCE_LOCAL
	PU root URL: file:/C:/Users/chq-jamesgl/STS_work2/finalprojectgleixner/target/test-classes/
	Shared Cache Mode: UNSPECIFIED
	Validation Mode: AUTO
	Jar files URLs []
	Managed classes names [
		com.expeditors.training.course3demo.model.Address
		com.expeditors.training.course3demo.model.Card
		com.expeditors.training.course3demo.model.Container
		com.expeditors.training.course3demo.model.PhoneNumber
		com.expeditors.training.course3demo.model.Product
		com.expeditors.training.course3demo.model.Shipment
		com.expeditors.training.course3demo.model.UserAccount
		com.expeditors.training.course3demo.model.UserRole]
	Mapping files names []
	Properties []
DEBUG Ejb3Configuration - Detect class: true; detect hbm: true
DEBUG AbstractJarVisitor - Searching mapped entities in jar/par: file:/C:/Users/chq-jamesgl/STS_work2/finalprojectgleixner/target/test-classes/
DEBUG AbstractJarVisitor - Filtering: com.expeditors.training.course3demo.config.PersistenceJPATestConfig
DEBUG AbstractJarVisitor - Filtering: com.expeditors.training.course3demo.config.ServiceTestConfig
DEBUG AbstractJarVisitor - Filtering: com.expeditors.training.course3demo.config.TestConfig
DEBUG AbstractJarVisitor - Filtering: com.expeditors.training.course3demo.controller.ContainerControllerTest
DEBUG AbstractJarVisitor - Filtering: com.expeditors.training.course3demo.controller.ProductControllerTest
DEBUG AbstractJarVisitor - Filtering: com.expeditors.training.course3demo.controller.ShipmentControllerTest
DEBUG AbstractJarVisitor - Filtering: com.expeditors.training.course3demo.service.ContainerServiceTest
DEBUG AbstractJarVisitor - Filtering: com.expeditors.training.course3demo.service.ProductServiceTest
DEBUG AbstractJarVisitor - Filtering: com.expeditors.training.course3demo.service.ShipmentServiceTest
DEBUG IntegratorServiceImpl - Adding Integrator [org.hibernate.cfg.beanvalidation.BeanValidationIntegrator].
DEBUG IntegratorServiceImpl - Adding Integrator [org.hibernate.ejb.event.JpaIntegrator].
DEBUG NamingHelper - No JNDI name configured for binding Ejb3Configuration
DEBUG Configuration - Preparing to build session factory with filters : {}
DEBUG Configuration - Processing hbm.xml files
DEBUG Configuration - Process annotated classes
DEBUG AnnotationBinder - Binding entity from annotated class: com.expeditors.training.course3demo.model.Address
DEBUG Ejb3Column - Binding column: Ejb3DiscriminatorColumn{logicalColumnName&apos;DTYPE&apos;, discriminatorTypeName=&apos;string&apos;}
DEBUG EntityBinder - Import with entity name Address
DEBUG EntityBinder - Bind entity com.expeditors.training.course3demo.model.Address on table ADDRESS
DEBUG Ejb3Column - Binding column: Ejb3Column{table=org.hibernate.mapping.Table(ADDRESS), mappingColumn=ADDRESS_ID, insertable=true, updatable=true, unique=false}
DEBUG PropertyBinder - MetadataSourceProcessor property id with lazy=false
DEBUG SimpleValueBinder - building SimpleValue for id
DEBUG PropertyBinder - Building property id
DEBUG Ejb3Column - Binding column: Ejb3Column{table=org.hibernate.mapping.Table(ADDRESS), mappingColumn=city, insertable=true, updatable=true, unique=false}
DEBUG PropertyBinder - MetadataSourceProcessor property city with lazy=false
DEBUG SimpleValueBinder - building SimpleValue for city
DEBUG PropertyBinder - Building property city
DEBUG Ejb3Column - Binding column: Ejb3Column{table=org.hibernate.mapping.Table(ADDRESS), mappingColumn=state, insertable=true, updatable=true, unique=false}
DEBUG PropertyBinder - MetadataSourceProcessor property state with lazy=false
DEBUG SimpleValueBinder - building SimpleValue for state
DEBUG PropertyBinder - Building property state
DEBUG Ejb3Column - Binding column: Ejb3Column{table=org.hibernate.mapping.Table(ADDRESS), mappingColumn=street, insertable=true, updatable=true, unique=false}
DEBUG PropertyBinder - MetadataSourceProcessor property street with lazy=false
DEBUG SimpleValueBinder - building SimpleValue for street
DEBUG PropertyBinder - Building property street
DEBUG AnnotationBinder - Binding entity from annotated class: com.expeditors.training.course3demo.model.Card
DEBUG Ejb3Column - Binding column: Ejb3DiscriminatorColumn{logicalColumnName&apos;DTYPE&apos;, discriminatorTypeName=&apos;string&apos;}
DEBUG EntityBinder - Import with entity name Card
DEBUG EntityBinder - Bind entity com.expeditors.training.course3demo.model.Card on table CARD
DEBUG Ejb3Column - Binding column: Ejb3Column{table=org.hibernate.mapping.Table(CARD), mappingColumn=CARD_ID, insertable=true, updatable=true, unique=false}
DEBUG PropertyBinder - MetadataSourceProcessor property id with lazy=false
DEBUG SimpleValueBinder - building SimpleValue for id
DEBUG PropertyBinder - Building property id
DEBUG Ejb3Column - Binding column: Ejb3JoinColumn{logicalColumnName=&apos;address&apos;, referencedColumn=&apos;&apos;, mappedBy=&apos;&apos;}
DEBUG Ejb3Column - Binding column: Ejb3Column{table=org.hibernate.mapping.Table(CARD), mappingColumn=address, insertable=true, updatable=true, unique=false}
DEBUG PropertyBinder - Building property address
DEBUG Ejb3Column - Binding column: Ejb3Column{table=org.hibernate.mapping.Table(CARD), mappingColumn=amount, insertable=true, updatable=true, unique=false}
DEBUG PropertyBinder - MetadataSourceProcessor property amount with lazy=false
DEBUG SimpleValueBinder - building SimpleValue for amount
DEBUG PropertyBinder - Building property amount
DEBUG Ejb3Column - Binding column: Ejb3Column{table=org.hibernate.mapping.Table(CARD), mappingColumn=CARD_NUMBER, insertable=true, updatable=true, unique=false}
DEBUG PropertyBinder - MetadataSourceProcessor property number with lazy=false
DEBUG SimpleValueBinder - building SimpleValue for number
DEBUG PropertyBinder - Building property number
DEBUG Ejb3Column - Binding column: Ejb3Column{table=org.hibernate.mapping.Table(CARD), mappingColumn=OWNER_NAME, insertable=true, updatable=true, unique=false}
DEBUG PropertyBinder - MetadataSourceProcessor property owner with lazy=false
DEBUG SimpleValueBinder - building SimpleValue for owner
DEBUG PropertyBinder - Building property owner
DEBUG Ejb3Column - Binding column: Ejb3JoinColumn{logicalColumnName=&apos;null&apos;, referencedColumn=&apos;null&apos;, mappedBy=&apos;card&apos;}
DEBUG Ejb3Column - Binding column: Ejb3Column{table=org.hibernate.mapping.Table(CARD), mappingColumn=phoneNumbers, insertable=true, updatable=true, unique=false}
DEBUG Ejb3Column - Binding column: Ejb3Column{table=org.hibernate.mapping.Table(CARD), mappingColumn=index, insertable=true, updatable=true, unique=false}
DEBUG Ejb3Column - Binding column: Ejb3Column{table=org.hibernate.mapping.Table(CARD), mappingColumn=element, insertable=true, updatable=true, unique=false}
DEBUG Ejb3Column - Binding column: Ejb3Column{table=org.hibernate.mapping.Table(CARD), mappingColumn=phoneNumbers_KEY, insertable=true, updatable=true, unique=false}
DEBUG Ejb3Column - Binding column: Ejb3JoinColumn{logicalColumnName=&apos;phoneNumbers_KEY&apos;, referencedColumn=&apos;null&apos;, mappedBy=&apos;null&apos;}
DEBUG Ejb3Column - Binding column: Ejb3JoinColumn{logicalColumnName=&apos;null&apos;, referencedColumn=&apos;null&apos;, mappedBy=&apos;card&apos;}
DEBUG Ejb3Column - Binding column: Ejb3JoinColumn{logicalColumnName=&apos;null&apos;, referencedColumn=&apos;null&apos;, mappedBy=&apos;card&apos;}
DEBUG CollectionBinder - Collection role: com.expeditors.training.course3demo.model.Card.phoneNumbers
DEBUG PropertyBinder - Building property phoneNumbers
DEBUG AnnotationBinder - Binding entity from annotated class: com.expeditors.training.course3demo.model.Container
DEBUG Ejb3Column - Binding column: Ejb3DiscriminatorColumn{logicalColumnName&apos;DTYPE&apos;, discriminatorTypeName=&apos;string&apos;}
DEBUG EntityBinder - Import with entity name Container
DEBUG EntityBinder - Bind entity com.expeditors.training.course3demo.model.Container on table Container
DEBUG Ejb3Column - Binding column: Ejb3Column{table=org.hibernate.mapping.Table(Container), mappingColumn=CONTAINER_ID, insertable=true, updatable=true, unique=false}
DEBUG PropertyBinder - MetadataSourceProcessor property id with lazy=false
DEBUG SimpleValueBinder - building SimpleValue for id
DEBUG PropertyBinder - Building property id
DEBUG Ejb3Column - Binding column: Ejb3Column{table=org.hibernate.mapping.Table(Container), mappingColumn=capacity, insertable=true, updatable=true, unique=false}
DEBUG PropertyBinder - MetadataSourceProcessor property capacity with lazy=false
DEBUG SimpleValueBinder - building SimpleValue for capacity
DEBUG PropertyBinder - Building property capacity
DEBUG Ejb3Column - Binding column: Ejb3Column{table=org.hibernate.mapping.Table(Container), mappingColumn=destination, insertable=true, updatable=true, unique=false}
DEBUG PropertyBinder - MetadataSourceProcessor property destination with lazy=false
DEBUG SimpleValueBinder - building SimpleValue for destination
DEBUG PropertyBinder - Building property destination
DEBUG Ejb3Column - Binding column: Ejb3Column{table=org.hibernate.mapping.Table(Container), mappingColumn=location, insertable=true, updatable=true, unique=false}
DEBUG PropertyBinder - MetadataSourceProcessor property location with lazy=false
DEBUG SimpleValueBinder - building SimpleValue for location
DEBUG PropertyBinder - Building property location
DEBUG Ejb3Column - Binding column: Ejb3Column{table=org.hibernate.mapping.Table(Container), mappingColumn=name, insertable=true, updatable=true, unique=false}
DEBUG PropertyBinder - MetadataSourceProcessor property name with lazy=false
DEBUG SimpleValueBinder - building SimpleValue for name
DEBUG PropertyBinder - Building property name
DEBUG Ejb3Column - Binding column: Ejb3Column{table=org.hibernate.mapping.Table(Container), mappingColumn=status, insertable=true, updatable=true, unique=false}
DEBUG PropertyBinder - MetadataSourceProcessor property status with lazy=false
DEBUG SimpleValueBinder - building SimpleValue for status
DEBUG PropertyBinder - Building property status
DEBUG AnnotationBinder - Binding entity from annotated class: com.expeditors.training.course3demo.model.PhoneNumber
DEBUG Ejb3Column - Binding column: Ejb3DiscriminatorColumn{logicalColumnName&apos;DTYPE&apos;, discriminatorTypeName=&apos;string&apos;}
DEBUG EntityBinder - Import with entity name PhoneNumber
DEBUG EntityBinder - Bind entity com.expeditors.training.course3demo.model.PhoneNumber on table PHONE_NUMBER
DEBUG Ejb3Column - Binding column: Ejb3Column{table=org.hibernate.mapping.Table(PHONE_NUMBER), mappingColumn=PHONE_NUMBER_ID, insertable=true, updatable=true, unique=false}
DEBUG PropertyBinder - MetadataSourceProcessor property id with lazy=false
DEBUG SimpleValueBinder - building SimpleValue for id
DEBUG PropertyBinder - Building property id
DEBUG Ejb3Column - Binding column: Ejb3JoinColumn{logicalColumnName=&apos;CARD_ID&apos;, referencedColumn=&apos;&apos;, mappedBy=&apos;&apos;}
DEBUG Ejb3Column - Binding column: Ejb3Column{table=org.hibernate.mapping.Table(PHONE_NUMBER), mappingColumn=card, insertable=true, updatable=true, unique=false}
DEBUG PropertyBinder - Building property card
DEBUG Ejb3Column - Binding column: Ejb3Column{table=org.hibernate.mapping.Table(PHONE_NUMBER), mappingColumn=PHONE_NUMBER, insertable=true, updatable=true, unique=false}
DEBUG PropertyBinder - MetadataSourceProcessor property number with lazy=false
DEBUG SimpleValueBinder - building SimpleValue for number
DEBUG PropertyBinder - Building property number
DEBUG AnnotationBinder - Binding entity from annotated class: com.expeditors.training.course3demo.model.Product
DEBUG Ejb3Column - Binding column: Ejb3DiscriminatorColumn{logicalColumnName&apos;DTYPE&apos;, discriminatorTypeName=&apos;string&apos;}
DEBUG EntityBinder - Import with entity name Product
DEBUG EntityBinder - Bind entity com.expeditors.training.course3demo.model.Product on table PRODUCT
DEBUG Ejb3Column - Binding column: Ejb3Column{table=org.hibernate.mapping.Table(PRODUCT), mappingColumn=PRODUCT_ID, insertable=true, updatable=true, unique=false}
DEBUG PropertyBinder - MetadataSourceProcessor property id with lazy=false
DEBUG SimpleValueBinder - building SimpleValue for id
DEBUG PropertyBinder - Building property id
DEBUG Ejb3Column - Binding column: Ejb3Column{table=org.hibernate.mapping.Table(PRODUCT), mappingColumn=description, insertable=true, updatable=true, unique=false}
DEBUG PropertyBinder - MetadataSourceProcessor property description with lazy=false
DEBUG SimpleValueBinder - building SimpleValue for description
DEBUG PropertyBinder - Building property description
DEBUG Ejb3Column - Binding column: Ejb3Column{table=org.hibernate.mapping.Table(PRODUCT), mappingColumn=name, insertable=true, updatable=true, unique=false}
DEBUG PropertyBinder - MetadataSourceProcessor property name with lazy=false
DEBUG SimpleValueBinder - building SimpleValue for name
DEBUG PropertyBinder - Building property name
DEBUG Ejb3Column - Binding column: Ejb3Column{table=org.hibernate.mapping.Table(PRODUCT), mappingColumn=price, insertable=true, updatable=true, unique=false}
DEBUG PropertyBinder - MetadataSourceProcessor property price with lazy=false
DEBUG SimpleValueBinder - building SimpleValue for price
DEBUG PropertyBinder - Building property price
DEBUG AnnotationBinder - Binding entity from annotated class: com.expeditors.training.course3demo.model.Shipment
DEBUG Ejb3Column - Binding column: Ejb3DiscriminatorColumn{logicalColumnName&apos;DTYPE&apos;, discriminatorTypeName=&apos;string&apos;}
DEBUG EntityBinder - Import with entity name Shipment
DEBUG EntityBinder - Bind entity com.expeditors.training.course3demo.model.Shipment on table Shipment
DEBUG Ejb3Column - Binding column: Ejb3Column{table=org.hibernate.mapping.Table(Shipment), mappingColumn=SHIPMENT_ID, insertable=true, updatable=true, unique=false}
DEBUG PropertyBinder - MetadataSourceProcessor property id with lazy=false
DEBUG SimpleValueBinder - building SimpleValue for id
DEBUG PropertyBinder - Building property id
DEBUG Ejb3Column - Binding column: Ejb3Column{table=org.hibernate.mapping.Table(Shipment), mappingColumn=destination, insertable=true, updatable=true, unique=false}
DEBUG PropertyBinder - MetadataSourceProcessor property destination with lazy=false
DEBUG SimpleValueBinder - building SimpleValue for destination
DEBUG PropertyBinder - Building property destination
DEBUG Ejb3Column - Binding column: Ejb3Column{table=org.hibernate.mapping.Table(Shipment), mappingColumn=name, insertable=true, updatable=true, unique=false}
DEBUG PropertyBinder - MetadataSourceProcessor property name with lazy=false
DEBUG SimpleValueBinder - building SimpleValue for name
DEBUG PropertyBinder - Building property name
DEBUG Ejb3Column - Binding column: Ejb3Column{table=org.hibernate.mapping.Table(Shipment), mappingColumn=origin, insertable=true, updatable=true, unique=false}
DEBUG PropertyBinder - MetadataSourceProcessor property origin with lazy=false
DEBUG SimpleValueBinder - building SimpleValue for origin
DEBUG PropertyBinder - Building property origin
DEBUG Ejb3Column - Binding column: Ejb3Column{table=org.hibernate.mapping.Table(Shipment), mappingColumn=volume, insertable=true, updatable=true, unique=false}
DEBUG PropertyBinder - MetadataSourceProcessor property volume with lazy=false
DEBUG SimpleValueBinder - building SimpleValue for volume
DEBUG PropertyBinder - Building property volume
DEBUG AnnotationBinder - Binding entity from annotated class: com.expeditors.training.course3demo.model.UserAccount
DEBUG Ejb3Column - Binding column: Ejb3DiscriminatorColumn{logicalColumnName&apos;DTYPE&apos;, discriminatorTypeName=&apos;string&apos;}
DEBUG EntityBinder - Import with entity name UserAccount
DEBUG EntityBinder - Bind entity com.expeditors.training.course3demo.model.UserAccount on table USERACCOUNT
DEBUG Ejb3Column - Binding column: Ejb3Column{table=org.hibernate.mapping.Table(USERACCOUNT), mappingColumn=USER_ID, insertable=true, updatable=true, unique=false}
DEBUG PropertyBinder - MetadataSourceProcessor property id with lazy=false
DEBUG SimpleValueBinder - building SimpleValue for id
DEBUG PropertyBinder - Building property id
DEBUG Ejb3Column - Binding column: Ejb3Column{table=org.hibernate.mapping.Table(USERACCOUNT), mappingColumn=enabled, insertable=true, updatable=true, unique=false}
DEBUG PropertyBinder - MetadataSourceProcessor property enabled with lazy=false
DEBUG SimpleValueBinder - building SimpleValue for enabled
DEBUG PropertyBinder - Building property enabled
DEBUG Ejb3Column - Binding column: Ejb3Column{table=org.hibernate.mapping.Table(USERACCOUNT), mappingColumn=password, insertable=true, updatable=true, unique=false}
DEBUG PropertyBinder - MetadataSourceProcessor property password with lazy=false
DEBUG SimpleValueBinder - building SimpleValue for password
DEBUG PropertyBinder - Building property password
DEBUG Ejb3Column - Binding column: Ejb3JoinColumn{logicalColumnName=&apos;null&apos;, referencedColumn=&apos;null&apos;, mappedBy=&apos;userAccount&apos;}
DEBUG Ejb3Column - Binding column: Ejb3Column{table=org.hibernate.mapping.Table(USERACCOUNT), mappingColumn=userRoles, insertable=true, updatable=true, unique=false}
DEBUG Ejb3Column - Binding column: Ejb3Column{table=org.hibernate.mapping.Table(USERACCOUNT), mappingColumn=null, insertable=true, updatable=true, unique=false}
DEBUG Ejb3Column - Binding column: Ejb3Column{table=org.hibernate.mapping.Table(USERACCOUNT), mappingColumn=element, insertable=true, updatable=true, unique=false}
DEBUG Ejb3Column - Binding column: Ejb3Column{table=org.hibernate.mapping.Table(USERACCOUNT), mappingColumn=userRoles_KEY, insertable=true, updatable=true, unique=false}
DEBUG Ejb3Column - Binding column: Ejb3JoinColumn{logicalColumnName=&apos;userRoles_KEY&apos;, referencedColumn=&apos;null&apos;, mappedBy=&apos;null&apos;}
DEBUG Ejb3Column - Binding column: Ejb3JoinColumn{logicalColumnName=&apos;null&apos;, referencedColumn=&apos;null&apos;, mappedBy=&apos;userAccount&apos;}
DEBUG Ejb3Column - Binding column: Ejb3JoinColumn{logicalColumnName=&apos;null&apos;, referencedColumn=&apos;null&apos;, mappedBy=&apos;userAccount&apos;}
DEBUG CollectionBinder - Collection role: com.expeditors.training.course3demo.model.UserAccount.userRoles
DEBUG PropertyBinder - Building property userRoles
DEBUG Ejb3Column - Binding column: Ejb3Column{table=org.hibernate.mapping.Table(USERACCOUNT), mappingColumn=username, insertable=true, updatable=true, unique=false}
DEBUG PropertyBinder - MetadataSourceProcessor property username with lazy=false
DEBUG SimpleValueBinder - building SimpleValue for username
DEBUG PropertyBinder - Building property username
DEBUG AnnotationBinder - Binding entity from annotated class: com.expeditors.training.course3demo.model.UserRole
DEBUG Ejb3Column - Binding column: Ejb3DiscriminatorColumn{logicalColumnName&apos;DTYPE&apos;, discriminatorTypeName=&apos;string&apos;}
DEBUG EntityBinder - Import with entity name UserRole
DEBUG EntityBinder - Bind entity com.expeditors.training.course3demo.model.UserRole on table USERROLE
DEBUG Ejb3Column - Binding column: Ejb3Column{table=org.hibernate.mapping.Table(USERROLE), mappingColumn=ROLE_ID, insertable=true, updatable=true, unique=false}
DEBUG PropertyBinder - MetadataSourceProcessor property id with lazy=false
DEBUG SimpleValueBinder - building SimpleValue for id
DEBUG PropertyBinder - Building property id
DEBUG Ejb3Column - Binding column: Ejb3Column{table=org.hibernate.mapping.Table(USERROLE), mappingColumn=ROLE_NAME, insertable=true, updatable=true, unique=false}
DEBUG PropertyBinder - MetadataSourceProcessor property role with lazy=false
DEBUG SimpleValueBinder - building SimpleValue for role
DEBUG PropertyBinder - Building property role
DEBUG Ejb3Column - Binding column: Ejb3JoinColumn{logicalColumnName=&apos;ROLE_OWNER&apos;, referencedColumn=&apos;&apos;, mappedBy=&apos;&apos;}
DEBUG Ejb3Column - Binding column: Ejb3Column{table=org.hibernate.mapping.Table(USERROLE), mappingColumn=userAccount, insertable=true, updatable=true, unique=false}
DEBUG PropertyBinder - Building property userAccount
DEBUG SimpleValueBinder - Setting SimpleValue typeName for id
DEBUG SimpleValueBinder - Setting SimpleValue typeName for city
DEBUG SimpleValueBinder - Setting SimpleValue typeName for state
DEBUG SimpleValueBinder - Setting SimpleValue typeName for street
DEBUG SimpleValueBinder - Setting SimpleValue typeName for id
DEBUG SimpleValueBinder - Setting SimpleValue typeName for amount
DEBUG SimpleValueBinder - Setting SimpleValue typeName for number
DEBUG SimpleValueBinder - Setting SimpleValue typeName for owner
DEBUG SimpleValueBinder - Setting SimpleValue typeName for id
DEBUG SimpleValueBinder - Setting SimpleValue typeName for capacity
DEBUG SimpleValueBinder - Setting SimpleValue typeName for destination
DEBUG SimpleValueBinder - Setting SimpleValue typeName for location
DEBUG SimpleValueBinder - Setting SimpleValue typeName for name
DEBUG SimpleValueBinder - Setting SimpleValue typeName for status
DEBUG SimpleValueBinder - Setting SimpleValue typeName for id
DEBUG SimpleValueBinder - Setting SimpleValue typeName for number
DEBUG SimpleValueBinder - Setting SimpleValue typeName for id
DEBUG SimpleValueBinder - Setting SimpleValue typeName for description
DEBUG SimpleValueBinder - Setting SimpleValue typeName for name
DEBUG SimpleValueBinder - Setting SimpleValue typeName for price
DEBUG SimpleValueBinder - Setting SimpleValue typeName for id
DEBUG SimpleValueBinder - Setting SimpleValue typeName for destination
DEBUG SimpleValueBinder - Setting SimpleValue typeName for name
DEBUG SimpleValueBinder - Setting SimpleValue typeName for origin
DEBUG SimpleValueBinder - Setting SimpleValue typeName for volume
DEBUG SimpleValueBinder - Setting SimpleValue typeName for id
DEBUG SimpleValueBinder - Setting SimpleValue typeName for enabled
DEBUG SimpleValueBinder - Setting SimpleValue typeName for password
DEBUG SimpleValueBinder - Setting SimpleValue typeName for username
DEBUG SimpleValueBinder - Setting SimpleValue typeName for id
DEBUG SimpleValueBinder - Setting SimpleValue typeName for role
DEBUG Configuration - Processing fk mappings (*ToOne and JoinedSubclass)
DEBUG Configuration - Processing extends queue
DEBUG Configuration - Processing extends queue
DEBUG Configuration - Processing collection mappings
DEBUG CollectionSecondPass - Second pass for collection: com.expeditors.training.course3demo.model.Card.phoneNumbers
DEBUG CollectionBinder - Binding a OneToMany: com.expeditors.training.course3demo.model.Card.phoneNumbers through a foreign key
DEBUG CollectionBinder - Mapping collection: com.expeditors.training.course3demo.model.Card.phoneNumbers -&gt; PHONE_NUMBER
DEBUG TableBinder - Retrieving property com.expeditors.training.course3demo.model.PhoneNumber.card
DEBUG SimpleValueBinder - building SimpleValue for null
DEBUG SimpleValueBinder - Setting SimpleValue typeName for null
DEBUG CollectionSecondPass - Mapped collection key: CARD_ID, index: index, one-to-many: com.expeditors.training.course3demo.model.PhoneNumber
DEBUG CollectionSecondPass - Second pass for collection: com.expeditors.training.course3demo.model.UserAccount.userRoles
DEBUG CollectionBinder - Binding a OneToMany: com.expeditors.training.course3demo.model.UserAccount.userRoles through a foreign key
DEBUG CollectionBinder - Mapping collection: com.expeditors.training.course3demo.model.UserAccount.userRoles -&gt; USERROLE
DEBUG TableBinder - Retrieving property com.expeditors.training.course3demo.model.UserRole.userAccount
DEBUG CollectionSecondPass - Mapped collection key: ROLE_OWNER, one-to-many: com.expeditors.training.course3demo.model.UserRole
DEBUG Configuration - Processing native query and ResultSetMapping mappings
DEBUG Configuration - Processing association property references
DEBUG Configuration - Creating tables&apos; unique integer identifiers
DEBUG Configuration - Processing foreign key constraints
DEBUG Configuration - Resolving reference to class: com.expeditors.training.course3demo.model.Address
DEBUG Configuration - Resolving reference to class: com.expeditors.training.course3demo.model.Card
DEBUG Configuration - Resolving reference to class: com.expeditors.training.course3demo.model.UserAccount
INFO  ConnectionProviderInitiator - HHH000130: Instantiating explicit connection provider: org.hibernate.ejb.connection.InjectedDataSourceConnectionProvider
DEBUG DriverManagerDataSource - Creating new JDBC DriverManager Connection to [jdbc:hsqldb:mem:paging]
DEBUG JdbcServicesImpl - Database -&gt;
       name : HSQL Database Engine
    version : 2.2.4
      major : 2
      minor : 2
DEBUG JdbcServicesImpl - Driver -&gt;
       name : HSQL Database Engine Driver
    version : 2.2.4
      major : 2
      minor : 2
DEBUG JdbcServicesImpl - JDBC version : 4.0
INFO  Dialect - HHH000400: Using dialect: org.hibernate.dialect.HSQLDialect
DEBUG SettingsFactory - Automatic flush during beforeCompletion(): disabled
DEBUG SettingsFactory - Automatic session close at end of transaction: disabled
DEBUG SettingsFactory - JDBC batch size: 15
DEBUG SettingsFactory - JDBC batch updates for versioned data: disabled
DEBUG SettingsFactory - Scrollable result sets: enabled
DEBUG SettingsFactory - Wrap result sets: disabled
DEBUG SettingsFactory - JDBC3 getGeneratedKeys(): enabled
DEBUG SettingsFactory - multi-tenancy strategy : NONE
DEBUG SettingsFactory - Connection release mode: auto
INFO  TransactionFactoryInitiator - HHH000268: Transaction strategy: org.hibernate.engine.transaction.internal.jdbc.JdbcTransactionFactory
DEBUG SettingsFactory - Using BatchFetchStyle : LEGACY
DEBUG SettingsFactory - Default batch fetch size: 1
DEBUG SettingsFactory - Generate SQL with comments: disabled
DEBUG SettingsFactory - Order SQL updates by primary key: disabled
DEBUG SettingsFactory - Order SQL inserts for batching: disabled
DEBUG SettingsFactory - Default null ordering: none
DEBUG SettingsFactory - Query translator: org.hibernate.hql.internal.ast.ASTQueryTranslatorFactory
INFO  ASTQueryTranslatorFactory - HHH000397: Using ASTQueryTranslatorFactory
DEBUG SettingsFactory - Query language substitutions: {}
DEBUG SettingsFactory - JPA-QL strict compliance: enabled
DEBUG SettingsFactory - Second-level cache: enabled
DEBUG SettingsFactory - Query cache: disabled
DEBUG SettingsFactory - Cache region factory : org.hibernate.cache.internal.NoCachingRegionFactory
DEBUG SettingsFactory - org.hibernate.cache.internal.NoCachingRegionFactory did not provide constructor accepting java.util.Properties; attempting no-arg constructor.
DEBUG SettingsFactory - Optimize cache for minimal puts: disabled
DEBUG SettingsFactory - Structured second-level cache entries: disabled
DEBUG SettingsFactory - Second-level cache direct-reference entries: disabled
DEBUG SettingsFactory - Statistics: disabled
DEBUG SettingsFactory - Deleted entity synthetic identifier rollback: disabled
DEBUG SettingsFactory - Default entity-mode: pojo
DEBUG SettingsFactory - Named query checking : enabled
DEBUG SettingsFactory - Check Nullability in Core (should be disabled when Bean Validation is on): enabled
DEBUG SettingsFactory - Allow initialization of lazy state outside session : : disabled
DEBUG SettingsFactory - JTA Track by Thread: enabled
DEBUG SessionFactoryImpl - Building session factory
DEBUG SessionFactoryImpl - Session factory constructed with filter configurations : {}
DEBUG SessionFactoryImpl - Instantiating session factory with properties: {java.vendor=Oracle Corporation, localRepository=C:\Users\chq-jamesgl\.m2\repository, hibernate=org.hibernate.dialect.HSQLDialect, sun.java.launcher=SUN_STANDARD, sun.management.compiler=HotSpot 64-Bit Tiered Compilers, hibernate.ejb.discard_pc_on_close=false, hibernate.transaction.flush_before_completion=false, os.name=Windows 7, sun.boot.class.path=C:\Program Files\Java\jdk1.8.0_20\jre\lib\resources.jar;C:\Program Files\Java\jdk1.8.0_20\jre\lib\rt.jar;C:\Program Files\Java\jdk1.8.0_20\jre\lib\sunrsasign.jar;C:\Program Files\Java\jdk1.8.0_20\jre\lib\jsse.jar;C:\Program Files\Java\jdk1.8.0_20\jre\lib\jce.jar;C:\Program Files\Java\jdk1.8.0_20\jre\lib\charsets.jar;C:\Program Files\Java\jdk1.8.0_20\jre\lib\jfr.jar;C:\Program Files\Java\jdk1.8.0_20\jre\classes, sun.desktop=windows, java.vm.specification.vendor=Oracle Corporation, java.runtime.version=1.8.0_20-b26, hibernate.connection.autocommit=true, user.name=chq-jamesgl, javax.persistence.validation.mode=AUTO, hibernate.connection.release_mode=auto, user.language=en, sun.boot.library.path=C:\Program Files\Java\jdk1.8.0_20\jre\bin, java.version=1.8.0_20, user.timezone=America/Los_Angeles, sun.arch.data.model=64, java.endorsed.dirs=C:\Program Files\Java\jdk1.8.0_20\jre\lib\endorsed, sun.cpu.isalist=amd64, sun.jnu.encoding=Cp1252, file.encoding.pkg=sun.io, file.separator=\, java.specification.name=Java Platform API Specification, java.class.version=52.0, user.country=US, java.home=C:\Program Files\Java\jdk1.8.0_20\jre, java.vm.info=mixed mode, os.version=6.1, hibernate.transaction.factory_class=org.hibernate.engine.transaction.internal.jdbc.JdbcTransactionFactory, hibernate.connection.datasource=org.springframework.jdbc.datasource.DriverManagerDataSource@66213a0d, surefire.real.class.path=C:\Users\chq-jamesgl\STS_work2\finalprojectgleixner\target\surefire\surefirebooter2652706606512848435.jar, hibernate.query.jpaql_strict_compliance=true, path.separator=;, java.vm.version=25.20-b23, user.variant=, java.awt.printerjob=sun.awt.windows.WPrinterJob, sun.io.unicode.encoding=UnicodeLittle, awt.toolkit=sun.awt.windows.WToolkit, user.script=, user.home=C:\Users\chq-jamesgl, java.specification.vendor=Oracle Corporation, hibernate.hbm2ddl.auto=create-drop, java.library.path=C:\Program Files\Java\jdk1.8.0_20\jre\bin;C:\WINDOWS\Sun\Java\bin;C:\WINDOWS\system32;C:\WINDOWS;C:/Program Files/Java/jdk1.7.0_45/bin/../jre/bin/server;C:/Program Files/Java/jdk1.7.0_45/bin/../jre/bin;C:/Program Files/Java/jdk1.7.0_45/bin/../jre/lib/amd64;C:\Program Files\spring-1.2.1.RELEASE\bin;C:\Maven\apache-maven-3.0.5\bin;C:\Program Files\Java\jdk1.7.0_45\bin;C:\ProgramData\Oracle\Java\javapath;C:\Program Files (x86)\Intel\iCLS Client\;C:\Program Files\Intel\iCLS Client\;C:\WINDOWS\system32;C:\WINDOWS;C:\WINDOWS\System32\Wbem;C:\WINDOWS\System32\WindowsPowerShell\v1.0\;C:\Program Files\Intel\DMIX;C:\WINDOWS\CCM;C:\WINDOWS\CCM;C:\WINDOWS\CCM;C:\WINDOWS\CCM;C:\WINDOWS\CCM;C:\WINDOWS\CCM;C:\WINDOWS\CCM;C:\PROGRA~2\IBM\SQLLIB\BIN;C:\PROGRA~2\IBM\SQLLIB\FUNCTION;C:\PROGRA~2\IBM\SQLLIB\SAMPLES\REPL;C:\Program Files\Intel\Intel(R) Management Engine Components\DAL;C:\Program Files\Intel\Intel(R) Management Engine Components\IPT;C:\Program Files (x86)\Intel\Intel(R) Management Engine Components\DAL;C:\Program Files (x86)\Intel\Intel(R) Management Engine Components\IPT;C:\Program Files\Microsoft\Web Platform Installer\;C:\Program Files\TortoiseSVN\bin;C:\Users\chq-jamesgl\Documents\STS2\sts-bundle\sts-3.6.3.SR1;;., java.vendor.url=http://java.oracle.com/, java.vm.vendor=Oracle Corporation, java.runtime.name=Java(TM) SE Runtime Environment, sun.java.command=C:\Users\chq-jamesgl\STS_work2\finalprojectgleixner\target\surefire\surefirebooter2652706606512848435.jar C:\Users\chq-jamesgl\STS_work2\finalprojectgleixner\target\surefire\surefire292260823960733787tmp C:\Users\chq-jamesgl\STS_work2\finalprojectgleixner\target\surefire\surefire_03224240600998134897tmp, java.class.path=C:\Users\chq-jamesgl\STS_work2\finalprojectgleixner\target\test-classes;C:\Users\chq-jamesgl\STS_work2\finalprojectgleixner\target\classes;C:\Users\chq-jamesgl\.m2\repository\org\springframework\spring-webmvc\3.2.3.RELEASE\spring-webmvc-3.2.3.RELEASE.jar;C:\Users\chq-jamesgl\.m2\repository\org\springframework\spring-beans\3.2.3.RELEASE\spring-beans-3.2.3.RELEASE.jar;C:\Users\chq-jamesgl\.m2\repository\org\springframework\spring-context\3.2.3.RELEASE\spring-context-3.2.3.RELEASE.jar;C:\Users\chq-jamesgl\.m2\repository\org\springframework\spring-core\3.2.3.RELEASE\spring-core-3.2.3.RELEASE.jar;C:\Users\chq-jamesgl\.m2\repository\commons-logging\commons-logging\1.1.1\commons-logging-1.1.1.jar;C:\Users\chq-jamesgl\.m2\repository\org\springframework\spring-expression\3.2.3.RELEASE\spring-expression-3.2.3.RELEASE.jar;C:\Users\chq-jamesgl\.m2\repository\org\springframework\spring-web\3.2.3.RELEASE\spring-web-3.2.3.RELEASE.jar;C:\Users\chq-jamesgl\.m2\repository\org\springframework\se
[...]
DEBUG Configuration - Processing foreign key constraints
DEBUG Configuration - Resolving reference to class: com.expeditors.training.course3demo.model.Address
DEBUG Configuration - Resolving reference to class: com.expeditors.training.course3demo.model.Card
DEBUG Configuration - Resolving reference to class: com.expeditors.training.course3demo.model.UserAccount
DEBUG DefaultIdentifierGeneratorFactory - Setting dialect [org.hibernate.dialect.HSQLDialect]
DEBUG DefaultIdentifierGeneratorFactory - Setting dialect [org.hibernate.dialect.HSQLDialect]
DEBUG DefaultIdentifierGeneratorFactory - Setting dialect [org.hibernate.dialect.HSQLDialect]
DEBUG DefaultIdentifierGeneratorFactory - Setting dialect [org.hibernate.dialect.HSQLDialect]
DEBUG DefaultIdentifierGeneratorFactory - Setting dialect [org.hibernate.dialect.HSQLDialect]
DEBUG DefaultIdentifierGeneratorFactory - Setting dialect [org.hibernate.dialect.HSQLDialect]
DEBUG DefaultIdentifierGeneratorFactory - Setting dialect [org.hibernate.dialect.HSQLDialect]
DEBUG DefaultIdentifierGeneratorFactory - Setting dialect [org.hibernate.dialect.HSQLDialect]
DEBUG DefaultIdentifierGeneratorFactory - Setting dialect [org.hibernate.dialect.HSQLDialect]
DEBUG DefaultIdentifierGeneratorFactory - Setting dialect [org.hibernate.dialect.HSQLDialect]
DEBUG DefaultIdentifierGeneratorFactory - Setting dialect [org.hibernate.dialect.HSQLDialect]
DEBUG DefaultIdentifierGeneratorFactory - Setting dialect [org.hibernate.dialect.HSQLDialect]
DEBUG DefaultIdentifierGeneratorFactory - Setting dialect [org.hibernate.dialect.HSQLDialect]
DEBUG DefaultIdentifierGeneratorFactory - Setting dialect [org.hibernate.dialect.HSQLDialect]
DEBUG DefaultIdentifierGeneratorFactory - Setting dialect [org.hibernate.dialect.HSQLDialect]
DEBUG DefaultIdentifierGeneratorFactory - Setting dialect [org.hibernate.dialect.HSQLDialect]
DEBUG SessionFactoryImpl - Checking 0 named HQL queries
DEBUG SessionFactoryImpl - Checking 0 named SQL queries
DEBUG StatisticsInitiator - Statistics initialized [enabled=false]
DEBUG EntityManagerFactoryRegistry - Registering EntityManagerFactory: default 
DEBUG DefaultListableBeanFactory - Finished creating instance of bean &apos;entityManagerFactory&apos;
INFO  DefaultListableBeanFactory - Pre-instantiating singletons in org.springframework.beans.factory.support.DefaultListableBeanFactory@8f2098e: defining beans [org.springframework.context.annotation.internalConfigurationAnnotationProcessor,org.springframework.context.annotation.internalAutowiredAnnotationProcessor,org.springframework.context.annotation.internalRequiredAnnotationProcessor,org.springframework.context.annotation.internalCommonAnnotationProcessor,org.springframework.context.annotation.internalPersistenceAnnotationProcessor,testConfig,org.springframework.context.annotation.ConfigurationClassPostProcessor.importAwareProcessor,cardController,containerController,errorLoginController,homeController,productController,securityController,shipmentController,org.springframework.web.servlet.config.annotation.DelegatingWebMvcConfiguration,requestMappingHandlerMapping,mvcContentNegotiationManager,viewControllerHandlerMapping,beanNameHandlerMapping,resourceHandlerMapping,defaultServletHandlerMapping,requestMappingHandlerAdapter,mvcConversionService,httpRequestHandlerAdapter,simpleControllerHandlerAdapter,handlerExceptionResolver,mvcValidator,com.expeditors.training.course3demo.config.PersistenceJPATestConfig,entityManagerFactory,dataSource,containerService,shipmentService,productService,viewResolver]; root of factory hierarchy
DEBUG DefaultListableBeanFactory - Returning cached instance of singleton bean &apos;org.springframework.context.annotation.internalConfigurationAnnotationProcessor&apos;
DEBUG DefaultListableBeanFactory - Returning cached instance of singleton bean &apos;org.springframework.context.annotation.internalAutowiredAnnotationProcessor&apos;
DEBUG DefaultListableBeanFactory - Returning cached instance of singleton bean &apos;org.springframework.context.annotation.internalRequiredAnnotationProcessor&apos;
DEBUG DefaultListableBeanFactory - Returning cached instance of singleton bean &apos;org.springframework.context.annotation.internalCommonAnnotationProcessor&apos;
DEBUG DefaultListableBeanFactory - Returning cached instance of singleton bean &apos;org.springframework.context.annotation.internalPersistenceAnnotationProcessor&apos;
DEBUG DefaultListableBeanFactory - Creating shared instance of singleton bean &apos;testConfig&apos;
DEBUG DefaultListableBeanFactory - Creating instance of bean &apos;testConfig&apos;
DEBUG DefaultListableBeanFactory - Eagerly caching bean &apos;testConfig&apos; to allow for resolving potential circular references
DEBUG DefaultListableBeanFactory - Finished creating instance of bean &apos;testConfig&apos;
DEBUG DefaultListableBeanFactory - Returning cached instance of singleton bean &apos;org.springframework.context.annotation.ConfigurationClassPostProcessor.importAwareProcessor&apos;
DEBUG DefaultListableBeanFactory - Creating shared instance of singleton bean &apos;cardController&apos;
DEBUG DefaultListableBeanFactory - Creating instance of bean &apos;cardController&apos;
DEBUG InjectionMetadata - Registered injected element on class [com.expeditors.training.course3demo.controller.CardController]: AutowiredFieldElement for com.expeditors.training.course3demo.service.CardService com.expeditors.training.course3demo.controller.CardController.cardService
DEBUG DefaultListableBeanFactory - Eagerly caching bean &apos;cardController&apos; to allow for resolving potential circular references
DEBUG InjectionMetadata - Processing injected method of bean &apos;cardController&apos;: AutowiredFieldElement for com.expeditors.training.course3demo.service.CardService com.expeditors.training.course3demo.controller.CardController.cardService
INFO  DefaultListableBeanFactory - Destroying singletons in org.springframework.beans.factory.support.DefaultListableBeanFactory@8f2098e: defining beans [org.springframework.context.annotation.internalConfigurationAnnotationProcessor,org.springframework.context.annotation.internalAutowiredAnnotationProcessor,org.springframework.context.annotation.internalRequiredAnnotationProcessor,org.springframework.context.annotation.internalCommonAnnotationProcessor,org.springframework.context.annotation.internalPersistenceAnnotationProcessor,testConfig,org.springframework.context.annotation.ConfigurationClassPostProcessor.importAwareProcessor,cardController,containerController,errorLoginController,homeController,productController,securityController,shipmentController,org.springframework.web.servlet.config.annotation.DelegatingWebMvcConfiguration,requestMappingHandlerMapping,mvcContentNegotiationManager,viewControllerHandlerMapping,beanNameHandlerMapping,resourceHandlerMapping,defaultServletHandlerMapping,requestMappingHandlerAdapter,mvcConversionService,httpRequestHandlerAdapter,simpleControllerHandlerAdapter,handlerExceptionResolver,mvcValidator,com.expeditors.training.course3demo.config.PersistenceJPATestConfig,entityManagerFactory,dataSource,containerService,shipmentService,productService,viewResolver]; root of factory hierarchy
DEBUG DisposableBeanAdapter - Invoking destroy() on bean with name &apos;testConfig&apos;
DEBUG DisposableBeanAdapter - Invoking destroy() on bean with name &apos;entityManagerFactory&apos;
INFO  LocalContainerEntityManagerFactoryBean - Closing JPA EntityManagerFactory for persistence unit &apos;default&apos;
DEBUG SessionFactoryImpl - HHH000031: Closing
INFO  SchemaExport - HHH000227: Running hbm2ddl schema export
DEBUG SchemaExport - Import file not found: /import.sql
DEBUG DriverManagerDataSource - Creating new JDBC DriverManager Connection to [jdbc:hsqldb:mem:paging]
DEBUG SQL - alter table CARD drop constraint FK_1379ef24b8bb428ba8a60aa6bc5
Hibernate: alter table CARD drop constraint FK_1379ef24b8bb428ba8a60aa6bc5
DEBUG SQL - alter table PHONE_NUMBER drop constraint FK_db0c0bdc162c4816bc486f2217b
Hibernate: alter table PHONE_NUMBER drop constraint FK_db0c0bdc162c4816bc486f2217b
DEBUG SQL - alter table USERROLE drop constraint FK_c736c7b24e6a436dba027cc6d28
Hibernate: alter table USERROLE drop constraint FK_c736c7b24e6a436dba027cc6d28
DEBUG SQL - drop table ADDRESS if exists
Hibernate: drop table ADDRESS if exists
DEBUG SQL - drop table CARD if exists
Hibernate: drop table CARD if exists
DEBUG SQL - drop table Container if exists
Hibernate: drop table Container if exists
DEBUG SQL - drop table PHONE_NUMBER if exists
Hibernate: drop table PHONE_NUMBER if exists
DEBUG SQL - drop table PRODUCT if exists
Hibernate: drop table PRODUCT if exists
DEBUG SQL - drop table Shipment if exists
Hibernate: drop table Shipment if exists
DEBUG SQL - drop table USERACCOUNT if exists
Hibernate: drop table USERACCOUNT if exists
DEBUG SQL - drop table USERROLE if exists
Hibernate: drop table USERROLE if exists
INFO  SchemaExport - HHH000230: Schema export complete
DEBUG EntityManagerFactoryRegistry - Remove: name=default
DEBUG DisposableBeanAdapter - Invoking destroy() on bean with name &apos;com.expeditors.training.course3demo.config.PersistenceJPATestConfig&apos;
ERROR TestContextManager - Caught exception while allowing TestExecutionListener [org.springframework.test.context.web.ServletTestExecutionListener@7718a40f] to prepare test instance [com.expeditors.training.course3demo.controller.ProductControllerTest@312b34e3]
java.lang.IllegalStateException: Failed to load ApplicationContext
	at org.springframework.test.context.CacheAwareContextLoaderDelegate.loadContext(CacheAwareContextLoaderDelegate.java:99) ~[spring-test-3.2.3.RELEASE.jar:3.2.3.RELEASE]
	at org.springframework.test.context.TestContext.getApplicationContext(TestContext.java:122) ~[spring-test-3.2.3.RELEASE.jar:3.2.3.RELEASE]
	at org.springframework.test.context.web.ServletTestExecutionListener.setUpRequestContextIfNecessary(ServletTestExecutionListener.java:105) ~[spring-test-3.2.3.RELEASE.jar:3.2.3.RELEASE]
	at org.springframework.test.context.web.ServletTestExecutionListener.prepareTestInstance(ServletTestExecutionListener.java:74) ~[spring-test-3.2.3.RELEASE.jar:3.2.3.RELEASE]
	at org.springframework.test.context.TestContextManager.prepareTestInstance(TestContextManager.java:312) ~[spring-test-3.2.3.RELEASE.jar:3.2.3.RELEASE]
	at org.springframework.test.context.junit4.SpringJUnit4ClassRunner.createTest(SpringJUnit4ClassRunner.java:211) [spring-test-3.2.3.RELEASE.jar:3.2.3.RELEASE]
	at org.springframework.test.context.junit4.SpringJUnit4ClassRunner$1.runReflectiveCall(SpringJUnit4ClassRunner.java:288) [spring-test-3.2.3.RELEASE.jar:3.2.3.RELEASE]
	at org.junit.internal.runners.model.ReflectiveCallable.run(ReflectiveCallable.java:12) [junit-4.11.jar:na]
	at org.springframework.test.context.junit4.SpringJUnit4ClassRunner.methodBlock(SpringJUnit4ClassRunner.java:284) [spring-test-3.2.3.RELEASE.jar:3.2.3.RELEASE]
	at org.springframework.test.context.junit4.SpringJUnit4ClassRunner.runChild(SpringJUnit4ClassRunner.java:231) [spring-test-3.2.3.RELEASE.jar:3.2.3.RELEASE]
	at org.springframework.test.context.junit4.SpringJUnit4ClassRunner.runChild(SpringJUnit4ClassRunner.java:88) [spring-test-3.2.3.RELEASE.jar:3.2.3.RELEASE]
	at org.junit.runners.ParentRunner$3.run(ParentRunner.java:238) [junit-4.11.jar:na]
	at org.junit.runners.ParentRunner$1.schedule(ParentRunner.java:63) [junit-4.11.jar:na]
	at org.junit.runners.ParentRunner.runChildren(ParentRunner.java:236) [junit-4.11.jar:na]
	at org.junit.runners.ParentRunner.access$000(ParentRunner.java:53) [junit-4.11.jar:na]
	at org.junit.runners.ParentRunner$2.evaluate(ParentRunner.java:229) [junit-4.11.jar:na]
	at org.springframework.test.context.junit4.statements.RunBeforeTestClassCallbacks.evaluate(RunBeforeTestClassCallbacks.java:61) [spring-test-3.2.3.RELEASE.jar:3.2.3.RELEASE]
	at org.springframework.test.context.junit4.statements.RunAfterTestClassCallbacks.evaluate(RunAfterTestClassCallbacks.java:71) [spring-test-3.2.3.RELEASE.jar:3.2.3.RELEASE]
	at org.junit.runners.ParentRunner.run(ParentRunner.java:309) [junit-4.11.jar:na]
	at org.springframework.test.context.junit4.SpringJUnit4ClassRunner.run(SpringJUnit4ClassRunner.java:174) [spring-test-3.2.3.RELEASE.jar:3.2.3.RELEASE]
	at org.apache.maven.surefire.junit4.JUnit4Provider.execute(JUnit4Provider.java:252) [surefire-junit4-2.12.4.jar:2.12.4]
	at org.apache.maven.surefire.junit4.JUnit4Provider.executeTestSet(JUnit4Provider.java:141) [surefire-junit4-2.12.4.jar:2.12.4]
	at org.apache.maven.surefire.junit4.JUnit4Provider.invoke(JUnit4Provider.java:112) [surefire-junit4-2.12.4.jar:2.12.4]
	at sun.reflect.NativeMethodAccessorImpl.invoke0(Native Method) ~[na:1.8.0_20]
	at sun.reflect.NativeMethodAccessorImpl.invoke(NativeMethodAccessorImpl.java:62) ~[na:1.8.0_20]
	at sun.reflect.DelegatingMethodAccessorImpl.invoke(DelegatingMethodAccessorImpl.java:43) ~[na:1.8.0_20]
	at java.lang.reflect.Method.invoke(Method.java:483) ~[na:1.8.0_20]
	at org.apache.maven.surefire.util.ReflectionUtils.invokeMethodWithArray(ReflectionUtils.java:189) [surefire-api-2.12.4.jar:2.12.4]
	at org.apache.maven.surefire.booter.ProviderFactory$ProviderProxy.invoke(ProviderFactory.java:165) [surefire-booter-2.12.4.jar:2.12.4]
	at org.apache.maven.surefire.booter.ProviderFactory.invokeProvider(ProviderFactory.java:85) [surefire-booter-2.12.4.jar:2.12.4]
	at org.apache.maven.surefire.booter.ForkedBooter.runSuitesInProcess(ForkedBooter.java:115) [surefire-booter-2.12.4.jar:2.12.4]
	at org.apache.maven.surefire.booter.ForkedBooter.main(ForkedBooter.java:75) [surefire-booter-2.12.4.jar:2.12.4]
Caused by: org.springframework.beans.factory.BeanCreationException: Error creating bean with name &apos;cardController&apos;: Injection of autowired dependencies failed; nested exception is org.springframework.beans.factory.BeanCreationException: Could not autowire field: com.expeditors.training.course3demo.service.CardService com.expeditors.training.course3demo.controller.CardController.cardService; nested exception is org.springframework.beans.factory.NoSuchBeanDefinitionException: No qualifying bean of type [com.expeditors.training.course3demo.service.CardService] found for dependency: expected at least 1 bean which qualifies as autowire candidate for this dependency. Dependency annotations: {@org.springframework.beans.factory.annotation.Autowired(required=true)}
	at org.springframework.beans.factory.annotation.AutowiredAnnotationBeanPostProcessor.postProcessPropertyValues(AutowiredAnnotationBeanPostProcessor.java:288) ~[spring-beans-3.2.3.RELEASE.jar:3.2.3.RELEASE]
	at org.springframework.beans.factory.support.AbstractAutowireCapableBeanFactory.populateBean(AbstractAutowireCapableBeanFactory.java:1116) ~[spring-beans-3.2.3.RELEASE.jar:3.2.3.RELEASE]
	at org.springframework.beans.factory.support.AbstractAutowireCapableBeanFactory.doCreateBean(AbstractAutowireCapableBeanFactory.java:519) ~[spring-beans-3.2.3.RELEASE.jar:3.2.3.RELEASE]
	at org.springframework.beans.factory.support.AbstractAutowireCapableBeanFactory.createBean(AbstractAutowireCapableBeanFactory.java:458) ~[spring-beans-3.2.3.RELEASE.jar:3.2.3.RELEASE]
	at org.springframework.beans.factory.support.AbstractBeanFactory$1.getObject(AbstractBeanFactory.java:295) ~[spring-beans-3.2.3.RELEASE.jar:3.2.3.RELEASE]
	at org.springframework.beans.factory.support.DefaultSingletonBeanRegistry.getSingleton(DefaultSingletonBeanRegistry.java:223) ~[spring-beans-3.2.3.RELEASE.jar:3.2.3.RELEASE]
	at org.springframework.beans.factory.support.AbstractBeanFactory.doGetBean(AbstractBeanFactory.java:292) ~[spring-beans-3.2.3.RELEASE.jar:3.2.3.RELEASE]
	at org.springframework.beans.factory.support.AbstractBeanFactory.getBean(AbstractBeanFactory.java:194) ~[spring-beans-3.2.3.RELEASE.jar:3.2.3.RELEASE]
	at org.springframework.beans.factory.support.DefaultListableBeanFactory.preInstantiateSingletons(DefaultListableBeanFactory.java:626) ~[spring-beans-3.2.3.RELEASE.jar:3.2.3.RELEASE]
	at org.springframework.context.support.AbstractApplicationContext.finishBeanFactoryInitialization(AbstractApplicationContext.java:932) ~[spring-context-3.2.3.RELEASE.jar:3.2.3.RELEASE]
	at org.springframework.context.support.AbstractApplicationContext.refresh(AbstractApplicationContext.java:479) ~[spring-context-3.2.3.RELEASE.jar:3.2.3.RELEASE]
	at org.springframework.test.context.web.AbstractGenericWebContextLoader.loadContext(AbstractGenericWebContextLoader.java:128) ~[spring-test-3.2.3.RELEASE.jar:3.2.3.RELEASE]
	at org.springframework.test.context.web.AbstractGenericWebContextLoader.loadContext(AbstractGenericWebContextLoader.java:60) ~[spring-test-3.2.3.RELEASE.jar:3.2.3.RELEASE]
	at org.springframework.test.context.support.AbstractDelegatingSmartContextLoader.delegateLoading(AbstractDelegatingSmartContextLoader.java:100) ~[spring-test-3.2.3.RELEASE.jar:3.2.3.RELEASE]
	at org.springframework.test.context.support.AbstractDelegatingSmartContextLoader.loadContext(AbstractDelegatingSmartContextLoader.java:248) ~[spring-test-3.2.3.RELEASE.jar:3.2.3.RELEASE]
	at org.springframework.test.context.CacheAwareContextLoaderDelegate.loadContextInternal(CacheAwareContextLoaderDelegate.java:64) ~[spring-test-3.2.3.RELEASE.jar:3.2.3.RELEASE]
	at org.springframework.test.context.CacheAwareContextLoaderDelegate.loadContext(CacheAwareContextLoaderDelegate.java:91) ~[spring-test-3.2.3.RELEASE.jar:3.2.3.RELEASE]
	... 31 common frames omitted
Caused by: org.springframework.beans.factory.BeanCreationException: Could not autowire field: com.expeditors.training.course3demo.service.CardService com.expeditors.training.course3demo.controller.CardController.cardService; nested exception is org.springframework.beans.factory.NoSuchBeanDefinitionException: No qualifying bean of type [com.expeditors.training.course3demo.service.CardService] found for dependency: expected at least 1 bean which qualifies as autowire candidate for this dependency. Dependency annotations: {@org.springframework.beans.factory.annotation.Autowired(required=true)}
	at org.springframework.beans.factory.annotation.AutowiredAnnotationBeanPostProcessor$AutowiredFieldElement.inject(AutowiredAnnotationBeanPostProcessor.java:514) ~[spring-beans-3.2.3.RELEASE.jar:3.2.3.RELEASE]
	at org.springframework.beans.factory.annotation.InjectionMetadata.inject(InjectionMetadata.java:87) ~[spring-beans-3.2.3.RELEASE.jar:3.2.3.RELEASE]
	at org.springframework.beans.factory.annotation.AutowiredAnnotationBeanPostProcessor.postProcessPropertyValues(AutowiredAnnotationBeanPostProcessor.java:285) ~[spring-beans-3.2.3.RELEASE.jar:3.2.3.RELEASE]
	... 47 common frames omitted
Caused by: org.springframework.beans.factory.NoSuchBeanDefinitionException: No qualifying bean of type [com.expeditors.training.course3demo.service.CardService] found for dependency: expected at least 1 bean which qualifies as autowire candidate for this dependency. Dependency annotations: {@org.springframework.beans.factory.annotation.Autowired(required=true)}
	at org.springframework.beans.factory.support.DefaultListableBeanFactory.raiseNoSuchBeanDefinitionException(DefaultListableBeanFactory.java:986) ~[spring-beans-3.2.3.RELEASE.jar:3.2.3.RELEASE]
	at org.springframework.beans.factory.support.DefaultListableBeanFactory.doResolveDependency(DefaultListableBeanFactory.java:856) ~[spring-beans-3.2.3.RELEASE.jar:3.2.3.RELEASE]
	at org.springframework.beans.factory.support.DefaultListableBeanFactory.resolveDependency(DefaultListableBeanFactory.java:768) ~[spring-beans-3.2.3.RELEASE.jar:3.2.3.RELEASE]
	at org.springframework.beans.factory.annotation.AutowiredAnnotationBeanPostProcessor$AutowiredFieldElement.inject(AutowiredAnnotationBeanPostProcessor.java:486) ~[spring-beans-3.2.3.RELEASE.jar:3.2.3.RELEASE]
	... 49 common frames omitted
</system-out>
  </testcase>
</testsuite>