<?xml version="1.0" encoding="UTF-8" ?>
<testsuite tests="7" failures="0" name="com.expeditors.training.course3demo.controller.ContainerControllerTest" time="2.487" errors="0" skipped="0">
  <properties>
[...]
</properties>
  <testcase classname="com.expeditors.training.course3demo.controller.ContainerControllerTest" name="testShowAddContainers" time="2.374"/>
  <testcase classname="com.expeditors.training.course3demo.controller.ContainerControllerTest" name="testAddContainerSuccess" time="0.048"/>
  <testcase classname="com.expeditors.training.course3demo.controller.ContainerControllerTest" name="testAddContainerNameError" time="0.016"/>
  <testcase classname="com.expeditors.training.course3demo.controller.ContainerControllerTest" name="testAddContainerDestinationFailure" time="0.008"/>
  <testcase classname="com.expeditors.training.course3demo.controller.ContainerControllerTest" name="testAddContainerLocationError" time="0.006"/>
  <testcase classname="com.expeditors.training.course3demo.controller.ContainerControllerTest" name="testShowContainers" time="0.021"/>
  <testcase classname="com.expeditors.training.course3demo.controller.ContainerControllerTest" name="testAddContainerStatusError" time="0.014"/>
</testsuite>