<?xml version="1.0" encoding="UTF-8" ?>
<testsuite tests="1" failures="0" name="com.expeditors.training.course3demo.controller.ProductControllerTest" time="0.78" errors="1" skipped="0">
  <properties>
[...]
</properties>
  <testcase classname="com.expeditors.training.course3demo.controller.ProductControllerTest" name="testGetProduct" time="0.78">
    <error message="Failed to load ApplicationContext" type="java.lang.IllegalStateException">java.lang.IllegalStateException: Failed to load ApplicationContext
	at org.springframework.test.context.CacheAwareContextLoaderDelegate.loadContext(CacheAwareContextLoaderDelegate.java:99)
	at org.springframework.test.context.TestContext.getApplicationContext(TestContext.java:122)
	at org.springframework.test.context.web.ServletTestExecutionListener.setUpRequestContextIfNecessary(ServletTestExecutionListener.java:105)
	at org.springframework.test.context.web.ServletTestExecutionListener.prepareTestInstance(ServletTestExecutionListener.java:74)
	at org.springframework.test.context.TestContextManager.prepareTestInstance(TestContextManager.java:312)
	at org.springframework.test.context.junit4.SpringJUnit4ClassRunner.createTest(SpringJUnit4ClassRunner.java:211)
	at org.springframework.test.context.junit4.SpringJUnit4ClassRunner$1.runReflectiveCall(SpringJUnit4ClassRunner.java:288)
	at org.junit.internal.runners.model.ReflectiveCallable.run(ReflectiveCallable.java:12)
	at org.springframework.test.context.junit4.SpringJUnit4ClassRunner.methodBlock(SpringJUnit4ClassRunner.java:284)
	at org.springframework.test.context.junit4.SpringJUnit4ClassRunner.runChild(SpringJUnit4ClassRunner.java:231)
	at org.springframework.test.context.junit4.SpringJUnit4ClassRunner.runChild(SpringJUnit4ClassRunner.java:88)
	at org.junit.runners.ParentRunner$3.run(ParentRunner.java:238)
	at org.junit.runners.ParentRunner$1.schedule(ParentRunner.java:63)
	at org.junit.runners.ParentRunner.runChildren(ParentRunner.java:236)
	at org.junit.runners.ParentRunner.access$000(ParentRunner.java:53)
	at org.junit.runners.ParentRunner$2.evaluate(ParentRunner.java:229)
	at org.springframework.test.context.junit4.statements.RunBeforeTestClassCallbacks.evaluate(RunBeforeTestClassCallbacks.java:61)
	at org.springframework.test.context.junit4.statements.RunAfterTestClassCallbacks.evaluate(RunAfterTestClassCallbacks.java:71)
	at org.junit.runners.ParentRunner.run(ParentRunner.java:309)
	at org.springframework.test.context.junit4.SpringJUnit4ClassRunner.run(SpringJUnit4ClassRunner.java:174)
	at org.apache.maven.surefire.junit4.JUnit4Provider.execute(JUnit4Provider.java:252)
	at org.apache.maven.surefire.junit4.JUnit4Provider.executeTestSet(JUnit4Provider.java:141)
	at org.apache.maven.surefire.junit4.JUnit4Provider.invoke(JUnit4Provider.java:112)
	at sun.reflect.NativeMethodAccessorImpl.invoke0(Native Method)
	at sun.reflect.NativeMethodAccessorImpl.invoke(NativeMethodAccessorImpl.java:62)
	at sun.reflect.DelegatingMethodAccessorImpl.invoke(DelegatingMethodAccessorImpl.java:43)
	at java.lang.reflect.Method.invoke(Method.java:483)
	at org.apache.maven.surefire.util.ReflectionUtils.invokeMethodWithArray(ReflectionUtils.java:189)
	at org.apache.maven.surefire.booter.ProviderFactory$ProviderProxy.invoke(ProviderFactory.java:165)
	at org.apache.maven.surefire.booter.ProviderFactory.invokeProvider(ProviderFactory.java:85)
	at org.apache.maven.surefire.booter.ForkedBooter.runSuitesInProcess(ForkedBooter.java:115)
	at org.apache.maven.surefire.booter.ForkedBooter.main(ForkedBooter.java:75)
Caused by: org.springframework.beans.factory.BeanCreationException: Error creating bean with name &apos;cardController&apos;: Injection of autowired dependencies failed; nested exception is org.springframework.beans.factory.BeanCreationException: Could not autowire field: com.expeditors.training.course3demo.service.CardService com.expeditors.training.course3demo.controller.CardController.cardService; nested exception is org.springframework.beans.factory.NoSuchBeanDefinitionException: No qualifying bean of type [com.expeditors.training.course3demo.service.CardService] found for dependency: expected at least 1 bean which qualifies as autowire candidate for this dependency. Dependency annotations: {@org.springframework.beans.factory.annotation.Autowired(required=true)}
	at org.springframework.beans.factory.annotation.AutowiredAnnotationBeanPostProcessor.postProcessPropertyValues(AutowiredAnnotationBeanPostProcessor.java:288)
	at org.springframework.beans.factory.support.AbstractAutowireCapableBeanFactory.populateBean(AbstractAutowireCapableBeanFactory.java:1116)
	at org.springframework.beans.factory.support.AbstractAutowireCapableBeanFactory.doCreateBean(AbstractAutowireCapableBeanFactory.java:519)
	at org.springframework.beans.factory.support.AbstractAutowireCapableBeanFactory.createBean(AbstractAutowireCapableBeanFactory.java:458)
	at org.springframework.beans.factory.support.AbstractBeanFactory$1.getObject(AbstractBeanFactory.java:295)
	at org.springframework.beans.factory.support.DefaultSingletonBeanRegistry.getSingleton(DefaultSingletonBeanRegistry.java:223)
	at org.springframework.beans.factory.support.AbstractBeanFactory.doGetBean(AbstractBeanFactory.java:292)
	at org.springframework.beans.factory.support.AbstractBeanFactory.getBean(AbstractBeanFactory.java:194)
	at org.springframework.beans.factory.support.DefaultListableBeanFactory.preInstantiateSingletons(DefaultListableBeanFactory.java:626)
	at org.springframework.context.support.AbstractApplicationContext.finishBeanFactoryInitialization(AbstractApplicationContext.java:932)
	at org.springframework.context.support.AbstractApplicationContext.refresh(AbstractApplicationContext.java:479)
	at org.springframework.test.context.web.AbstractGenericWebContextLoader.loadContext(AbstractGenericWebContextLoader.java:128)
	at org.springframework.test.context.web.AbstractGenericWebContextLoader.loadContext(AbstractGenericWebContextLoader.java:60)
	at org.springframework.test.context.support.AbstractDelegatingSmartContextLoader.delegateLoading(AbstractDelegatingSmartContextLoader.java:100)
	at org.springframework.test.context.support.AbstractDelegatingSmartContextLoader.loadContext(AbstractDelegatingSmartContextLoader.java:248)
	at org.springframework.test.context.CacheAwareContextLoaderDelegate.loadContextInternal(CacheAwareContextLoaderDelegate.java:64)
	at org.springframework.test.context.CacheAwareContextLoaderDelegate.loadContext(CacheAwareContextLoaderDelegate.java:91)
	... 31 more
Caused by: org.springframework.beans.factory.BeanCreationException: Could not autowire field: com.expeditors.training.course3demo.service.CardService com.expeditors.training.course3demo.controller.CardController.cardService; nested exception is org.springframework.beans.factory.NoSuchBeanDefinitionException: No qualifying bean of type [com.expeditors.training.course3demo.service.CardService] found for dependency: expected at least 1 bean which qualifies as autowire candidate for this dependency. Dependency annotations: {@org.springframework.beans.factory.annotation.Autowired(required=true)}
	at org.springframework.beans.factory.annotation.AutowiredAnnotationBeanPostProcessor$AutowiredFieldElement.inject(AutowiredAnnotationBeanPostProcessor.java:514)
	at org.springframework.beans.factory.annotation.InjectionMetadata.inject(InjectionMetadata.java:87)
	at org.springframework.beans.factory.annotation.AutowiredAnnotationBeanPostProcessor.postProcessPropertyValues(AutowiredAnnotationBeanPostProcessor.java:285)
	... 47 more
Caused by: org.springframework.beans.factory.NoSuchBeanDefinitionException: No qualifying bean of type [com.expeditors.training.course3demo.service.CardService] found for dependency: expected at least 1 bean which qualifies as autowire candidate for this dependency. Dependency annotations: {@org.springframework.beans.factory.annotation.Autowired(required=true)}
	at org.springframework.beans.factory.support.DefaultListableBeanFactory.raiseNoSuchBeanDefinitionException(DefaultListableBeanFactory.java:986)
	at org.springframework.beans.factory.support.DefaultListableBeanFactory.doResolveDependency(DefaultListableBeanFactory.java:856)
	at org.springframework.beans.factory.support.DefaultListableBeanFactory.resolveDependency(DefaultListableBeanFactory.java:768)
	at org.springframework.beans.factory.annotation.AutowiredAnnotationBeanPostProcessor$AutowiredFieldElement.inject(AutowiredAnnotationBeanPostProcessor.java:486)
	... 49 more
</error>
    <system-out>DEBUG BasicTypeRegistry - Adding type registration boolean -&gt; org.hibernate.type.BooleanType@41a0aa7d
DEBUG BasicTypeRegistry - Adding type registration boolean -&gt; org.hibernate.type.BooleanType@41a0aa7d
DEBUG BasicTypeRegistry - Adding type registration java.lang.Boolean -&gt; org.hibernate.type.BooleanType@41a0aa7d
DEBUG BasicTypeRegistry - Adding type registration numeric_boolean -&gt; org.hibernate.type.NumericBooleanType@1ffaf86
DEBUG BasicTypeRegistry - Adding type registration true_false -&gt; org.hibernate.type.TrueFalseType@368247b9
DEBUG BasicTypeRegistry - Adding type registration yes_no -&gt; org.hibernate.type.YesNoType@55a147cc
DEBUG BasicTypeRegistry - Adding type registration byte -&gt; org.hibernate.type.ByteType@2892d68
DEBUG BasicTypeRegistry - Adding type registration byte -&gt; org.hibernate.type.ByteType@2892d68
DEBUG BasicTypeRegistry - Adding type registration java.lang.Byte -&gt; org.hibernate.type.ByteType@2892d68
DEBUG BasicTypeRegistry - Adding type registration character -&gt; org.hibernate.type.CharacterType@2e385cce
DEBUG BasicTypeRegistry - Adding type registration char -&gt; org.hibernate.type.CharacterType@2e385cce
DEBUG BasicTypeRegistry - Adding type registration java.lang.Character -&gt; org.hibernate.type.CharacterType@2e385cce
DEBUG BasicTypeRegistry - Adding type registration short -&gt; org.hibernate.type.ShortType@26d9b808
DEBUG BasicTypeRegistry - Adding type registration short -&gt; org.hibernate.type.ShortType@26d9b808
DEBUG BasicTypeRegistry - Adding type registration java.lang.Short -&gt; org.hibernate.type.ShortType@26d9b808
DEBUG BasicTypeRegistry - Adding type registration integer -&gt; org.hibernate.type.IntegerType@6d4d66d2
DEBUG BasicTypeRegistry - Adding type registration int -&gt; org.hibernate.type.IntegerType@6d4d66d2
DEBUG BasicTypeRegistry - Adding type registration java.lang.Integer -&gt; org.hibernate.type.IntegerType@6d4d66d2
DEBUG BasicTypeRegistry - Adding type registration long -&gt; org.hibernate.type.LongType@53fe15ff
DEBUG BasicTypeRegistry - Adding type registration long -&gt; org.hibernate.type.LongType@53fe15ff
DEBUG BasicTypeRegistry - Adding type registration java.lang.Long -&gt; org.hibernate.type.LongType@53fe15ff
DEBUG BasicTypeRegistry - Adding type registration float -&gt; org.hibernate.type.FloatType@2eae8e6e
DEBUG BasicTypeRegistry - Adding type registration float -&gt; org.hibernate.type.FloatType@2eae8e6e
DEBUG BasicTypeRegistry - Adding type registration java.lang.Float -&gt; org.hibernate.type.FloatType@2eae8e6e
DEBUG BasicTypeRegistry - Adding type registration double -&gt; org.hibernate.type.DoubleType@25ce9dc4
DEBUG BasicTypeRegistry - Adding type registration double -&gt; org.hibernate.type.DoubleType@25ce9dc4
DEBUG BasicTypeRegistry - Adding type registration java.lang.Double -&gt; org.hibernate.type.DoubleType@25ce9dc4
DEBUG BasicTypeRegistry - Adding type registration big_decimal -&gt; org.hibernate.type.BigDecimalType@3e8c3cb
DEBUG BasicTypeRegistry - Adding type registration java.math.BigDecimal -&gt; org.hibernate.type.BigDecimalType@3e8c3cb
DEBUG BasicTypeRegistry - Adding type registration big_integer -&gt; org.hibernate.type.BigIntegerType@3e27ba32
DEBUG BasicTypeRegistry - Adding type registration java.math.BigInteger -&gt; org.hibernate.type.BigIntegerType@3e27ba32
DEBUG BasicTypeRegistry - Adding type registration string -&gt; org.hibernate.type.StringType@1ca3b418
DEBUG BasicTypeRegistry - Adding type registration java.lang.String -&gt; org.hibernate.type.StringType@1ca3b418
DEBUG BasicTypeRegistry - Adding type registration nstring -&gt; org.hibernate.type.StringNVarcharType@7161d8d1
DEBUG BasicTypeRegistry - Adding type registration ncharacter -&gt; org.hibernate.type.CharacterNCharType@795509d9
DEBUG BasicTypeRegistry - Adding type registration url -&gt; org.hibernate.type.UrlType@4be29ed9
DEBUG BasicTypeRegistry - Adding type registration java.net.URL -&gt; org.hibernate.type.UrlType@4be29ed9
DEBUG BasicTypeRegistry - Adding type registration date -&gt; org.hibernate.type.DateType@75437611
DEBUG BasicTypeRegistry - Adding type registration java.sql.Date -&gt; org.hibernate.type.DateType@75437611
DEBUG BasicTypeRegistry - Adding type registration time -&gt; org.hibernate.type.TimeType@15043a2f
DEBUG BasicTypeRegistry - Adding type registration java.sql.Time -&gt; org.hibernate.type.TimeType@15043a2f
DEBUG BasicTypeRegistry - Adding type registration timestamp -&gt; org.hibernate.type.TimestampType@8519cb4
DEBUG BasicTypeRegistry - Adding type registration java.sql.Timestamp -&gt; org.hibernate.type.TimestampType@8519cb4
DEBUG BasicTypeRegistry - Adding type registration java.util.Date -&gt; org.hibernate.type.TimestampType@8519cb4
DEBUG BasicTypeRegistry - Adding type registration dbtimestamp -&gt; org.hibernate.type.DbTimestampType@3ba987b8
DEBUG BasicTypeRegistry - Adding type registration calendar -&gt; org.hibernate.type.CalendarType@72035809
DEBUG BasicTypeRegistry - Adding type registration java.util.Calendar -&gt; org.hibernate.type.CalendarType@72035809
DEBUG BasicTypeRegistry - Adding type registration java.util.GregorianCalendar -&gt; org.hibernate.type.CalendarType@72035809
DEBUG BasicTypeRegistry - Adding type registration calendar_date -&gt; org.hibernate.type.CalendarDateType@606e4010
DEBUG BasicTypeRegistry - Adding type registration locale -&gt; org.hibernate.type.LocaleType@5e2c3d18
DEBUG BasicTypeRegistry - Adding type registration java.util.Locale -&gt; org.hibernate.type.LocaleType@5e2c3d18
DEBUG BasicTypeRegistry - Adding type registration currency -&gt; org.hibernate.type.CurrencyType@6caf0677
DEBUG BasicTypeRegistry - Adding type registration java.util.Currency -&gt; org.hibernate.type.CurrencyType@6caf0677
DEBUG BasicTypeRegistry - Adding type registration timezone -&gt; org.hibernate.type.TimeZoneType@1a75e76a
DEBUG BasicTypeRegistry - Adding type registration java.util.TimeZone -&gt; org.hibernate.type.TimeZoneType@1a75e76a
DEBUG BasicTypeRegistry - Adding type registration class -&gt; org.hibernate.type.ClassType@4681c175
DEBUG BasicTypeRegistry - Adding type registration java.lang.Class -&gt; org.hibernate.type.ClassType@4681c175
DEBUG BasicTypeRegistry - Adding type registration uuid-binary -&gt; org.hibernate.type.UUIDBinaryType@1caa0244
DEBUG BasicTypeRegistry - Adding type registration java.util.UUID -&gt; org.hibernate.type.UUIDBinaryType@1caa0244
DEBUG BasicTypeRegistry - Adding type registration uuid-char -&gt; org.hibernate.type.UUIDCharType@1750fbeb
DEBUG BasicTypeRegistry - Adding type registration pg-uuid -&gt; org.hibernate.type.PostgresUUIDType@6c284af
DEBUG BasicTypeRegistry - Adding type registration binary -&gt; org.hibernate.type.BinaryType@7c137fd5
DEBUG BasicTypeRegistry - Adding type registration byte[] -&gt; org.hibernate.type.BinaryType@7c137fd5
DEBUG BasicTypeRegistry - Adding type registration [B -&gt; org.hibernate.type.BinaryType@7c137fd5
DEBUG BasicTypeRegistry - Adding type registration wrapper-binary -&gt; org.hibernate.type.WrapperBinaryType@2b40ff9c
DEBUG BasicTypeRegistry - Adding type registration Byte[] -&gt; org.hibernate.type.WrapperBinaryType@2b40ff9c
DEBUG BasicTypeRegistry - Adding type registration [Ljava.lang.Byte; -&gt; org.hibernate.type.WrapperBinaryType@2b40ff9c
DEBUG BasicTypeRegistry - Adding type registration image -&gt; org.hibernate.type.ImageType@5ddeb7cb
DEBUG BasicTypeRegistry - Adding type registration characters -&gt; org.hibernate.type.CharArrayType@6be968ce
DEBUG BasicTypeRegistry - Adding type registration char[] -&gt; org.hibernate.type.CharArrayType@6be968ce
DEBUG BasicTypeRegistry - Adding type registration [C -&gt; org.hibernate.type.CharArrayType@6be968ce
DEBUG BasicTypeRegistry - Adding type registration wrapper-characters -&gt; org.hibernate.type.CharacterArrayType@76494737
DEBUG BasicTypeRegistry - Adding type registration [Ljava.lang.Character; -&gt; org.hibernate.type.CharacterArrayType@76494737
DEBUG BasicTypeRegistry - Adding type registration Character[] -&gt; org.hibernate.type.CharacterArrayType@76494737
DEBUG BasicTypeRegistry - Adding type registration text -&gt; org.hibernate.type.TextType@609e8838
DEBUG BasicTypeRegistry - Adding type registration ntext -&gt; org.hibernate.type.NTextType@23e84203
DEBUG BasicTypeRegistry - Adding type registration blob -&gt; org.hibernate.type.BlobType@c430e6c
DEBUG BasicTypeRegistry - Adding type registration java.sql.Blob -&gt; org.hibernate.type.BlobType@c430e6c
DEBUG BasicTypeRegistry - Adding type registration materialized_blob -&gt; org.hibernate.type.MaterializedBlobType@72bc6553
DEBUG BasicTypeRegistry - Adding type registration clob -&gt; org.hibernate.type.ClobType@2ab4bc72
DEBUG BasicTypeRegistry - Adding type registration java.sql.Clob -&gt; org.hibernate.type.ClobType@2ab4bc72
DEBUG BasicTypeRegistry - Adding type registration nclob -&gt; org.hibernate.type.NClobType@55cb6996
DEBUG BasicTypeRegistry - Adding type registration java.sql.NClob -&gt; org.hibernate.type.NClobType@55cb6996
DEBUG BasicTypeRegistry - Adding type registration materialized_clob -&gt; org.hibernate.type.MaterializedClobType@f1da57d
DEBUG BasicTypeRegistry - Adding type registration materialized_nclob -&gt; org.hibernate.type.MaterializedNClobType@72c8e7b
DEBUG BasicTypeRegistry - Adding type registration serializable -&gt; org.hibernate.type.SerializableType@790da477
DEBUG BasicTypeRegistry - Adding type registration object -&gt; org.hibernate.type.ObjectType@3feb2dda
DEBUG BasicTypeRegistry - Adding type registration java.lang.Object -&gt; org.hibernate.type.ObjectType@3feb2dda
DEBUG BasicTypeRegistry - Adding type registration imm_date -&gt; org.hibernate.type.AdaptedImmutableType@15dc339f
DEBUG BasicTypeRegistry - Adding type registration imm_time -&gt; org.hibernate.type.AdaptedImmutableType@6cd56321
DEBUG BasicTypeRegistry - Adding type registration imm_timestamp -&gt; org.hibernate.type.AdaptedImmutableType@34acbc60
DEBUG BasicTypeRegistry - Adding type registration imm_dbtimestamp -&gt; org.hibernate.type.AdaptedImmutableType@42b28ff1
DEBUG BasicTypeRegistry - Adding type registration imm_calendar -&gt; org.hibernate.type.AdaptedImmutableType@36061cf3
DEBUG BasicTypeRegistry - Adding type registration imm_calendar_date -&gt; org.hibernate.type.AdaptedImmutableType@718dbd79
DEBUG BasicTypeRegistry - Adding type registration imm_binary -&gt; org.hibernate.type.AdaptedImmutableType@20134094
DEBUG BasicTypeRegistry - Adding type registration imm_serializable -&gt; org.hibernate.type.AdaptedImmutableType@76889e60
DEBUG DefaultIdentifierGeneratorFactory - Registering IdentifierGenerator strategy [uuid2] -&gt; [org.hibernate.id.UUIDGenerator]
DEBUG DefaultIdentifierGeneratorFactory - Registering IdentifierGenerator strategy [guid] -&gt; [org.hibernate.id.GUIDGenerator]
DEBUG DefaultIdentifierGeneratorFactory - Registering IdentifierGenerator strategy [uuid] -&gt; [org.hibernate.id.UUIDHexGenerator]
DEBUG DefaultIdentifierGeneratorFactory - Registering IdentifierGenerator strategy [uuid.hex] -&gt; [org.hibernate.id.UUIDHexGenerator]
DEBUG DefaultIdentifierGeneratorFactory - Registering IdentifierGenerator strategy [hilo] -&gt; [org.hibernate.id.TableHiLoGenerator]
DEBUG DefaultIdentifierGeneratorFactory - Registering IdentifierGenerator strategy [assigned] -&gt; [org.hibernate.id.Assigned]
DEBUG DefaultIdentifierGeneratorFactory - Registering IdentifierGenerator strategy [identity] -&gt; [org.hibernate.id.IdentityGenerator]
DEBUG DefaultIdentifierGeneratorFactory - Registering IdentifierGenerator strategy [select] -&gt; [org.hibernate.id.SelectGenerator]
DEBUG DefaultIdentifierGeneratorFactory - Registering IdentifierGenerator strategy [sequence] -&gt; [org.hibernate.id.SequenceGenerator]
DEBUG DefaultIdentifierGeneratorFactory - Registering IdentifierGenerator strategy [seqhilo] -&gt; [org.hibernate.id.SequenceHiLoGenerator]
DEBUG DefaultIdentifierGeneratorFactory - Registering IdentifierGenerator strategy [increment] -&gt; [org.hibernate.id.IncrementGenerator]
DEBUG DefaultIdentifierGeneratorFactory - Registering IdentifierGenerator strategy [foreign] -&gt; [org.hibernate.id.ForeignGenerator]
DEBUG DefaultIdentifierGeneratorFactory - Registering IdentifierGenerator strategy [sequence-identity] -&gt; [org.hibernate.id.SequenceIdentityGenerator]
DEBUG DefaultIdentifierGeneratorFactory - Registering IdentifierGenerator strategy [enhanced-sequence] -&gt; [org.hibernate.id.enhanced.SequenceStyleGenerator]
DEBUG DefaultIdentifierGeneratorFactory - Registering IdentifierGenerator strategy [enhanced-table] -&gt; [org.hibernate.id.enhanced.TableGenerator]
DEBUG Ejb3Configuration - Processing PersistenceUnitInfo [
	name: default
	persistence provider classname: null
	classloader: sun.misc.Launcher$AppClassLoader@6bc7c054
	Temporary classloader: org.springframework.instrument.classloading.SimpleThrowawayClassLoader@706fe5c6
	excludeUnlistedClasses: true
	JTA datasource: null
	Non JTA datasource: org.springframework.jdbc.datasource.DriverManagerDataSource@6c15e8c7
	Transaction type: RESOURCE_LOCAL
	PU root URL: file:/C:/Users/chq-jamesgl/STS_work2/finalprojectgleixner/target/test-classes/
	Shared Cache Mode: UNSPECIFIED
	Validation Mode: AUTO
	Jar files URLs []
	Managed classes names [
		com.expeditors.training.course3demo.model.Address
		com.expeditors.training.course3demo.model.Card
		com.expeditors.training.course3demo.model.Container
		com.expeditors.training.course3demo.model.PhoneNumber
		com.expeditors.training.course3demo.model.Product
		com.expeditors.training.course3demo.model.Shipment
		com.expeditors.training.course3demo.model.UserAccount
		com.expeditors.training.course3demo.model.UserRole]
	Mapping files names []
	Properties []
DEBUG Ejb3Configuration - Detect class: true; detect hbm: true
DEBUG AbstractJarVisitor - Searching mapped entities in jar/par: file:/C:/Users/chq-jamesgl/STS_work2/finalprojectgleixner/target/test-classes/
DEBUG AbstractJarVisitor - Filtering: com.expeditors.training.course3demo.config.PersistenceJPATestConfig
DEBUG AbstractJarVisitor - Filtering: com.expeditors.training.course3demo.config.ServiceTestConfig
DEBUG AbstractJarVisitor - Filtering: com.expeditors.training.course3demo.config.TestConfig
DEBUG AbstractJarVisitor - Filtering: com.expeditors.training.course3demo.controller.ContainerControllerTest
DEBUG AbstractJarVisitor - Filtering: com.expeditors.training.course3demo.controller.ProductControllerTest
DEBUG AbstractJarVisitor - Filtering: com.expeditors.training.course3demo.controller.ShipmentControllerTest
DEBUG AbstractJarVisitor - Filtering: com.expeditors.training.course3demo.service.ContainerServiceTest
DEBUG AbstractJarVisitor - Filtering: com.expeditors.training.course3demo.service.ProductServiceTest
DEBUG AbstractJarVisitor - Filtering: com.expeditors.training.course3demo.service.ShipmentServiceTest
DEBUG IntegratorServiceImpl - Adding Integrator [org.hibernate.cfg.beanvalidation.BeanValidationIntegrator].
DEBUG IntegratorServiceImpl - Adding Integrator [org.hibernate.ejb.event.JpaIntegrator].
DEBUG NamingHelper - No JNDI name configured for binding Ejb3Configuration
DEBUG Configuration - Preparing to build session factory with filters : {}
DEBUG Configuration - Processing hbm.xml files
DEBUG Configuration - Process annotated classes
DEBUG AnnotationBinder - Binding entity from annotated class: com.expeditors.training.course3demo.model.Address
DEBUG Ejb3Column - Binding column: Ejb3DiscriminatorColumn{logicalColumnName&apos;DTYPE&apos;, discriminatorTypeName=&apos;string&apos;}
DEBUG EntityBinder - Import with entity name Address
DEBUG EntityBinder - Bind entity com.expeditors.training.course3demo.model.Address on table ADDRESS
DEBUG Ejb3Column - Binding column: Ejb3Column{table=org.hibernate.mapping.Table(ADDRESS), mappingColumn=ADDRESS_ID, insertable=true, updatable=true, unique=false}
DEBUG PropertyBinder - MetadataSourceProcessor property id with lazy=false
DEBUG SimpleValueBinder - building SimpleValue for id
DEBUG PropertyBinder - Building property id
DEBUG Ejb3Column - Binding column: Ejb3Column{table=org.hibernate.mapping.Table(ADDRESS), mappingColumn=city, insertable=true, updatable=true, unique=false}
DEBUG PropertyBinder - MetadataSourceProcessor property city with lazy=false
DEBUG SimpleValueBinder - building SimpleValue for city
DEBUG PropertyBinder - Building property city
DEBUG Ejb3Column - Binding column: Ejb3Column{table=org.hibernate.mapping.Table(ADDRESS), mappingColumn=state, insertable=true, updatable=true, unique=false}
DEBUG PropertyBinder - MetadataSourceProcessor property state with lazy=false
DEBUG SimpleValueBinder - building SimpleValue for state
DEBUG PropertyBinder - Building property state
DEBUG Ejb3Column - Binding column: Ejb3Column{table=org.hibernate.mapping.Table(ADDRESS), mappingColumn=street, insertable=true, updatable=true, unique=false}
DEBUG PropertyBinder - MetadataSourceProcessor property street with lazy=false
DEBUG SimpleValueBinder - building SimpleValue for street
DEBUG PropertyBinder - Building property street
DEBUG AnnotationBinder - Binding entity from annotated class: com.expeditors.training.course3demo.model.Card
DEBUG Ejb3Column - Binding column: Ejb3DiscriminatorColumn{logicalColumnName&apos;DTYPE&apos;, discriminatorTypeName=&apos;string&apos;}
DEBUG EntityBinder - Import with entity name Card
DEBUG EntityBinder - Bind entity com.expeditors.training.course3demo.model.Card on table CARD
DEBUG Ejb3Column - Binding column: Ejb3Column{table=org.hibernate.mapping.Table(CARD), mappingColumn=CARD_ID, insertable=true, updatable=true, unique=false}
DEBUG PropertyBinder - MetadataSourceProcessor property id with lazy=false
DEBUG SimpleValueBinder - building SimpleValue for id
DEBUG PropertyBinder - Building property id
DEBUG Ejb3Column - Binding column: Ejb3JoinColumn{logicalColumnName=&apos;address&apos;, referencedColumn=&apos;&apos;, mappedBy=&apos;&apos;}
DEBUG Ejb3Column - Binding column: Ejb3Column{table=org.hibernate.mapping.Table(CARD), mappingColumn=address, insertable=true, updatable=true, unique=false}
DEBUG PropertyBinder - Building property address
DEBUG Ejb3Column - Binding column: Ejb3Column{table=org.hibernate.mapping.Table(CARD), mappingColumn=amount, insertable=true, updatable=true, unique=false}
DEBUG PropertyBinder - MetadataSourceProcessor property amount with lazy=false
DEBUG SimpleValueBinder - building SimpleValue for amount
DEBUG PropertyBinder - Building property amount
DEBUG Ejb3Column - Binding column: Ejb3Column{table=org.hibernate.mapping.Table(CARD), mappingColumn=CARD_NUMBER, insertable=true, updatable=true, unique=false}
DEBUG PropertyBinder - MetadataSourceProcessor property number with lazy=false
DEBUG SimpleValueBinder - building SimpleValue for number
DEBUG PropertyBinder - Building property number
DEBUG Ejb3Column - Binding column: Ejb3Column{table=org.hibernate.mapping.Table(CARD), mappingColumn=OWNER_NAME, insertable=true, updatable=true, unique=false}
DEBUG PropertyBinder - MetadataSourceProcessor property owner with lazy=false
DEBUG SimpleValueBinder - building SimpleValue for owner
DEBUG PropertyBinder - Building property owner
DEBUG Ejb3Column - Binding column: Ejb3JoinColumn{logicalColumnName=&apos;null&apos;, referencedColumn=&apos;null&apos;, mappedBy=&apos;card&apos;}
DEBUG Ejb3Column - Binding column: Ejb3Column{table=org.hibernate.mapping.Table(CARD), mappingColumn=phoneNumbers, insertable=true, updatable=true, unique=false}
DEBUG Ejb3Column - Binding column: Ejb3Column{table=org.hibernate.mapping.Table(CARD), mappingColumn=index, insertable=true, updatable=true, unique=false}
DEBUG Ejb3Column - Binding column: Ejb3Column{table=org.hibernate.mapping.Table(CARD), mappingColumn=element, insertable=true, updatable=true, unique=false}
DEBUG Ejb3Column - Binding column: Ejb3Column{table=org.hibernate.mapping.Table(CARD), mappingColumn=phoneNumbers_KEY, insertable=true, updatable=true, unique=false}
DEBUG Ejb3Column - Binding column: Ejb3JoinColumn{logicalColumnName=&apos;phoneNumbers_KEY&apos;, referencedColumn=&apos;null&apos;, mappedBy=&apos;null&apos;}
DEBUG Ejb3Column - Binding column: Ejb3JoinColumn{logicalColumnName=&apos;null&apos;, referencedColumn=&apos;null&apos;, mappedBy=&apos;card&apos;}
DEBUG Ejb3Column - Binding column: Ejb3JoinColumn{logicalColumnName=&apos;null&apos;, referencedColumn=&apos;null&apos;, mappedBy=&apos;card&apos;}
DEBUG CollectionBinder - Collection role: com.expeditors.training.course3demo.model.Card.phoneNumbers
DEBUG PropertyBinder - Building property phoneNumbers
DEBUG AnnotationBinder - Binding entity from annotated class: com.expeditors.training.course3demo.model.Container
DEBUG Ejb3Column - Binding column: Ejb3DiscriminatorColumn{logicalColumnName&apos;DTYPE&apos;, discriminatorTypeName=&apos;string&apos;}
DEBUG EntityBinder - Import with entity name Container
DEBUG EntityBinder - Bind entity com.expeditors.training.course3demo.model.Container on table Container
DEBUG Ejb3Column - Binding column: Ejb3Column{table=org.hibernate.mapping.Table(Container), mappingColumn=CONTAINER_ID, insertable=true, updatable=true, unique=false}
DEBUG PropertyBinder - MetadataSourceProcessor property id with lazy=false
DEBUG SimpleValueBinder - building SimpleValue for id
DEBUG PropertyBinder - Building property id
DEBUG Ejb3Column - Binding column: Ejb3Column{table=org.hibernate.mapping.Table(Container), mappingColumn=capacity, insertable=true, updatable=true, unique=false}
DEBUG PropertyBinder - MetadataSourceProcessor property capacity with lazy=false
DEBUG SimpleValueBinder - building SimpleValue for capacity
DEBUG PropertyBinder - Building property capacity
DEBUG Ejb3Column - Binding column: Ejb3Column{table=org.hibernate.mapping.Table(Container), mappingColumn=destination, insertable=true, updatable=true, unique=false}
DEBUG PropertyBinder - MetadataSourceProcessor property destination with lazy=false
DEBUG SimpleValueBinder - building SimpleValue for destination
DEBUG PropertyBinder - Building property destination
DEBUG Ejb3Column - Binding column: Ejb3Column{table=org.hibernate.mapping.Table(Container), mappingColumn=location, insertable=true, updatable=true, unique=false}
DEBUG PropertyBinder - MetadataSourceProcessor property location with lazy=false
DEBUG SimpleValueBinder - building SimpleValue for location
DEBUG PropertyBinder - Building property location
DEBUG Ejb3Column - Binding column: Ejb3Column{table=org.hibernate.mapping.Table(Container), mappingColumn=name, insertable=true, updatable=true, unique=false}
DEBUG PropertyBinder - MetadataSourceProcessor property name with lazy=false
DEBUG SimpleValueBinder - building SimpleValue for name
DEBUG PropertyBinder - Building property name
DEBUG Ejb3Column - Binding column: Ejb3Column{table=org.hibernate.mapping.Table(Container), mappingColumn=status, insertable=true, updatable=true, unique=false}
DEBUG PropertyBinder - MetadataSourceProcessor property status with lazy=false
DEBUG SimpleValueBinder - building SimpleValue for status
DEBUG PropertyBinder - Building property status
DEBUG AnnotationBinder - Binding entity from annotated class: com.expeditors.training.course3demo.model.PhoneNumber
DEBUG Ejb3Column - Binding column: Ejb3DiscriminatorColumn{logicalColumnName&apos;DTYPE&apos;, discriminatorTypeName=&apos;string&apos;}
DEBUG EntityBinder - Import with entity name PhoneNumber
DEBUG EntityBinder - Bind entity com.expeditors.training.course3demo.model.PhoneNumber on table PHONE_NUMBER
DEBUG Ejb3Column - Binding column: Ejb3Column{table=org.hibernate.mapping.Table(PHONE_NUMBER), mappingColumn=PHONE_NUMBER_ID, insertable=true, updatable=true, unique=false}
DEBUG PropertyBinder - MetadataSourceProcessor property id with lazy=false
DEBUG SimpleValueBinder - building SimpleValue for id
DEBUG PropertyBinder - Building property id
DEBUG Ejb3Column - Binding column: Ejb3JoinColumn{logicalColumnName=&apos;CARD_ID&apos;, referencedColumn=&apos;&apos;, mappedBy=&apos;&apos;}
DEBUG Ejb3Column - Binding column: Ejb3Column{table=org.hibernate.mapping.Table(PHONE_NUMBER), mappingColumn=card, insertable=true, updatable=true, unique=false}
DEBUG PropertyBinder - Building property card
DEBUG Ejb3Column - Binding column: Ejb3Column{table=org.hibernate.mapping.Table(PHONE_NUMBER), mappingColumn=PHONE_NUMBER, insertable=true, updatable=true, unique=false}
DEBUG PropertyBinder - MetadataSourceProcessor property number with lazy=false
DEBUG SimpleValueBinder - building SimpleValue for number
DEBUG PropertyBinder - Building property number
DEBUG AnnotationBinder - Binding entity from annotated class: com.expeditors.training.course3demo.model.Product
DEBUG Ejb3Column - Binding column: Ejb3DiscriminatorColumn{logicalColumnName&apos;DTYPE&apos;, discriminatorTypeName=&apos;string&apos;}
DEBUG EntityBinder - Import with entity name Product
DEBUG EntityBinder - Bind entity com.expeditors.training.course3demo.model.Product on table PRODUCT
DEBUG Ejb3Column - Binding column: Ejb3Column{table=org.hibernate.mapping.Table(PRODUCT), mappingColumn=PRODUCT_ID, insertable=true, updatable=true, unique=false}
DEBUG PropertyBinder - MetadataSourceProcessor property id with lazy=false
DEBUG SimpleValueBinder - building SimpleValue for id
DEBUG PropertyBinder - Building property id
DEBUG Ejb3Column - Binding column: Ejb3Column{table=org.hibernate.mapping.Table(PRODUCT), mappingColumn=description, insertable=true, updatable=true, unique=false}
DEBUG PropertyBinder - MetadataSourceProcessor property description with lazy=false
DEBUG SimpleValueBinder - building SimpleValue for description
DEBUG PropertyBinder - Building property description
DEBUG Ejb3Column - Binding column: Ejb3Column{table=org.hibernate.mapping.Table(PRODUCT), mappingColumn=name, insertable=true, updatable=true, unique=false}
DEBUG PropertyBinder - MetadataSourceProcessor property name with lazy=false
DEBUG SimpleValueBinder - building SimpleValue for name
DEBUG PropertyBinder - Building property name
DEBUG Ejb3Column - Binding column: Ejb3Column{table=org.hibernate.mapping.Table(PRODUCT), mappingColumn=price, insertable=true, updatable=true, unique=false}
DEBUG PropertyBinder - MetadataSourceProcessor property price with lazy=false
DEBUG SimpleValueBinder - building SimpleValue for price
DEBUG PropertyBinder - Building property price
DEBUG AnnotationBinder - Binding entity from annotated class: com.expeditors.training.course3demo.model.Shipment
DEBUG Ejb3Column - Binding column: Ejb3DiscriminatorColumn{logicalColumnName&apos;DTYPE&apos;, discriminatorTypeName=&apos;string&apos;}
DEBUG EntityBinder - Import with entity name Shipment
DEBUG EntityBinder - Bind entity com.expeditors.training.course3demo.model.Shipment on table Shipment
DEBUG Ejb3Column - Binding column: Ejb3Column{table=org.hibernate.mapping.Table(Shipment), mappingColumn=SHIPMENT_ID, insertable=true, updatable=true, unique=false}
DEBUG PropertyBinder - MetadataSourceProcessor property id with lazy=false
DEBUG SimpleValueBinder - building SimpleValue for id
DEBUG PropertyBinder - Building property id
DEBUG Ejb3Column - Binding column: Ejb3Column{table=org.hibernate.mapping.Table(Shipment), mappingColumn=destination, insertable=true, updatable=true, unique=false}
DEBUG PropertyBinder - MetadataSourceProcessor property destination with lazy=false
DEBUG SimpleValueBinder - building SimpleValue for destination
DEBUG PropertyBinder - Building property destination
DEBUG Ejb3Column - Binding column: Ejb3Column{table=org.hibernate.mapping.Table(Shipment), mappingColumn=name, insertable=true, updatable=true, unique=false}
DEBUG PropertyBinder - MetadataSourceProcessor property name with lazy=false
DEBUG SimpleValueBinder - building SimpleValue for name
DEBUG PropertyBinder - Building property name
DEBUG Ejb3Column - Binding column: Ejb3Column{table=org.hibernate.mapping.Table(Shipment), mappingColumn=origin, insertable=true, updatable=true, unique=false}
DEBUG PropertyBinder - MetadataSourceProcessor property origin with lazy=false
DEBUG SimpleValueBinder - building SimpleValue for origin
DEBUG PropertyBinder - Building property origin
DEBUG Ejb3Column - Binding column: Ejb3Column{table=org.hibernate.mapping.Table(Shipment), mappingColumn=volume, insertable=true, updatable=true, unique=false}
DEBUG PropertyBinder - MetadataSourceProcessor property volume with lazy=false
DEBUG SimpleValueBinder - building SimpleValue for volume
DEBUG PropertyBinder - Building property volume
DEBUG AnnotationBinder - Binding entity from annotated class: com.expeditors.training.course3demo.model.UserAccount
DEBUG Ejb3Column - Binding column: Ejb3DiscriminatorColumn{logicalColumnName&apos;DTYPE&apos;, discriminatorTypeName=&apos;string&apos;}
DEBUG EntityBinder - Import with entity name UserAccount
DEBUG EntityBinder - Bind entity com.expeditors.training.course3demo.model.UserAccount on table USERACCOUNT
DEBUG Ejb3Column - Binding column: Ejb3Column{table=org.hibernate.mapping.Table(USERACCOUNT), mappingColumn=USER_ID, insertable=true, updatable=true, unique=false}
DEBUG PropertyBinder - MetadataSourceProcessor property id with lazy=false
DEBUG SimpleValueBinder - building SimpleValue for id
DEBUG PropertyBinder - Building property id
DEBUG Ejb3Column - Binding column: Ejb3Column{table=org.hibernate.mapping.Table(USERACCOUNT), mappingColumn=enabled, insertable=true, updatable=true, unique=false}
DEBUG PropertyBinder - MetadataSourceProcessor property enabled with lazy=false
DEBUG SimpleValueBinder - building SimpleValue for enabled
DEBUG PropertyBinder - Building property enabled
DEBUG Ejb3Column - Binding column: Ejb3Column{table=org.hibernate.mapping.Table(USERACCOUNT), mappingColumn=password, insertable=true, updatable=true, unique=false}
DEBUG PropertyBinder - MetadataSourceProcessor property password with lazy=false
DEBUG SimpleValueBinder - building SimpleValue for password
DEBUG PropertyBinder - Building property password
DEBUG Ejb3Column - Binding column: Ejb3JoinColumn{logicalColumnName=&apos;null&apos;, referencedColumn=&apos;null&apos;, mappedBy=&apos;userAccount&apos;}
DEBUG Ejb3Column - Binding column: Ejb3Column{table=org.hibernate.mapping.Table(USERACCOUNT), mappingColumn=userRoles, insertable=true, updatable=true, unique=false}
DEBUG Ejb3Column - Binding column: Ejb3Column{table=org.hibernate.mapping.Table(USERACCOUNT), mappingColumn=null, insertable=true, updatable=true, unique=false}
DEBUG Ejb3Column - Binding column: Ejb3Column{table=org.hibernate.mapping.Table(USERACCOUNT), mappingColumn=element, insertable=true, updatable=true, unique=false}
DEBUG Ejb3Column - Binding column: Ejb3Column{table=org.hibernate.mapping.Table(USERACCOUNT), mappingColumn=userRoles_KEY, insertable=true, updatable=true, unique=false}
DEBUG Ejb3Column - Binding column: Ejb3JoinColumn{logicalColumnName=&apos;userRoles_KEY&apos;, referencedColumn=&apos;null&apos;, mappedBy=&apos;null&apos;}
DEBUG Ejb3Column - Binding column: Ejb3JoinColumn{logicalColumnName=&apos;null&apos;, referencedColumn=&apos;null&apos;, mappedBy=&apos;userAccount&apos;}
DEBUG Ejb3Column - Binding column: Ejb3JoinColumn{logicalColumnName=&apos;null&apos;, referencedColumn=&apos;null&apos;, mappedBy=&apos;userAccount&apos;}
DEBUG CollectionBinder - Collection role: com.expeditors.training.course3demo.model.UserAccount.userRoles
DEBUG PropertyBinder - Building property userRoles
DEBUG Ejb3Column - Binding column: Ejb3Column{table=org.hibernate.mapping.Table(USERACCOUNT), mappingColumn=username, insertable=true, updatable=true, unique=false}
DEBUG PropertyBinder - MetadataSourceProcessor property username with lazy=false
DEBUG SimpleValueBinder - building SimpleValue for username
DEBUG PropertyBinder - Building property username
DEBUG AnnotationBinder - Binding entity from annotated class: com.expeditors.training.course3demo.model.UserRole
DEBUG Ejb3Column - Binding column: Ejb3DiscriminatorColumn{logicalColumnName&apos;DTYPE&apos;, discriminatorTypeName=&apos;string&apos;}
DEBUG EntityBinder - Import with entity name UserRole
DEBUG EntityBinder - Bind entity com.expeditors.training.course3demo.model.UserRole on table USERROLE
DEBUG Ejb3Column - Binding column: Ejb3Column{table=org.hibernate.mapping.Table(USERROLE), mappingColumn=ROLE_ID, insertable=true, updatable=true, unique=false}
DEBUG PropertyBinder - MetadataSourceProcessor property id with lazy=false
DEBUG SimpleValueBinder - building SimpleValue for id
DEBUG PropertyBinder - Building property id
DEBUG Ejb3Column - Binding column: Ejb3Column{table=org.hibernate.mapping.Table(USERROLE), mappingColumn=ROLE_NAME, insertable=true, updatable=true, unique=false}
DEBUG PropertyBinder - MetadataSourceProcessor property role with lazy=false
DEBUG SimpleValueBinder - building SimpleValue for role
DEBUG PropertyBinder - Building property role
DEBUG Ejb3Column - Binding column: Ejb3JoinColumn{logicalColumnName=&apos;ROLE_OWNER&apos;, referencedColumn=&apos;&apos;, mappedBy=&apos;&apos;}
DEBUG Ejb3Column - Binding column: Ejb3Column{table=org.hibernate.mapping.Table(USERROLE), mappingColumn=userAccount, insertable=true, updatable=true, unique=false}
DEBUG PropertyBinder - Building property userAccount
DEBUG SimpleValueBinder - Setting SimpleValue typeName for id
DEBUG SimpleValueBinder - Setting SimpleValue typeName for city
DEBUG SimpleValueBinder - Setting SimpleValue typeName for state
DEBUG SimpleValueBinder - Setting SimpleValue typeName for street
DEBUG SimpleValueBinder - Setting SimpleValue typeName for id
DEBUG SimpleValueBinder - Setting SimpleValue typeName for amount
DEBUG SimpleValueBinder - Setting SimpleValue typeName for number
DEBUG SimpleValueBinder - Setting SimpleValue typeName for owner
DEBUG SimpleValueBinder - Setting SimpleValue typeName for id
DEBUG SimpleValueBinder - Setting SimpleValue typeName for capacity
DEBUG SimpleValueBinder - Setting SimpleValue typeName for destination
DEBUG SimpleValueBinder - Setting SimpleValue typeName for location
DEBUG SimpleValueBinder - Setting SimpleValue typeName for name
DEBUG SimpleValueBinder - Setting SimpleValue typeName for status
DEBUG SimpleValueBinder - Setting SimpleValue typeName for id
DEBUG SimpleValueBinder - Setting SimpleValue typeName for number
DEBUG SimpleValueBinder - Setting SimpleValue typeName for id
DEBUG SimpleValueBinder - Setting SimpleValue typeName for description
DEBUG SimpleValueBinder - Setting SimpleValue typeName for name
DEBUG SimpleValueBinder - Setting SimpleValue typeName for price
DEBUG SimpleValueBinder - Setting SimpleValue typeName for id
DEBUG SimpleValueBinder - Setting SimpleValue typeName for destination
DEBUG SimpleValueBinder - Setting SimpleValue typeName for name
DEBUG SimpleValueBinder - Setting SimpleValue typeName for origin
DEBUG SimpleValueBinder - Setting SimpleValue typeName for volume
DEBUG SimpleValueBinder - Setting SimpleValue typeName for id
DEBUG SimpleValueBinder - Setting SimpleValue typeName for enabled
DEBUG SimpleValueBinder - Setting SimpleValue typeName for password
DEBUG SimpleValueBinder - Setting SimpleValue typeName for username
DEBUG SimpleValueBinder - Setting SimpleValue typeName for id
DEBUG SimpleValueBinder - Setting SimpleValue typeName for role
DEBUG Configuration - Processing fk mappings (*ToOne and JoinedSubclass)
DEBUG Configuration - Processing extends queue
DEBUG Configuration - Processing extends queue
DEBUG Configuration - Processing collection mappings
DEBUG CollectionSecondPass - Second pass for collection: com.expeditors.training.course3demo.model.Card.phoneNumbers
DEBUG CollectionBinder - Binding a OneToMany: com.expeditors.training.course3demo.model.Card.phoneNumbers through a foreign key
DEBUG CollectionBinder - Mapping collection: com.expeditors.training.course3demo.model.Card.phoneNumbers -&gt; PHONE_NUMBER
DEBUG TableBinder - Retrieving property com.expeditors.training.course3demo.model.PhoneNumber.card
DEBUG SimpleValueBinder - building SimpleValue for null
DEBUG SimpleValueBinder - Setting SimpleValue typeName for null
DEBUG CollectionSecondPass - Mapped collection key: CARD_ID, index: index, one-to-many: com.expeditors.training.course3demo.model.PhoneNumber
DEBUG CollectionSecondPass - Second pass for collection: com.expeditors.training.course3demo.model.UserAccount.userRoles
DEBUG CollectionBinder - Binding a OneToMany: com.expeditors.training.course3demo.model.UserAccount.userRoles through a foreign key
DEBUG CollectionBinder - Mapping collection: com.expeditors.training.course3demo.model.UserAccount.userRoles -&gt; USERROLE
DEBUG TableBinder - Retrieving property com.expeditors.training.course3demo.model.UserRole.userAccount
DEBUG CollectionSecondPass - Mapped collection key: ROLE_OWNER, one-to-many: com.expeditors.training.course3demo.model.UserRole
DEBUG Configuration - Processing native query and ResultSetMapping mappings
DEBUG Configuration - Processing association property references
DEBUG Configuration - Creating tables&apos; unique integer identifiers
DEBUG Configuration - Processing foreign key constraints
DEBUG Configuration - Resolving reference to class: com.expeditors.training.course3demo.model.Address
DEBUG Configuration - Resolving reference to class: com.expeditors.training.course3demo.model.Card
DEBUG Configuration - Resolving reference to class: com.expeditors.training.course3demo.model.UserAccount
INFO  ConnectionProviderInitiator - HHH000130: Instantiating explicit connection provider: org.hibernate.ejb.connection.InjectedDataSourceConnectionProvider
DEBUG JdbcServicesImpl - Database -&gt;
       name : HSQL Database Engine
    version : 2.2.4
      major : 2
      minor : 2
DEBUG JdbcServicesImpl - Driver -&gt;
       name : HSQL Database Engine Driver
    version : 2.2.4
      major : 2
      minor : 2
DEBUG JdbcServicesImpl - JDBC version : 4.0
INFO  Dialect - HHH000400: Using dialect: org.hibernate.dialect.HSQLDialect
DEBUG SettingsFactory - Automatic flush during beforeCompletion(): disabled
DEBUG SettingsFactory - Automatic session close at end of transaction: disabled
DEBUG SettingsFactory - JDBC batch size: 15
DEBUG SettingsFactory - JDBC batch updates for versioned data: disabled
DEBUG SettingsFactory - Scrollable result sets: enabled
DEBUG SettingsFactory - Wrap result sets: disabled
DEBUG SettingsFactory - JDBC3 getGeneratedKeys(): enabled
DEBUG SettingsFactory - multi-tenancy strategy : NONE
DEBUG SettingsFactory - Connection release mode: auto
INFO  TransactionFactoryInitiator - HHH000268: Transaction strategy: org.hibernate.engine.transaction.internal.jdbc.JdbcTransactionFactory
DEBUG SettingsFactory - Using BatchFetchStyle : LEGACY
DEBUG SettingsFactory - Default batch fetch size: 1
DEBUG SettingsFactory - Generate SQL with comments: disabled
DEBUG SettingsFactory - Order SQL updates by primary key: disabled
DEBUG SettingsFactory - Order SQL inserts for batching: disabled
DEBUG SettingsFactory - Default null ordering: none
DEBUG SettingsFactory - Query translator: org.hibernate.hql.internal.ast.ASTQueryTranslatorFactory
INFO  ASTQueryTranslatorFactory - HHH000397: Using ASTQueryTranslatorFactory
DEBUG SettingsFactory - Query language substitutions: {}
DEBUG SettingsFactory - JPA-QL strict compliance: enabled
DEBUG SettingsFactory - Second-level cache: enabled
DEBUG SettingsFactory - Query cache: disabled
DEBUG SettingsFactory - Cache region factory : org.hibernate.cache.internal.NoCachingRegionFactory
DEBUG SettingsFactory - org.hibernate.cache.internal.NoCachingRegionFactory did not provide constructor accepting java.util.Properties; attempting no-arg constructor.
DEBUG SettingsFactory - Optimize cache for minimal puts: disabled
DEBUG SettingsFactory - Structured second-level cache entries: disabled
DEBUG SettingsFactory - Second-level cache direct-reference entries: disabled
DEBUG SettingsFactory - Statistics: disabled
DEBUG SettingsFactory - Deleted entity synthetic identifier rollback: disabled
DEBUG SettingsFactory - Default entity-mode: pojo
DEBUG SettingsFactory - Named query checking : enabled
DEBUG SettingsFactory - Check Nullability in Core (should be disabled when Bean Validation is on): enabled
DEBUG SettingsFactory - Allow initialization of lazy state outside session : : disabled
DEBUG SettingsFactory - JTA Track by Thread: enabled
DEBUG SessionFactoryImpl - Building session factory
DEBUG SessionFactoryImpl - Session factory constructed with filter configurations : {}
DEBUG SessionFactoryImpl - Instantiating session factory with properties: {java.vendor=Oracle Corporation, localRepository=C:\Users\chq-jamesgl\.m2\repository, hibernate=org.hibernate.dialect.HSQLDialect, sun.java.launcher=SUN_STANDARD, sun.management.compiler=HotSpot 64-Bit Tiered Compilers, hibernate.ejb.discard_pc_on_close=false, hibernate.transaction.flush_before_completion=false, os.name=Windows 7, sun.boot.class.path=C:\Program Files\Java\jdk1.8.0_20\jre\lib\resources.jar;C:\Program Files\Java\jdk1.8.0_20\jre\lib\rt.jar;C:\Program Files\Java\jdk1.8.0_20\jre\lib\sunrsasign.jar;C:\Program Files\Java\jdk1.8.0_20\jre\lib\jsse.jar;C:\Program Files\Java\jdk1.8.0_20\jre\lib\jce.jar;C:\Program Files\Java\jdk1.8.0_20\jre\lib\charsets.jar;C:\Program Files\Java\jdk1.8.0_20\jre\lib\jfr.jar;C:\Program Files\Java\jdk1.8.0_20\jre\classes, sun.desktop=windows, java.vm.specification.vendor=Oracle Corporation, java.runtime.version=1.8.0_20-b26, hibernate.connection.autocommit=true, user.name=chq-jamesgl, javax.persistence.validation.mode=AUTO, hibernate.connection.release_mode=auto, user.language=en, sun.boot.library.path=C:\Program Files\Java\jdk1.8.0_20\jre\bin, java.version=1.8.0_20, user.timezone=America/Los_Angeles, sun.arch.data.model=64, java.endorsed.dirs=C:\Program Files\Java\jdk1.8.0_20\jre\lib\endorsed, sun.cpu.isalist=amd64, sun.jnu.encoding=Cp1252, file.encoding.pkg=sun.io, file.separator=\, java.specification.name=Java Platform API Specification, java.class.version=52.0, user.country=US, java.home=C:\Program Files\Java\jdk1.8.0_20\jre, java.vm.info=mixed mode, os.version=6.1, hibernate.transaction.factory_class=org.hibernate.engine.transaction.internal.jdbc.JdbcTransactionFactory, hibernate.connection.datasource=org.springframework.jdbc.datasource.DriverManagerDataSource@6c15e8c7, surefire.real.class.path=C:\Users\chq-jamesgl\STS_work2\finalprojectgleixner\target\surefire\surefirebooter4129056140270613633.jar, hibernate.query.jpaql_strict_compliance=true, path.separator=;, java.vm.version=25.20-b23, user.variant=, java.awt.printerjob=sun.awt.windows.WPrinterJob, sun.io.unicode.encoding=UnicodeLittle, awt.toolkit=sun.awt.windows.WToolkit, user.script=, user.home=C:\Users\chq-jamesgl, java.specification.vendor=Oracle Corporation, hibernate.hbm2ddl.auto=create-drop, java.library.path=C:\Program Files\Java\jdk1.8.0_20\jre\bin;C:\WINDOWS\Sun\Java\bin;C:\WINDOWS\system32;C:\WINDOWS;C:/Program Files/Java/jdk1.7.0_45/bin/../jre/bin/server;C:/Program Files/Java/jdk1.7.0_45/bin/../jre/bin;C:/Program Files/Java/jdk1.7.0_45/bin/../jre/lib/amd64;C:\Program Files\spring-1.2.1.RELEASE\bin;C:\Maven\apache-maven-3.0.5\bin;C:\Program Files\Java\jdk1.7.0_45\bin;C:\ProgramData\Oracle\Java\javapath;C:\Program Files (x86)\Intel\iCLS Client\;C:\Program Files\Intel\iCLS Client\;C:\WINDOWS\system32;C:\WINDOWS;C:\WINDOWS\System32\Wbem;C:\WINDOWS\System32\WindowsPowerShell\v1.0\;C:\Program Files\Intel\DMIX;C:\WINDOWS\CCM;C:\WINDOWS\CCM;C:\WINDOWS\CCM;C:\WINDOWS\CCM;C:\WINDOWS\CCM;C:\WINDOWS\CCM;C:\WINDOWS\CCM;C:\PROGRA~2\IBM\SQLLIB\BIN;C:\PROGRA~2\IBM\SQLLIB\FUNCTION;C:\PROGRA~2\IBM\SQLLIB\SAMPLES\REPL;C:\Program Files\Intel\Intel(R) Management Engine Components\DAL;C:\Program Files\Intel\Intel(R) Management Engine Components\IPT;C:\Program Files (x86)\Intel\Intel(R) Management Engine Components\DAL;C:\Program Files (x86)\Intel\Intel(R) Management Engine Components\IPT;C:\Program Files\Microsoft\Web Platform Installer\;C:\Program Files\TortoiseSVN\bin;C:\Users\chq-jamesgl\Documents\STS2\sts-bundle\sts-3.6.3.SR1;;., java.vendor.url=http://java.oracle.com/, java.vm.vendor=Oracle Corporation, java.runtime.name=Java(TM) SE Runtime Environment, sun.java.command=C:\Users\chq-jamesgl\STS_work2\finalprojectgleixner\target\surefire\surefirebooter4129056140270613633.jar C:\Users\chq-jamesgl\STS_work2\finalprojectgleixner\target\surefire\surefire3891015182998956309tmp C:\Users\chq-jamesgl\STS_work2\finalprojectgleixner\target\surefire\surefire_0694316389834651853tmp, java.class.path=C:\Users\chq-jamesgl\STS_work2\finalprojectgleixner\target\test-classes;C:\Users\chq-jamesgl\STS_work2\finalprojectgleixner\target\classes;C:\Users\chq-jamesgl\.m2\repository\org\springframework\spring-webmvc\3.2.3.RELEASE\spring-webmvc-3.2.3.RELEASE.jar;C:\Users\chq-jamesgl\.m2\repository\org\springframework\spring-beans\3.2.3.RELEASE\spring-beans-3.2.3.RELEASE.jar;C:\Users\chq-jamesgl\.m2\repository\org\springframework\spring-context\3.2.3.RELEASE\spring-context-3.2.3.RELEASE.jar;C:\Users\chq-jamesgl\.m2\repository\org\springframework\spring-core\3.2.3.RELEASE\spring-core-3.2.3.RELEASE.jar;C:\Users\chq-jamesgl\.m2\repository\commons-logging\commons-logging\1.1.1\commons-logging-1.1.1.jar;C:\Users\chq-jamesgl\.m2\repository\org\springframework\spring-expression\3.2.3.RELEASE\spring-expression-3.2.3.RELEASE.jar;C:\Users\chq-jamesgl\.m2\repository\org\springframework\spring-web\3.2.3.RELEASE\spring-web-3.2.3.RELEASE.jar;C:\Users\chq-jamesgl\.m2\repository\org\springframework\security\spring-security-web\3.2.3.RELEASE\spring-security-web-3.2.3.RELEASE.jar;C:\Users\chq-jamesgl\.m2\repository\aopalliance\aopalliance\1.0\aopalliance-1.0.jar;C:\Users\chq-jamesgl\.m2\repository\org\springframework\security\spring-security-core\3.2.3.RELEASE\spring-security-core-3.2.3.RELEASE.jar;C:\Users\chq-jamesgl\.m2\repository\org\springframework\security\spring-security-config\3.2.3.RELEASE\spring-security-config-3.2.3.RELEASE.jar;C:\Users\chq-jamesgl\.m2\repository\org\springframework\security\spring-security-taglibs\3.2.3.RELEASE\spring-security-taglibs-3.2.3.RELEASE.jar;C:\Users\chq-jamesgl\.m2\repository\org\springframework\security\spring-security-acl\3.2.3.RELEASE\spring-security-acl-3.2.3.RELEASE.jar;C:\Users\chq-jamesgl\.m2\repository\javax\servlet\jstl\1.2\jstl-1.2.jar;C:\Users\chq-jamesgl\.m2\repository\javax\servlet\servlet-api\2.5\servlet-api-2.5.jar;C:\Users\chq-jamesgl\.m2\repository\javax\servlet\jsp\jsp-api\2.2\jsp-api-2.2.jar;C:\Users\chq-jamesgl\.m2\repository\org\springframework\spring-tx\3.2.3.RELEASE\spring-tx-3.2.3.RELEASE.jar;C:\Users\chq-jamesgl\.m2\repository\org\springframework\spring-orm\3.2.3.RELEASE\spring-orm-3.2.3.RELEASE.jar;C:\Users\chq-jamesgl\.m2\repository\org\springframework\spring-jdbc\3.2.3.RELEASE\spring-jdbc-3.2.3.RELEASE.jar;C:\Users\chq-jamesgl\.m2\repository\org\springframework\spring-aop\3.2.3.RELEASE\spring-aop-3.2.3.RELEASE.jar;C:\Users\chq-jamesgl\.m2\repository\org\slf4j\slf4j-api\1.7.5\slf4j-api-1.7.5.jar;C:\Users\chq-jamesgl\.m2\repository\ch\qos\logback\logback-classic\1.0.13\logback-classic-1.0.13.jar;C:\Users\chq-jamesgl\.m2\repository\ch\qos\logback\logback-core\1.0.13\logback-core-1.0.13.jar;C:\Users\chq-jamesgl\.m2\repository\org\hibernate\hibernate-entitymanager\4.2.1.Final\hibernate-entitymanager-4.2.1.Final.jar;C:\Users\chq-jamesgl\.m2\repository\org\jboss\logging\jboss-logging\3.1.0.GA\jboss-logging-3.1.0.GA.jar;C:\Users\chq-jamesgl\.m2\repository\org\hibernate\hibernate-core\4.2.1.Final\hibernate-core-4.2.1.Final.jar;C:\Users\chq-jamesgl\.m2\repository\antlr\antlr\2.7.7\antlr-2.7.7.jar;C:\Users\chq-jamesgl\.m2\repository\dom4j\dom4j\1.6.1\dom4j-1.6.1.jar;C:\Users\chq-jamesgl\.m2\repository\org\jboss\spec\javax\transaction\jboss-transaction-api_1.1_spec\1.0.1.Final\jboss-transaction-api_1.1_spec-1.0.1.Final.jar;C:\Users\chq-jamesgl\.m2\repository\org\hibernate\javax\persistence\hibernate-jpa-2.0-api\1.0.1.Final\hibernate-jpa-2.0-api-1.0.1.Final.jar;C:\Users\chq-jamesgl\.m2\repository\org\javassist\javassist\3.15.0-GA\javassist-3.15.0-GA.jar;C:\Users\chq-jamesgl\.m2\repository\org\hibernate\common\hibernate-commons-annotations\4.0.1.Final\hibernate-commons-annotations-4.0.1.Final.jar;C:\Users\chq-jamesgl\.m2\repository\javax\validation\validation-api\1.1.0.Final\validation-api-1.1.0.Final.jar;C:\Users\chq-jamesgl\.m2\repository\org\hibernate\hibernate-validator\4.2.0.Final\hibernate-validator-4.2.0.Final.jar;C:\Users\chq-jamesgl\.m2\repository\org\hsqldb\hsqldb\2.2.4\hsqldb-2.2.4.jar;C:\Users\chq-jamesgl\.m2\repository\org\dbunit\dbunit\2.5.0\dbunit-2.5.0.jar;C:\Users\chq-jamesgl\.m2\repository\commons-collections\commons-collections\3.2.1\commons-collections-3.2.1.jar;C:\Users\chq-jamesgl\.m2\repository\com\github\springtestdbunit\spring-test-dbunit\1.2.0\spring-test-dbunit-1.2.0.jar;C:\Users\chq-jamesgl\.m2\repository\org\springframework\spring-test\3.2.3.RELEASE\spring-test-3.2.3.RELEASE.jar;C:\Users\chq-jamesgl\.m2\repository\org\hamcrest\hamcrest-all\1.3\hamcrest-all-1.3.jar;C:\Users\chq-jamesgl\.m2\repository\junit\junit\4.11\junit-4.11.jar;C:\Users\chq-jamesgl\.m2\repository\org\hamcrest\hamcrest-core\1.3\hamcrest-core-1.3.jar;C:\Users\chq-jamesgl\.m2\repository\org\mockito\mockito-core\1.9.5\mockito-core-1.9.5.jar;C:\Users\chq-jamesgl\.m2\repository\org\objenesis\objenesis\1.0\objenesis-1.0.jar;C:\Users\chq-jamesgl\.m2\repository\org\apache\derby\derbyclient\10.11.1.1\derbyclient-10.11.1.1.jar;C:\Users\chq-jamesgl\.m2\repository\org\sitemesh\sitemesh\3.0-alpha-2\sitemesh-3.0-alpha-2.jar;, hibernate.bytecode.use_reflection_optimizer=false, java.vm.specification.name=Java Virtual Machine Specification, java.vm.specification.version=1.8, sun.cpu.endian=little, sun.os.patch.level=Service Pack 1, hibernate.connection.provider_class=org.hibernate.ejb.connection.InjectedDataSourceConnectionProvider, surefire.test.class.path=C:\Users\chq-jamesgl\STS_work2\finalprojectgleixner\target\test-classes;C:\Users\chq-jamesgl\STS_work2\finalprojectgleixner\target\classes;C:\Users\chq-jamesgl\.m2\repository\org\springframework\spring-webmvc\3.2.3.RELEASE\spring-webmvc-3.2.3.RELEASE.jar;C:\Users\chq-jamesgl\.m2\repository\org\springframework\spring-beans\3.2.3.RELEASE\spring-beans-3.2.3.RELEASE.jar;C:\Users\chq-jamesgl\.m2\repository\org\springframework\spring-context\3.2.3.RELEASE\spring-context-3.2.3.RELEASE.jar;C:\Users\chq-jamesgl\.m2\repository\org\springframework\spring-core\3.2.3.RELEASE\spring-core-3.2.3.RELEASE.jar;C:\Users\chq-jamesgl\.m2\repository\commons-logging\commons-logging\1.1.1\commons-logging-1.1.1.jar;C:\Users\chq-jamesgl\.m2\repository\org\springframework\spring-expression\3.2.3.RELEASE\spring-expression-3.2.3.RELEASE.jar;C:\Users\chq-jamesgl\.m2\repository\org\springframework\spring-web\3.2.3.RELEASE\spring-web-3.2.3.RELEASE.jar;C:\Users\chq-jamesgl\.m2\repository\org\springframework\security\spring-security-web\3.2.3.RELEASE\spring-security-web-3.2.3.RELEASE.jar;C:\Users\chq-jamesgl\.m2\repository\aopalliance\aopalliance\1.0\aopalliance-1.0.jar;C:\Users\chq-jamesgl\.m2\repository\org\springframework\security\spring-security-core\3.2.3.RELEASE\spring-security-core-3.2.3.RELEASE.jar;C:\Users\chq-jamesgl\.m2\repository\org\springframework\security\spring-security-config\3.2.3.RELEASE\spring-security-config-3.2.3.RELEASE.jar;C:\Users\chq-jamesgl\.m2\repository\org\springframework\security\spring-security-taglibs\3.2.3.RELEASE\spring-security-taglibs-3.2.3.RELEASE.jar;C:\Users\chq-jamesgl\.m2\repository\org\springframework\security\spring-security-acl\3.2.3.RELEASE\spring-security-acl-3.2.3.RELEASE.jar;C:\Users\chq-jamesgl\.m2\repository\javax\servlet\jstl\1.2\jstl-1.2.jar;C:\Users\chq-jamesgl\.m2\repository\javax\servlet\servlet-api\2.5\servlet-api-2.5.jar;C:\Users\chq-jamesgl\.m2\repository\javax\servlet\jsp\jsp-api\2.2\jsp-api-2.2.jar;C:\Users\chq-jamesgl\.m2\repository\org\springframework\spring-tx\3.2.3.RELEASE\spring-tx-3.2.3.RELEASE.jar;C:\Users\chq-jamesgl\.m2\repository\org\springframework\spring-orm\3.2.3.RELEASE\spring-orm-3.2.3.RELEASE.jar;C:\Users\chq-jamesgl\.m2\repository\org\springframework\spring-jdbc\3.2.3.RELEASE\spring-jdbc-3.2.3.RELEASE.jar;C:\Users\chq-jamesgl\.m2\repository\org\springframework\spring-aop\3.2.3.RELEASE\spring-aop-3.2.3.RELEASE.jar;C:\Users\chq-jamesgl\.m2\repository\org\slf4j\slf4j-api\1.7.5\slf4j-api-1.7.5.jar;C:\Users\chq-jamesgl\.m2\repository\ch\qos\logback\logback-classic\1.0.13\logback-classic-1.0.13.jar;C:\Users\chq-jamesgl\.m2\repository\ch\qos\logback\logback-core\1.0.13\logback-core-1.0.13.jar;C:\Users\chq-jamesgl\.m2\repository\org\hibernate\hibernate-entitymanager\4.2.1.Final\hibernate-entitymanager-4.2.1.Final.jar;C:\Users\chq-jamesgl\.m2\repository\org\jboss\logging\jboss-logging\3.1.0.GA\jboss-logging-3.1.0.GA.jar;C:\Users\chq-jamesgl\.m2\repository\org\hibernate\hibernate-core\4.2.1.Final\hibernate-core-4.2.1.Final.jar;C:\Users\chq-jamesgl\.m2\repository\antlr\antlr\2.7.7\antlr-2.7.7.jar;C:\Users\chq-jamesgl\.m2\repository\dom4j\dom4j\1.6.1\dom4j-1.6.1.jar;C:\Users\chq-jamesgl\.m2\repository\org\jboss\spec\javax\transaction\jboss-transaction-api_1.1_spec\1.0.1.Final\jboss-transaction-api_1.1_spec-1.0.1.Final.jar;C:\Users\chq-jamesgl\.m2\repository\org\hibernate\javax\persistence\hibernate-jpa-2.0-api\1.0.1.Final\hibernate-jpa-2.0-api-1.0.1.Final.jar;C:\Users\chq-jamesgl\.m2\repository\org\javassist\javassist\3.15.0-GA\javassist-3.15.0-GA.jar;C:\Users\chq-jamesgl\.m2\repository\org\hibernate\common\hibernate-commons-annotations\4.0.1.Final\hibernate-commons-annotations-4.0.1.Final.jar;C:\Users\chq-jamesgl\.m2\repository\javax\validation\validation-api\1.1.0.Final\validation-api-1.1.0.Final.jar;C:\Users\chq-jamesgl\.m2\repository\org\hibernate\hibernate-validator\4.2.0.Final\hibernate-validator-4.2.0.Final.jar;C:\Users\chq-jamesgl\.m2\repository\org\hsqldb\hsqldb\2.2.4\hsqldb-2.2.4.jar;C:\Users\chq-jamesgl\.m2\repository\org\dbunit\dbunit\2.5.0\dbunit-2.5.0.jar;C:\Users\chq-jamesgl\.m2\repository\commons-collections\commons-collections\3.2.1\commons-collections-3.2.1.jar;C:\Users\chq-jamesgl\.m2\repository\com\github\springtestdbunit\spring-test-dbunit\1.2.0\spring-test-dbunit-1.2.0.jar;C:\Users\chq-jamesgl\.m2\repository\org\springframework\spring-test\3.2.3.RELEASE\spring-test-3.2.3.RELEASE.jar;C:\Users\chq-jamesgl\.m2\repository\org\hamcrest\hamcrest-all\1.3\hamcrest-all-1.3.jar;C:\Users\chq-jamesgl\.m2\repository\junit\junit\4.11\junit-4.11.jar;C:\Users\chq-jamesgl\.m2\repository\org\hamcrest\hamcrest-core\1.3\hamcrest-core-1.3.jar;C:\Users\chq-jamesgl\.m2\repository\org\mockito\mockito-core\1.9.5\mockito-core-1.9.5.jar;C:\Users\chq-jamesgl\.m2\repository\org\objenesis\objenesis\1.0\objenesis-1.0.jar;C:\Users\chq-jamesgl\.m2\repository\org\apache\derby\derbyclient\10.11.1.1\derbyclient-10.11.1.1.jar;C:\Users\chq-jamesgl\.m2\repository\org\sitemesh\sitemesh\3.0-alpha-2\sitemesh-3.0-alpha-2.jar;, java.io.tmpdir=C:\Users\CHQ-JA~1\AppData\Local\Temp\, java.vendor.url.bug=http://bugreport.sun.com/bugreport/, javax.persistence.sharedCache.mode=UNSPECIFIED, os.arch=amd64, java.awt.graphicsenv=sun.awt.Win32GraphicsEnvironment, java.ext.dirs=C:\Program Files\Java\jdk1.8.0_20\jre\lib\ext;C:\WINDOWS\Sun\Java\lib\ext, user.dir=C:\Users\chq-jamesgl\STS_work2\finalprojectgleixner, line.separator=
, java.vm.name=Java HotSpot(TM) 64-Bit Server VM, basedir=C:\Users\chq-jamesgl\STS_work2\finalprojectgleixner, file.encoding=Cp1252, hibernate.use_identifier_rollback=false, java.specification.version=1.8, hibernate.show_sql=true}
DEBUG DefaultTraversableResolver - Found javax.persistence.Persistence on classpath containing &apos;getPersistenceUtil&apos;. Assuming JPA 2 environment. Trying to instantiate JPA aware TraversableResolver
DEBUG DefaultTraversableResolver - Instantiated JPA aware TraversableResolver of type org.hibernate.validator.engine.resolver.JPATraversableResolver.
DEBUG ValidationXmlParser - Trying to load META-INF/validation.xml for XML based Validator configuration.
DEBUG ValidationXmlParser - No META-INF/validation.xml found. Using annotation based configuration only
DEBUG DefaultTraversableResolver - Found javax.persistence.Persistence on classpath containing &apos;getPersistenceUtil&apos;. Assuming JPA 2 environment. Trying to instantiate JPA aware TraversableResolver
DEBUG DefaultTraversableResolver - Instantiated JPA aware TraversableResolver of type org.hibernate.validator.engine.resolver.JPATraversableResolver.
DEBUG ValidationXmlParser - Trying to load META-INF/validation.xml for XML based Validator configuration.
DEBUG ValidationXmlParser - No META-INF/validation.xml found. Using annotation based configuration only
DEBUG ConstraintDescriptorImpl - Adding composing constraint: ConstraintDescriptorImpl{annotation=javax.validation.constraints.NotNull, payloads=[], hasComposingConstraints=true, isReportAsSingleInvalidConstraint=false, elementType=FIELD, definedOn=DEFINED_LOCALLY, groups=[interface javax.validation.groups.Default], attributes={message={javax.validation.constraints.NotNull.message}, groups=[Ljava.lang.Class;@329a1f8d, payload=[Ljava.lang.Class;@a565cbd}}
DEBUG ConstraintDescriptorImpl - Adding composing constraint: ConstraintDescriptorImpl{annotation=javax.validation.constraints.Size, payloads=[], hasComposingConstraints=true, isReportAsSingleInvalidConstraint=false, elementType=FIELD, definedOn=DEFINED_LOCALLY, groups=[interface javax.validation.groups.Default], attributes={groups=[Ljava.lang.Class;@2f66f0d0, min=1, message={javax.validation.constraints.Size.message}, max=2147483647, payload=[Ljava.lang.Class;@4d62f4c6}}
DEBUG ConstraintDescriptorImpl - Adding composing constraint: ConstraintDescriptorImpl{annotation=javax.validation.constraints.NotNull, payloads=[], hasComposingConstraints=true, isReportAsSingleInvalidConstraint=false, elementType=FIELD, definedOn=DEFINED_LOCALLY, groups=[interface javax.validation.groups.Default], attributes={message={javax.validation.constraints.NotNull.message}, groups=[Ljava.lang.Class;@1f3165e7, payload=[Ljava.lang.Class;@2ec3633f}}
DEBUG ConstraintDescriptorImpl - Adding composing constraint: ConstraintDescriptorImpl{annotation=javax.validation.constraints.Size, payloads=[], hasComposingConstraints=true, isReportAsSingleInvalidConstraint=false, elementType=FIELD, definedOn=DEFINED_LOCALLY, groups=[interface javax.validation.groups.Default], attributes={groups=[Ljava.lang.Class;@13275d8, min=1, message={javax.validation.constraints.Size.message}, max=2147483647, payload=[Ljava.lang.Class;@15b82644}}
DEBUG ConstraintDescriptorImpl - Adding composing constraint: ConstraintDescriptorImpl{annotation=javax.validation.constraints.NotNull, payloads=[], hasComposingConstraints=true, isReportAsSingleInvalidConstraint=false, elementType=FIELD, definedOn=DEFINED_LOCALLY, groups=[interface javax.validation.groups.Default], attributes={message={javax.validation.constraints.NotNull.message}, groups=[Ljava.lang.Class;@574cd322, payload=[Ljava.lang.Class;@45c2e0a6}}
DEBUG ConstraintDescriptorImpl - Adding composing constraint: ConstraintDescriptorImpl{annotation=javax.validation.constraints.Size, payloads=[], hasComposingConstraints=true, isReportAsSingleInvalidConstraint=false, elementType=FIELD, definedOn=DEFINED_LOCALLY, groups=[interface javax.validation.groups.Default], attributes={groups=[Ljava.lang.Class;@a7ad6e5, min=1, message={javax.validation.constraints.Size.message}, max=2147483647, payload=[Ljava.lang.Class;@3b1ed14b}}
DEBUG ConstraintDescriptorImpl - Adding composing constraint: ConstraintDescriptorImpl{annotation=javax.validation.constraints.NotNull, payloads=[], hasComposingConstraints=true, isReportAsSingleInvalidConstraint=false, elementType=FIELD, definedOn=DEFINED_LOCALLY, groups=[interface javax.validation.groups.Default], attributes={message={javax.validation.constraints.NotNull.message}, groups=[Ljava.lang.Class;@54cf7c6a, payload=[Ljava.lang.Class;@78010562}}
DEBUG ConstraintDescriptorImpl - Adding composing constraint: ConstraintDescriptorImpl{annotation=javax.validation.constraints.Size, payloads=[], hasComposingConstraints=true, isReportAsSingleInvalidConstraint=false, elementType=FIELD, definedOn=DEFINED_LOCALLY, groups=[interface javax.validation.groups.Default], attributes={groups=[Ljava.lang.Class;@38aafb53, min=1, message={javax.validation.constraints.Size.message}, max=2147483647, payload=[Ljava.lang.Class;@1729ec00}}
DEBUG ConstraintDescriptorImpl - Adding composing constraint: ConstraintDescriptorImpl{annotation=javax.validation.constraints.NotNull, payloads=[], hasComposingConstraints=true, isReportAsSingleInvalidConstraint=false, elementType=FIELD, definedOn=DEFINED_LOCALLY, groups=[interface javax.validation.groups.Default], attributes={message={javax.validation.constraints.NotNull.message}, groups=[Ljava.lang.Class;@49ec6a9f, payload=[Ljava.lang.Class;@26b95b0b}}
DEBUG ConstraintDescriptorImpl - Adding composing constraint: ConstraintDescriptorImpl{annotation=javax.validation.constraints.Size, payloads=[], hasComposingConstraints=true, isReportAsSingleInvalidConstraint=false, elementType=FIELD, definedOn=DEFINED_LOCALLY, groups=[interface javax.validation.groups.Default], attributes={groups=[Ljava.lang.Class;@103082dd, min=1, message={javax.validation.constraints.Size.message}, max=2147483647, payload=[Ljava.lang.Class;@3a22bad6}}
DEBUG ConstraintDescriptorImpl - Adding composing constraint: ConstraintDescriptorImpl{annotation=javax.validation.constraints.NotNull, payloads=[], hasComposingConstraints=true, isReportAsSingleInvalidConstraint=false, elementType=FIELD, definedOn=DEFINED_LOCALLY, groups=[interface javax.validation.groups.Default], attributes={message={javax.validation.constraints.NotNull.message}, groups=[Ljava.lang.Class;@64fe9da7, payload=[Ljava.lang.Class;@70cccd8f}}
DEBUG ConstraintDescriptorImpl - Adding composing constraint: ConstraintDescriptorImpl{annotation=javax.validation.constraints.Size, payloads=[], hasComposingConstraints=true, isReportAsSingleInvalidConstraint=false, elementType=FIELD, definedOn=DEFINED_LOCALLY, groups=[interface javax.validation.groups.Default], attributes={groups=[Ljava.lang.Class;@77ec6a3d, min=1, message={javax.validation.constraints.Size.message}, max=2147483647, payload=[Ljava.lang.Class;@67efd2c2}}
DEBUG ConstraintDescriptorImpl - Adding composing constraint: ConstraintDescriptorImpl{annotation=javax.validation.constraints.NotNull, payloads=[], hasComposingConstraints=true, isReportAsSingleInvalidConstraint=false, elementType=FIELD, definedOn=DEFINED_LOCALLY, groups=[interface javax.validation.groups.Default], attributes={message={javax.validation.constraints.NotNull.message}, groups=[Ljava.lang.Class;@17c2d509, payload=[Ljava.lang.Class;@36bf84e}}
DEBUG ConstraintDescriptorImpl - Adding composing constraint: ConstraintDescriptorImpl{annotation=javax.validation.constraints.Size, payloads=[], hasComposingConstraints=true, isReportAsSingleInvalidConstraint=false, elementType=FIELD, definedOn=DEFINED_LOCALLY, groups=[interface javax.validation.groups.Default], attributes={groups=[Ljava.lang.Class;@25b52284, min=1, message={javax.validation.constraints.Size.message}, max=2147483647, payload=[Ljava.lang.Class;@245ec1a6}}
DEBUG DefaultIdentifierGeneratorFactory - Setting dialect [org.hibernate.dialect.HSQLDialect]
DEBUG DefaultIdentifierGeneratorFactory - Setting dialect [org.hibernate.dialect.HSQLDialect]
DEBUG DefaultIdentifierGeneratorFactory - Setting dialect [org.hibernate.dialect.HSQLDialect]
DEBUG DefaultIdentifierGeneratorFactory - Setting dialect [org.hibernate.dialect.HSQLDialect]
DEBUG DefaultIdentifierGeneratorFactory - Setting dialect [org.hibernate.dialect.HSQLDialect]
DEBUG DefaultIdentifierGeneratorFactory - Setting dialect [org.hibernate.dialect.HSQLDialect]
DEBUG DefaultIdentifierGeneratorFactory - Setting dialect [org.hibernate.dialect.HSQLDialect]
DEBUG DefaultIdentifierGeneratorFactory - Setting dialect [org.hibernate.dialect.HSQLDialect]
DEBUG AbstractEntityPersister - Static SQL for entity: com.expeditors.training.course3demo.model.PhoneNumber
DEBUG AbstractEntityPersister -  Version select: select PHONE_NUMBER_ID from PHONE_NUMBER where PHONE_NUMBER_ID =?
DEBUG AbstractEntityPersister -  Snapshot select: select phonenumbe_.PHONE_NUMBER_ID, phonenumbe_.CARD_ID as CARD3_3_, phonenumbe_.PHONE_NUMBER as PHONE2_3_ from PHONE_NUMBER phonenumbe_ where phonenumbe_.PHONE_NUMBER_ID=?
DEBUG AbstractEntityPersister -  Insert 0: insert into PHONE_NUMBER (CARD_ID, PHONE_NUMBER, PHONE_NUMBER_ID) values (?, ?, ?)
DEBUG AbstractEntityPersister -  Update 0: update PHONE_NUMBER set CARD_ID=?, PHONE_NUMBER=? where PHONE_NUMBER_ID=?
DEBUG AbstractEntityPersister -  Delete 0: delete from PHONE_NUMBER where PHONE_NUMBER_ID=?
DEBUG AbstractEntityPersister -  Identity insert: insert into PHONE_NUMBER (PHONE_NUMBER_ID, CARD_ID, PHONE_NUMBER) values (default, ?, ?)
DEBUG AbstractEntityPersister - Static SQL for entity: com.expeditors.training.course3demo.model.Shipment
DEBUG AbstractEntityPersister -  Version select: select SHIPMENT_ID from Shipment where SHIPMENT_ID =?
DEBUG AbstractEntityPersister -  Snapshot select: select shipment_.SHIPMENT_ID, shipment_.destination as destinat2_5_, shipment_.name as name3_5_, shipment_.origin as origin4_5_, shipment_.volume as volume5_5_ from Shipment shipment_ where shipment_.SHIPMENT_ID=?
DEBUG AbstractEntityPersister -  Insert 0: insert into Shipment (destination, name, origin, volume, SHIPMENT_ID) values (?, ?, ?, ?, ?)
DEBUG AbstractEntityPersister -  Update 0: update Shipment set destination=?, name=?, origin=?, volume=? where SHIPMENT_ID=?
DEBUG AbstractEntityPersister -  Delete 0: delete from Shipment where SHIPMENT_ID=?
DEBUG AbstractEntityPersister -  Identity insert: insert into Shipment (SHIPMENT_ID, destination, name, origin, volume) values (default, ?, ?, ?, ?)
DEBUG AbstractEntityPersister - Static SQL for entity: com.expeditors.training.course3demo.model.Card
DEBUG AbstractEntityPersister -  Version select: select CARD_ID from CARD where CARD_ID =?
DEBUG AbstractEntityPersister -  Snapshot select: select card_.CARD_ID, card_.address as address5_1_, card_.amount as amount2_1_, card_.CARD_NUMBER as CARD3_1_, card_.OWNER_NAME as OWNER4_1_ from CARD card_ where card_.CARD_ID=?
DEBUG AbstractEntityPersister -  Insert 0: insert into CARD (address, amount, CARD_NUMBER, OWNER_NAME, CARD_ID) values (?, ?, ?, ?, ?)
DEBUG AbstractEntityPersister -  Update 0: update CARD set address=?, amount=?, CARD_NUMBER=?, OWNER_NAME=? where CARD_ID=?
DEBUG AbstractEntityPersister -  Delete 0: delete from CARD where CARD_ID=?
DEBUG AbstractEntityPersister -  Identity insert: insert into CARD (CARD_ID, address, amount, CARD_NUMBER, OWNER_NAME) values (default, ?, ?, ?, ?)
DEBUG AbstractEntityPersister - Static SQL for entity: com.expeditors.training.course3demo.model.Container
DEBUG AbstractEntityPersister -  Version select: select CONTAINER_ID from Container where CONTAINER_ID =?
DEBUG AbstractEntityPersister -  Snapshot select: select container_.CONTAINER_ID, container_.capacity as capacity2_2_, container_.destination as destinat3_2_, container_.location as location4_2_, container_.name as name5_2_, container_.status as status6_2_ from Container container_ where container_.CONTAINER_ID=?
DEBUG AbstractEntityPersister -  Insert 0: insert into Container (capacity, destination, location, name, status, CONTAINER_ID) values (?, ?, ?, ?, ?, ?)
DEBUG AbstractEntityPersister -  Update 0: update Container set capacity=?, destination=?, location=?, name=?, status=? where CONTAINER_ID=?
DEBUG AbstractEntityPersister -  Delete 0: delete from Container where CONTAINER_ID=?
DEBUG AbstractEntityPersister -  Identity insert: insert into Container (CONTAINER_ID, capacity, destination, location, name, status) values (default, ?, ?, ?, ?, ?)
DEBUG AbstractEntityPersister - Static SQL for entity: com.expeditors.training.course3demo.model.UserRole
DEBUG AbstractEntityPersister -  Version select: select ROLE_ID from USERROLE where ROLE_ID =?
DEBUG AbstractEntityPersister -  Snapshot select: select userrole_.ROLE_ID, userrole_.ROLE_NAME as ROLE2_7_, userrole_.ROLE_OWNER as ROLE3_7_ from USERROLE userrole_ where userrole_.ROLE_ID=?
DEBUG AbstractEntityPersister -  Insert 0: insert into USERROLE (ROLE_NAME, ROLE_OWNER, ROLE_ID) values (?, ?, ?)
DEBUG AbstractEntityPersister -  Update 0: update USERROLE set ROLE_NAME=?, ROLE_OWNER=? where ROLE_ID=?
DEBUG AbstractEntityPersister -  Delete 0: delete from USERROLE where ROLE_ID=?
DEBUG AbstractEntityPersister -  Identity insert: insert into USERROLE (ROLE_ID, ROLE_NAME, ROLE_OWNER) values (default, ?, ?)
DEBUG AbstractEntityPersister - Static SQL for entity: com.expeditors.training.course3demo.model.Address
DEBUG AbstractEntityPersister -  Version select: select ADDRESS_ID from ADDRESS where ADDRESS_ID =?
DEBUG AbstractEntityPersister -  Snapshot select: select address_.ADDRESS_ID, address_.city as city2_0_, address_.state as state3_0_, address_.street as street4_0_ from ADDRESS address_ where address_.ADDRESS_ID=?
DEBUG AbstractEntityPersister -  Insert 0: insert into ADDRESS (city, state, street, ADDRESS_ID) values (?, ?, ?, ?)
DEBUG AbstractEntityPersister -  Update 0: update ADDRESS set city=?, state=?, street=? where ADDRESS_ID=?
DEBUG AbstractEntityPersister -  Delete 0: delete from ADDRESS where ADDRESS_ID=?
DEBUG AbstractEntityPersister -  Identity insert: insert into ADDRESS (ADDRESS_ID, city, state, street) values (default, ?, ?, ?)
DEBUG AbstractEntityPersister - Static SQL for entity: com.expeditors.training.course3demo.model.UserAccount
DEBUG AbstractEntityPersister -  Version select: select USER_ID from USERACCOUNT where USER_ID =?
DEBUG AbstractEntityPersister -  Snapshot select: select useraccoun_.USER_ID, useraccoun_.enabled as enabled2_6_, useraccoun_.password as password3_6_, useraccoun_.username as username4_6_ from USERACCOUNT useraccoun_ where useraccoun_.USER_ID=?
DEBUG AbstractEntityPersister -  Insert 0: insert into USERACCOUNT (enabled, password, username, USER_ID) values (?, ?, ?, ?)
DEBUG AbstractEntityPersister -  Update 0: update USERACCOUNT set enabled=?, password=?, username=? where USER_ID=?
DEBUG AbstractEntityPersister -  Delete 0: delete from USERACCOUNT where USER_ID=?
DEBUG AbstractEntityPersister -  Identity insert: insert into USERACCOUNT (USER_ID, enabled, password, username) values (default, ?, ?, ?)
DEBUG AbstractEntityPersister - Static SQL for entity: com.expeditors.training.course3demo.model.Product
DEBUG AbstractEntityPersister -  Version select: select PRODUCT_ID from PRODUCT where PRODUCT_ID =?
DEBUG AbstractEntityPersister -  Snapshot select: select product_.PRODUCT_ID, product_.description as descript2_4_, product_.name as name3_4_, product_.price as price4_4_ from PRODUCT product_ where product_.PRODUCT_ID=?
DEBUG AbstractEntityPersister -  Insert 0: insert into PRODUCT (description, name, price, PRODUCT_ID) values (?, ?, ?, ?)
[...]
Hibernate: create table Shipment (SHIPMENT_ID bigint generated by default as identity (start with 1), destination varchar(255), name varchar(40), origin varchar(255), volume double not null check (volume&gt;=0), primary key (SHIPMENT_ID))
DEBUG SQL - create table USERACCOUNT (USER_ID bigint generated by default as identity (start with 1), enabled boolean, password varchar(50), username varchar(255), primary key (USER_ID))
Hibernate: create table USERACCOUNT (USER_ID bigint generated by default as identity (start with 1), enabled boolean, password varchar(50), username varchar(255), primary key (USER_ID))
DEBUG SQL - create table USERROLE (ROLE_ID bigint generated by default as identity (start with 1), ROLE_NAME varchar(40) not null, ROLE_OWNER bigint not null, primary key (ROLE_ID))
Hibernate: create table USERROLE (ROLE_ID bigint generated by default as identity (start with 1), ROLE_NAME varchar(40) not null, ROLE_OWNER bigint not null, primary key (ROLE_ID))
DEBUG SQL - alter table CARD add constraint FK_c7bf1108c645403e8c25edea881 foreign key (address) references ADDRESS
Hibernate: alter table CARD add constraint FK_c7bf1108c645403e8c25edea881 foreign key (address) references ADDRESS
DEBUG SQL - alter table PHONE_NUMBER add constraint FK_7eb67f015d3a43e69b40bca233a foreign key (CARD_ID) references CARD
Hibernate: alter table PHONE_NUMBER add constraint FK_7eb67f015d3a43e69b40bca233a foreign key (CARD_ID) references CARD
DEBUG SQL - alter table USERROLE add constraint FK_856da8374e2f41ee9f7114f3df1 foreign key (ROLE_OWNER) references USERACCOUNT
Hibernate: alter table USERROLE add constraint FK_856da8374e2f41ee9f7114f3df1 foreign key (ROLE_OWNER) references USERACCOUNT
INFO  SchemaExport - HHH000230: Schema export complete
DEBUG Configuration - Processing hbm.xml files
DEBUG Configuration - Process annotated classes
DEBUG Configuration - Processing fk mappings (*ToOne and JoinedSubclass)
DEBUG Configuration - Processing extends queue
DEBUG Configuration - Processing extends queue
DEBUG Configuration - Processing collection mappings
DEBUG Configuration - Processing native query and ResultSetMapping mappings
DEBUG Configuration - Processing association property references
DEBUG Configuration - Creating tables&apos; unique integer identifiers
DEBUG Configuration - Processing foreign key constraints
DEBUG Configuration - Resolving reference to class: com.expeditors.training.course3demo.model.Address
DEBUG Configuration - Resolving reference to class: com.expeditors.training.course3demo.model.Card
DEBUG Configuration - Resolving reference to class: com.expeditors.training.course3demo.model.UserAccount
DEBUG DefaultIdentifierGeneratorFactory - Setting dialect [org.hibernate.dialect.HSQLDialect]
DEBUG DefaultIdentifierGeneratorFactory - Setting dialect [org.hibernate.dialect.HSQLDialect]
DEBUG DefaultIdentifierGeneratorFactory - Setting dialect [org.hibernate.dialect.HSQLDialect]
DEBUG DefaultIdentifierGeneratorFactory - Setting dialect [org.hibernate.dialect.HSQLDialect]
DEBUG DefaultIdentifierGeneratorFactory - Setting dialect [org.hibernate.dialect.HSQLDialect]
DEBUG DefaultIdentifierGeneratorFactory - Setting dialect [org.hibernate.dialect.HSQLDialect]
DEBUG DefaultIdentifierGeneratorFactory - Setting dialect [org.hibernate.dialect.HSQLDialect]
DEBUG DefaultIdentifierGeneratorFactory - Setting dialect [org.hibernate.dialect.HSQLDialect]
DEBUG Configuration - Processing hbm.xml files
DEBUG Configuration - Process annotated classes
DEBUG Configuration - Processing fk mappings (*ToOne and JoinedSubclass)
DEBUG Configuration - Processing extends queue
DEBUG Configuration - Processing extends queue
DEBUG Configuration - Processing collection mappings
DEBUG Configuration - Processing native query and ResultSetMapping mappings
DEBUG Configuration - Processing association property references
DEBUG Configuration - Creating tables&apos; unique integer identifiers
DEBUG Configuration - Processing foreign key constraints
DEBUG Configuration - Resolving reference to class: com.expeditors.training.course3demo.model.Address
DEBUG Configuration - Resolving reference to class: com.expeditors.training.course3demo.model.Card
DEBUG Configuration - Resolving reference to class: com.expeditors.training.course3demo.model.UserAccount
DEBUG DefaultIdentifierGeneratorFactory - Setting dialect [org.hibernate.dialect.HSQLDialect]
DEBUG DefaultIdentifierGeneratorFactory - Setting dialect [org.hibernate.dialect.HSQLDialect]
DEBUG DefaultIdentifierGeneratorFactory - Setting dialect [org.hibernate.dialect.HSQLDialect]
DEBUG DefaultIdentifierGeneratorFactory - Setting dialect [org.hibernate.dialect.HSQLDialect]
DEBUG DefaultIdentifierGeneratorFactory - Setting dialect [org.hibernate.dialect.HSQLDialect]
DEBUG DefaultIdentifierGeneratorFactory - Setting dialect [org.hibernate.dialect.HSQLDialect]
DEBUG DefaultIdentifierGeneratorFactory - Setting dialect [org.hibernate.dialect.HSQLDialect]
DEBUG DefaultIdentifierGeneratorFactory - Setting dialect [org.hibernate.dialect.HSQLDialect]
DEBUG DefaultIdentifierGeneratorFactory - Setting dialect [org.hibernate.dialect.HSQLDialect]
DEBUG DefaultIdentifierGeneratorFactory - Setting dialect [org.hibernate.dialect.HSQLDialect]
DEBUG DefaultIdentifierGeneratorFactory - Setting dialect [org.hibernate.dialect.HSQLDialect]
DEBUG DefaultIdentifierGeneratorFactory - Setting dialect [org.hibernate.dialect.HSQLDialect]
DEBUG DefaultIdentifierGeneratorFactory - Setting dialect [org.hibernate.dialect.HSQLDialect]
DEBUG DefaultIdentifierGeneratorFactory - Setting dialect [org.hibernate.dialect.HSQLDialect]
DEBUG DefaultIdentifierGeneratorFactory - Setting dialect [org.hibernate.dialect.HSQLDialect]
DEBUG DefaultIdentifierGeneratorFactory - Setting dialect [org.hibernate.dialect.HSQLDialect]
DEBUG SessionFactoryImpl - Checking 0 named HQL queries
DEBUG SessionFactoryImpl - Checking 0 named SQL queries
DEBUG StatisticsInitiator - Statistics initialized [enabled=false]
DEBUG EntityManagerFactoryRegistry - Registering EntityManagerFactory: default 
DEBUG SessionFactoryImpl - HHH000031: Closing
INFO  SchemaExport - HHH000227: Running hbm2ddl schema export
DEBUG SchemaExport - Import file not found: /import.sql
DEBUG SQL - alter table CARD drop constraint FK_c7bf1108c645403e8c25edea881
Hibernate: alter table CARD drop constraint FK_c7bf1108c645403e8c25edea881
DEBUG SQL - alter table PHONE_NUMBER drop constraint FK_7eb67f015d3a43e69b40bca233a
Hibernate: alter table PHONE_NUMBER drop constraint FK_7eb67f015d3a43e69b40bca233a
DEBUG SQL - alter table USERROLE drop constraint FK_856da8374e2f41ee9f7114f3df1
Hibernate: alter table USERROLE drop constraint FK_856da8374e2f41ee9f7114f3df1
DEBUG SQL - drop table ADDRESS if exists
Hibernate: drop table ADDRESS if exists
DEBUG SQL - drop table CARD if exists
Hibernate: drop table CARD if exists
DEBUG SQL - drop table Container if exists
Hibernate: drop table Container if exists
DEBUG SQL - drop table PHONE_NUMBER if exists
Hibernate: drop table PHONE_NUMBER if exists
DEBUG SQL - drop table PRODUCT if exists
Hibernate: drop table PRODUCT if exists
DEBUG SQL - drop table Shipment if exists
Hibernate: drop table Shipment if exists
DEBUG SQL - drop table USERACCOUNT if exists
Hibernate: drop table USERACCOUNT if exists
DEBUG SQL - drop table USERROLE if exists
Hibernate: drop table USERROLE if exists
INFO  SchemaExport - HHH000230: Schema export complete
DEBUG EntityManagerFactoryRegistry - Remove: name=default
</system-out>
    <system-err>Mar 02, 2015 10:04:17 AM org.springframework.context.support.AbstractApplicationContext prepareRefresh
INFO: Refreshing org.springframework.web.context.support.GenericWebApplicationContext@396639b: startup date [Mon Mar 02 10:04:17 PST 2015]; root of context hierarchy
Mar 02, 2015 10:04:17 AM org.springframework.jdbc.datasource.DriverManagerDataSource setDriverClassName
INFO: Loaded JDBC driver: org.hsqldb.jdbcDriver
Mar 02, 2015 10:04:17 AM org.springframework.orm.jpa.LocalContainerEntityManagerFactoryBean createNativeEntityManagerFactory
INFO: Building JPA container EntityManagerFactory for persistence unit &apos;default&apos;
Mar 02, 2015 10:04:18 AM org.springframework.beans.factory.support.DefaultListableBeanFactory preInstantiateSingletons
INFO: Pre-instantiating singletons in org.springframework.beans.factory.support.DefaultListableBeanFactory@2b22a1cc: defining beans [org.springframework.context.annotation.internalConfigurationAnnotationProcessor,org.springframework.context.annotation.internalAutowiredAnnotationProcessor,org.springframework.context.annotation.internalRequiredAnnotationProcessor,org.springframework.context.annotation.internalCommonAnnotationProcessor,org.springframework.context.annotation.internalPersistenceAnnotationProcessor,testConfig,org.springframework.context.annotation.ConfigurationClassPostProcessor.importAwareProcessor,cardController,containerController,errorLoginController,homeController,productController,securityController,shipmentController,org.springframework.web.servlet.config.annotation.DelegatingWebMvcConfiguration,requestMappingHandlerMapping,mvcContentNegotiationManager,viewControllerHandlerMapping,beanNameHandlerMapping,resourceHandlerMapping,defaultServletHandlerMapping,requestMappingHandlerAdapter,mvcConversionService,httpRequestHandlerAdapter,simpleControllerHandlerAdapter,handlerExceptionResolver,mvcValidator,com.expeditors.training.course3demo.config.PersistenceJPATestConfig,dataSource,entityManagerFactory,viewResolver,shipmentService,productService,containerService]; root of factory hierarchy
Mar 02, 2015 10:04:18 AM org.springframework.beans.factory.support.DefaultSingletonBeanRegistry destroySingletons
INFO: Destroying singletons in org.springframework.beans.factory.support.DefaultListableBeanFactory@2b22a1cc: defining beans [org.springframework.context.annotation.internalConfigurationAnnotationProcessor,org.springframework.context.annotation.internalAutowiredAnnotationProcessor,org.springframework.context.annotation.internalRequiredAnnotationProcessor,org.springframework.context.annotation.internalCommonAnnotationProcessor,org.springframework.context.annotation.internalPersistenceAnnotationProcessor,testConfig,org.springframework.context.annotation.ConfigurationClassPostProcessor.importAwareProcessor,cardController,containerController,errorLoginController,homeController,productController,securityController,shipmentController,org.springframework.web.servlet.config.annotation.DelegatingWebMvcConfiguration,requestMappingHandlerMapping,mvcContentNegotiationManager,viewControllerHandlerMapping,beanNameHandlerMapping,resourceHandlerMapping,defaultServletHandlerMapping,requestMappingHandlerAdapter,mvcConversionService,httpRequestHandlerAdapter,simpleControllerHandlerAdapter,handlerExceptionResolver,mvcValidator,com.expeditors.training.course3demo.config.PersistenceJPATestConfig,dataSource,entityManagerFactory,viewResolver,shipmentService,productService,containerService]; root of factory hierarchy
Mar 02, 2015 10:04:18 AM org.springframework.orm.jpa.AbstractEntityManagerFactoryBean destroy
INFO: Closing JPA EntityManagerFactory for persistence unit &apos;default&apos;
Mar 02, 2015 10:04:18 AM org.springframework.test.context.TestContextManager prepareTestInstance
SEVERE: Caught exception while allowing TestExecutionListener [org.springframework.test.context.web.ServletTestExecutionListener@36a6bea6] to prepare test instance [com.expeditors.training.course3demo.controller.ProductControllerTest@44e93c1f]
java.lang.IllegalStateException: Failed to load ApplicationContext
	at org.springframework.test.context.CacheAwareContextLoaderDelegate.loadContext(CacheAwareContextLoaderDelegate.java:99)
	at org.springframework.test.context.TestContext.getApplicationContext(TestContext.java:122)
	at org.springframework.test.context.web.ServletTestExecutionListener.setUpRequestContextIfNecessary(ServletTestExecutionListener.java:105)
	at org.springframework.test.context.web.ServletTestExecutionListener.prepareTestInstance(ServletTestExecutionListener.java:74)
	at org.springframework.test.context.TestContextManager.prepareTestInstance(TestContextManager.java:312)
	at org.springframework.test.context.junit4.SpringJUnit4ClassRunner.createTest(SpringJUnit4ClassRunner.java:211)
	at org.springframework.test.context.junit4.SpringJUnit4ClassRunner$1.runReflectiveCall(SpringJUnit4ClassRunner.java:288)
	at org.junit.internal.runners.model.ReflectiveCallable.run(ReflectiveCallable.java:12)
	at org.springframework.test.context.junit4.SpringJUnit4ClassRunner.methodBlock(SpringJUnit4ClassRunner.java:284)
	at org.springframework.test.context.junit4.SpringJUnit4ClassRunner.runChild(SpringJUnit4ClassRunner.java:231)
	at org.springframework.test.context.junit4.SpringJUnit4ClassRunner.runChild(SpringJUnit4ClassRunner.java:88)
	at org.junit.runners.ParentRunner$3.run(ParentRunner.java:238)
	at org.junit.runners.ParentRunner$1.schedule(ParentRunner.java:63)
	at org.junit.runners.ParentRunner.runChildren(ParentRunner.java:236)
	at org.junit.runners.ParentRunner.access$000(ParentRunner.java:53)
	at org.junit.runners.ParentRunner$2.evaluate(ParentRunner.java:229)
	at org.springframework.test.context.junit4.statements.RunBeforeTestClassCallbacks.evaluate(RunBeforeTestClassCallbacks.java:61)
	at org.springframework.test.context.junit4.statements.RunAfterTestClassCallbacks.evaluate(RunAfterTestClassCallbacks.java:71)
	at org.junit.runners.ParentRunner.run(ParentRunner.java:309)
	at org.springframework.test.context.junit4.SpringJUnit4ClassRunner.run(SpringJUnit4ClassRunner.java:174)
	at org.apache.maven.surefire.junit4.JUnit4Provider.execute(JUnit4Provider.java:252)
	at org.apache.maven.surefire.junit4.JUnit4Provider.executeTestSet(JUnit4Provider.java:141)
	at org.apache.maven.surefire.junit4.JUnit4Provider.invoke(JUnit4Provider.java:112)
	at sun.reflect.NativeMethodAccessorImpl.invoke0(Native Method)
	at sun.reflect.NativeMethodAccessorImpl.invoke(NativeMethodAccessorImpl.java:62)
	at sun.reflect.DelegatingMethodAccessorImpl.invoke(DelegatingMethodAccessorImpl.java:43)
	at java.lang.reflect.Method.invoke(Method.java:483)
	at org.apache.maven.surefire.util.ReflectionUtils.invokeMethodWithArray(ReflectionUtils.java:189)
	at org.apache.maven.surefire.booter.ProviderFactory$ProviderProxy.invoke(ProviderFactory.java:165)
	at org.apache.maven.surefire.booter.ProviderFactory.invokeProvider(ProviderFactory.java:85)
	at org.apache.maven.surefire.booter.ForkedBooter.runSuitesInProcess(ForkedBooter.java:115)
	at org.apache.maven.surefire.booter.ForkedBooter.main(ForkedBooter.java:75)
Caused by: org.springframework.beans.factory.BeanCreationException: Error creating bean with name &apos;cardController&apos;: Injection of autowired dependencies failed; nested exception is org.springframework.beans.factory.BeanCreationException: Could not autowire field: com.expeditors.training.course3demo.service.CardService com.expeditors.training.course3demo.controller.CardController.cardService; nested exception is org.springframework.beans.factory.NoSuchBeanDefinitionException: No qualifying bean of type [com.expeditors.training.course3demo.service.CardService] found for dependency: expected at least 1 bean which qualifies as autowire candidate for this dependency. Dependency annotations: {@org.springframework.beans.factory.annotation.Autowired(required=true)}
	at org.springframework.beans.factory.annotation.AutowiredAnnotationBeanPostProcessor.postProcessPropertyValues(AutowiredAnnotationBeanPostProcessor.java:288)
	at org.springframework.beans.factory.support.AbstractAutowireCapableBeanFactory.populateBean(AbstractAutowireCapableBeanFactory.java:1116)
	at org.springframework.beans.factory.support.AbstractAutowireCapableBeanFactory.doCreateBean(AbstractAutowireCapableBeanFactory.java:519)
	at org.springframework.beans.factory.support.AbstractAutowireCapableBeanFactory.createBean(AbstractAutowireCapableBeanFactory.java:458)
	at org.springframework.beans.factory.support.AbstractBeanFactory$1.getObject(AbstractBeanFactory.java:295)
	at org.springframework.beans.factory.support.DefaultSingletonBeanRegistry.getSingleton(DefaultSingletonBeanRegistry.java:223)
	at org.springframework.beans.factory.support.AbstractBeanFactory.doGetBean(AbstractBeanFactory.java:292)
	at org.springframework.beans.factory.support.AbstractBeanFactory.getBean(AbstractBeanFactory.java:194)
	at org.springframework.beans.factory.support.DefaultListableBeanFactory.preInstantiateSingletons(DefaultListableBeanFactory.java:626)
	at org.springframework.context.support.AbstractApplicationContext.finishBeanFactoryInitialization(AbstractApplicationContext.java:932)
	at org.springframework.context.support.AbstractApplicationContext.refresh(AbstractApplicationContext.java:479)
	at org.springframework.test.context.web.AbstractGenericWebContextLoader.loadContext(AbstractGenericWebContextLoader.java:128)
	at org.springframework.test.context.web.AbstractGenericWebContextLoader.loadContext(AbstractGenericWebContextLoader.java:60)
	at org.springframework.test.context.support.AbstractDelegatingSmartContextLoader.delegateLoading(AbstractDelegatingSmartContextLoader.java:100)
	at org.springframework.test.context.support.AbstractDelegatingSmartContextLoader.loadContext(AbstractDelegatingSmartContextLoader.java:248)
	at org.springframework.test.context.CacheAwareContextLoaderDelegate.loadContextInternal(CacheAwareContextLoaderDelegate.java:64)
	at org.springframework.test.context.CacheAwareContextLoaderDelegate.loadContext(CacheAwareContextLoaderDelegate.java:91)
	... 31 more
Caused by: org.springframework.beans.factory.BeanCreationException: Could not autowire field: com.expeditors.training.course3demo.service.CardService com.expeditors.training.course3demo.controller.CardController.cardService; nested exception is org.springframework.beans.factory.NoSuchBeanDefinitionException: No qualifying bean of type [com.expeditors.training.course3demo.service.CardService] found for dependency: expected at least 1 bean which qualifies as autowire candidate for this dependency. Dependency annotations: {@org.springframework.beans.factory.annotation.Autowired(required=true)}
	at org.springframework.beans.factory.annotation.AutowiredAnnotationBeanPostProcessor$AutowiredFieldElement.inject(AutowiredAnnotationBeanPostProcessor.java:514)
	at org.springframework.beans.factory.annotation.InjectionMetadata.inject(InjectionMetadata.java:87)
	at org.springframework.beans.factory.annotation.AutowiredAnnotationBeanPostProcessor.postProcessPropertyValues(AutowiredAnnotationBeanPostProcessor.java:285)
	... 47 more
Caused by: org.springframework.beans.factory.NoSuchBeanDefinitionException: No qualifying bean of type [com.expeditors.training.course3demo.service.CardService] found for dependency: expected at least 1 bean which qualifies as autowire candidate for this dependency. Dependency annotations: {@org.springframework.beans.factory.annotation.Autowired(required=true)}
	at org.springframework.beans.factory.support.DefaultListableBeanFactory.raiseNoSuchBeanDefinitionException(DefaultListableBeanFactory.java:986)
	at org.springframework.beans.factory.support.DefaultListableBeanFactory.doResolveDependency(DefaultListableBeanFactory.java:856)
	at org.springframework.beans.factory.support.DefaultListableBeanFactory.resolveDependency(DefaultListableBeanFactory.java:768)
	at org.springframework.beans.factory.annotation.AutowiredAnnotationBeanPostProcessor$AutowiredFieldElement.inject(AutowiredAnnotationBeanPostProcessor.java:486)
	... 49 more

</system-err>
  </testcase>
</testsuite>